{"/mnt/e/Code/python-deadlines/static/js/about.js": {"path":"/mnt/e/Code/python-deadlines/static/js/about.js","statementMap":{"0":{"start":{"line":2,"column":21},"end":{"line":2,"column":22}},"1":{"start":{"line":3,"column":19},"end":{"line":3,"column":20}},"2":{"start":{"line":4,"column":21},"end":{"line":4,"column":26}},"3":{"start":{"line":7,"column":13},"end":{"line":7,"column":26}},"4":{"start":{"line":8,"column":15},"end":{"line":8,"column":50}},"5":{"start":{"line":9,"column":16},"end":{"line":9,"column":53}},"6":{"start":{"line":10,"column":16},"end":{"line":10,"column":53}},"7":{"start":{"line":11,"column":23},"end":{"line":11,"column":65}},"8":{"start":{"line":12,"column":27},"end":{"line":12,"column":73}},"9":{"start":{"line":13,"column":24},"end":{"line":13,"column":67}},"10":{"start":{"line":14,"column":15},"end":{"line":14,"column":47}},"11":{"start":{"line":17,"column":0},"end":{"line":36,"column":3}},"12":{"start":{"line":19,"column":19},"end":{"line":19,"column":62}},"13":{"start":{"line":20,"column":1},"end":{"line":29,"column":2}},"14":{"start":{"line":21,"column":2},"end":{"line":21,"column":26}},"15":{"start":{"line":24,"column":2},"end":{"line":24,"column":61}},"16":{"start":{"line":24,"column":29},"end":{"line":24,"column":58}},"17":{"start":{"line":27,"column":2},"end":{"line":27,"column":20}},"18":{"start":{"line":28,"column":2},"end":{"line":28,"column":53}},"19":{"start":{"line":32,"column":1},"end":{"line":32,"column":64}},"20":{"start":{"line":33,"column":1},"end":{"line":33,"column":46}},"21":{"start":{"line":34,"column":1},"end":{"line":34,"column":46}},"22":{"start":{"line":35,"column":1},"end":{"line":35,"column":54}},"23":{"start":{"line":40,"column":1},"end":{"line":52,"column":2}},"24":{"start":{"line":41,"column":2},"end":{"line":44,"column":91}},"25":{"start":{"line":43,"column":15},"end":{"line":43,"column":38}},"26":{"start":{"line":44,"column":19},"end":{"line":44,"column":89}},"27":{"start":{"line":46,"column":2},"end":{"line":51,"column":3}},"28":{"start":{"line":47,"column":3},"end":{"line":50,"column":90}},"29":{"start":{"line":49,"column":16},"end":{"line":49,"column":38}},"30":{"start":{"line":50,"column":20},"end":{"line":50,"column":88}},"31":{"start":{"line":57,"column":1},"end":{"line":57,"column":23}},"32":{"start":{"line":58,"column":1},"end":{"line":58,"column":41}},"33":{"start":{"line":59,"column":1},"end":{"line":59,"column":47}},"34":{"start":{"line":60,"column":1},"end":{"line":60,"column":40}},"35":{"start":{"line":61,"column":1},"end":{"line":61,"column":31}},"36":{"start":{"line":64,"column":1},"end":{"line":67,"column":4}},"37":{"start":{"line":65,"column":2},"end":{"line":65,"column":31}},"38":{"start":{"line":66,"column":2},"end":{"line":66,"column":35}},"39":{"start":{"line":70,"column":1},"end":{"line":70,"column":25}},"40":{"start":{"line":73,"column":1},"end":{"line":75,"column":4}},"41":{"start":{"line":74,"column":2},"end":{"line":74,"column":30}},"42":{"start":{"line":80,"column":1},"end":{"line":80,"column":24}},"43":{"start":{"line":81,"column":1},"end":{"line":81,"column":44}},"44":{"start":{"line":82,"column":1},"end":{"line":82,"column":40}},"45":{"start":{"line":83,"column":1},"end":{"line":83,"column":32}},"46":{"start":{"line":86,"column":1},"end":{"line":89,"column":4}},"47":{"start":{"line":87,"column":2},"end":{"line":87,"column":32}},"48":{"start":{"line":88,"column":2},"end":{"line":88,"column":35}},"49":{"start":{"line":92,"column":1},"end":{"line":92,"column":23}},"50":{"start":{"line":95,"column":1},"end":{"line":95,"column":19}},"51":{"start":{"line":100,"column":1},"end":{"line":100,"column":28}},"52":{"start":{"line":100,"column":17},"end":{"line":100,"column":28}},"53":{"start":{"line":101,"column":1},"end":{"line":101,"column":50}},"54":{"start":{"line":101,"column":28},"end":{"line":101,"column":50}},"55":{"start":{"line":103,"column":1},"end":{"line":103,"column":23}},"56":{"start":{"line":105,"column":1},"end":{"line":120,"column":2}},"57":{"start":{"line":107,"column":2},"end":{"line":107,"column":48}},"58":{"start":{"line":110,"column":2},"end":{"line":116,"column":5}},"59":{"start":{"line":111,"column":3},"end":{"line":115,"column":4}},"60":{"start":{"line":112,"column":4},"end":{"line":112,"column":34}},"61":{"start":{"line":114,"column":4},"end":{"line":114,"column":37}},"62":{"start":{"line":119,"column":2},"end":{"line":119,"column":65}},"63":{"start":{"line":125,"column":1},"end":{"line":127,"column":2}},"64":{"start":{"line":126,"column":2},"end":{"line":126,"column":30}},"65":{"start":{"line":131,"column":1},"end":{"line":133,"column":2}},"66":{"start":{"line":132,"column":2},"end":{"line":132,"column":30}},"67":{"start":{"line":138,"column":1},"end":{"line":166,"column":2}},"68":{"start":{"line":139,"column":2},"end":{"line":165,"column":3}},"69":{"start":{"line":144,"column":4},"end":{"line":149,"column":5}},"70":{"start":{"line":145,"column":5},"end":{"line":145,"column":28}},"71":{"start":{"line":146,"column":5},"end":{"line":146,"column":24}},"72":{"start":{"line":148,"column":5},"end":{"line":148,"column":17}},"73":{"start":{"line":150,"column":4},"end":{"line":150,"column":10}},"74":{"start":{"line":153,"column":4},"end":{"line":153,"column":16}},"75":{"start":{"line":154,"column":4},"end":{"line":154,"column":10}},"76":{"start":{"line":156,"column":4},"end":{"line":156,"column":17}},"77":{"start":{"line":157,"column":4},"end":{"line":157,"column":10}},"78":{"start":{"line":159,"column":4},"end":{"line":159,"column":28}},"79":{"start":{"line":160,"column":4},"end":{"line":160,"column":10}},"80":{"start":{"line":162,"column":4},"end":{"line":162,"column":27}},"81":{"start":{"line":163,"column":4},"end":{"line":163,"column":23}},"82":{"start":{"line":164,"column":4},"end":{"line":164,"column":10}},"83":{"start":{"line":171,"column":18},"end":{"line":171,"column":87}},"84":{"start":{"line":173,"column":1},"end":{"line":181,"column":4}},"85":{"start":{"line":174,"column":15},"end":{"line":174,"column":46}},"86":{"start":{"line":175,"column":23},"end":{"line":175,"column":41}},"87":{"start":{"line":178,"column":2},"end":{"line":180,"column":3}},"88":{"start":{"line":179,"column":3},"end":{"line":179,"column":36}}},"fnMap":{"0":{"name":"(anonymous_0)","decl":{"start":{"line":17,"column":46},"end":{"line":17,"column":47}},"loc":{"start":{"line":17,"column":52},"end":{"line":36,"column":1}},"line":17},"1":{"name":"(anonymous_1)","decl":{"start":{"line":24,"column":17},"end":{"line":24,"column":18}},"loc":{"start":{"line":24,"column":29},"end":{"line":24,"column":58}},"line":24},"2":{"name":"toggleFullScreen","decl":{"start":{"line":39,"column":9},"end":{"line":39,"column":25}},"loc":{"start":{"line":39,"column":28},"end":{"line":53,"column":1}},"line":39},"3":{"name":"(anonymous_3)","decl":{"start":{"line":43,"column":9},"end":{"line":43,"column":10}},"loc":{"start":{"line":43,"column":15},"end":{"line":43,"column":38}},"line":43},"4":{"name":"(anonymous_4)","decl":{"start":{"line":44,"column":10},"end":{"line":44,"column":11}},"loc":{"start":{"line":44,"column":19},"end":{"line":44,"column":89}},"line":44},"5":{"name":"(anonymous_5)","decl":{"start":{"line":49,"column":10},"end":{"line":49,"column":11}},"loc":{"start":{"line":49,"column":16},"end":{"line":49,"column":38}},"line":49},"6":{"name":"(anonymous_6)","decl":{"start":{"line":50,"column":11},"end":{"line":50,"column":12}},"loc":{"start":{"line":50,"column":20},"end":{"line":50,"column":88}},"line":50},"7":{"name":"enterPresentationMode","decl":{"start":{"line":56,"column":9},"end":{"line":56,"column":30}},"loc":{"start":{"line":56,"column":33},"end":{"line":76,"column":1}},"line":56},"8":{"name":"(anonymous_8)","decl":{"start":{"line":64,"column":16},"end":{"line":64,"column":17}},"loc":{"start":{"line":64,"column":27},"end":{"line":67,"column":2}},"line":64},"9":{"name":"(anonymous_9)","decl":{"start":{"line":73,"column":79},"end":{"line":73,"column":80}},"loc":{"start":{"line":73,"column":87},"end":{"line":75,"column":2}},"line":73},"10":{"name":"exitPresentationMode","decl":{"start":{"line":79,"column":9},"end":{"line":79,"column":29}},"loc":{"start":{"line":79,"column":32},"end":{"line":96,"column":1}},"line":79},"11":{"name":"(anonymous_11)","decl":{"start":{"line":86,"column":16},"end":{"line":86,"column":17}},"loc":{"start":{"line":86,"column":27},"end":{"line":89,"column":2}},"line":86},"12":{"name":"showSlide","decl":{"start":{"line":99,"column":9},"end":{"line":99,"column":18}},"loc":{"start":{"line":99,"column":27},"end":{"line":121,"column":1}},"line":99},"13":{"name":"(anonymous_13)","decl":{"start":{"line":110,"column":17},"end":{"line":110,"column":18}},"loc":{"start":{"line":110,"column":35},"end":{"line":116,"column":3}},"line":110},"14":{"name":"nextSlide","decl":{"start":{"line":124,"column":9},"end":{"line":124,"column":18}},"loc":{"start":{"line":124,"column":21},"end":{"line":128,"column":1}},"line":124},"15":{"name":"prevSlide","decl":{"start":{"line":130,"column":9},"end":{"line":130,"column":18}},"loc":{"start":{"line":130,"column":21},"end":{"line":134,"column":1}},"line":130},"16":{"name":"handleKeyPress","decl":{"start":{"line":137,"column":9},"end":{"line":137,"column":23}},"loc":{"start":{"line":137,"column":27},"end":{"line":167,"column":1}},"line":137},"17":{"name":"animateOnScroll","decl":{"start":{"line":170,"column":9},"end":{"line":170,"column":24}},"loc":{"start":{"line":170,"column":27},"end":{"line":182,"column":1}},"line":170},"18":{"name":"(anonymous_18)","decl":{"start":{"line":173,"column":18},"end":{"line":173,"column":19}},"loc":{"start":{"line":173,"column":31},"end":{"line":181,"column":2}},"line":173}},"branchMap":{"0":{"loc":{"start":{"line":20,"column":1},"end":{"line":29,"column":2}},"type":"if","locations":[{"start":{"line":20,"column":1},"end":{"line":29,"column":2}},{"start":{"line":22,"column":8},"end":{"line":29,"column":2}}],"line":20},"1":{"loc":{"start":{"line":40,"column":1},"end":{"line":52,"column":2}},"type":"if","locations":[{"start":{"line":40,"column":1},"end":{"line":52,"column":2}},{"start":{"line":45,"column":8},"end":{"line":52,"column":2}}],"line":40},"2":{"loc":{"start":{"line":46,"column":2},"end":{"line":51,"column":3}},"type":"if","locations":[{"start":{"line":46,"column":2},"end":{"line":51,"column":3}},{"start":{},"end":{}}],"line":46},"3":{"loc":{"start":{"line":100,"column":1},"end":{"line":100,"column":28}},"type":"if","locations":[{"start":{"line":100,"column":1},"end":{"line":100,"column":28}},{"start":{},"end":{}}],"line":100},"4":{"loc":{"start":{"line":101,"column":1},"end":{"line":101,"column":50}},"type":"if","locations":[{"start":{"line":101,"column":1},"end":{"line":101,"column":50}},{"start":{},"end":{}}],"line":101},"5":{"loc":{"start":{"line":105,"column":1},"end":{"line":120,"column":2}},"type":"if","locations":[{"start":{"line":105,"column":1},"end":{"line":120,"column":2}},{"start":{},"end":{}}],"line":105},"6":{"loc":{"start":{"line":111,"column":3},"end":{"line":115,"column":4}},"type":"if","locations":[{"start":{"line":111,"column":3},"end":{"line":115,"column":4}},{"start":{"line":113,"column":10},"end":{"line":115,"column":4}}],"line":111},"7":{"loc":{"start":{"line":125,"column":1},"end":{"line":127,"column":2}},"type":"if","locations":[{"start":{"line":125,"column":1},"end":{"line":127,"column":2}},{"start":{},"end":{}}],"line":125},"8":{"loc":{"start":{"line":131,"column":1},"end":{"line":133,"column":2}},"type":"if","locations":[{"start":{"line":131,"column":1},"end":{"line":133,"column":2}},{"start":{},"end":{}}],"line":131},"9":{"loc":{"start":{"line":138,"column":1},"end":{"line":166,"column":2}},"type":"if","locations":[{"start":{"line":138,"column":1},"end":{"line":166,"column":2}},{"start":{},"end":{}}],"line":138},"10":{"loc":{"start":{"line":139,"column":2},"end":{"line":165,"column":3}},"type":"switch","locations":[{"start":{"line":140,"column":3},"end":{"line":140,"column":21}},{"start":{"line":141,"column":3},"end":{"line":141,"column":20}},{"start":{"line":142,"column":3},"end":{"line":142,"column":12}},{"start":{"line":143,"column":3},"end":{"line":150,"column":10}},{"start":{"line":151,"column":3},"end":{"line":151,"column":20}},{"start":{"line":152,"column":3},"end":{"line":154,"column":10}},{"start":{"line":155,"column":3},"end":{"line":157,"column":10}},{"start":{"line":158,"column":3},"end":{"line":160,"column":10}},{"start":{"line":161,"column":3},"end":{"line":164,"column":10}}],"line":139},"11":{"loc":{"start":{"line":144,"column":4},"end":{"line":149,"column":5}},"type":"if","locations":[{"start":{"line":144,"column":4},"end":{"line":149,"column":5}},{"start":{"line":147,"column":11},"end":{"line":149,"column":5}}],"line":144},"12":{"loc":{"start":{"line":178,"column":2},"end":{"line":180,"column":3}},"type":"if","locations":[{"start":{"line":178,"column":2},"end":{"line":180,"column":3}},{"start":{},"end":{}}],"line":178}},"s":{"0":0,"1":0,"2":0,"3":0,"4":0,"5":0,"6":0,"7":0,"8":0,"9":0,"10":0,"11":0,"12":0,"13":0,"14":0,"15":0,"16":0,"17":0,"18":0,"19":0,"20":0,"21":0,"22":0,"23":0,"24":0,"25":0,"26":0,"27":0,"28":0,"29":0,"30":0,"31":0,"32":0,"33":0,"34":0,"35":0,"36":0,"37":0,"38":0,"39":0,"40":0,"41":0,"42":0,"43":0,"44":0,"45":0,"46":0,"47":0,"48":0,"49":0,"50":0,"51":0,"52":0,"53":0,"54":0,"55":0,"56":0,"57":0,"58":0,"59":0,"60":0,"61":0,"62":0,"63":0,"64":0,"65":0,"66":0,"67":0,"68":0,"69":0,"70":0,"71":0,"72":0,"73":0,"74":0,"75":0,"76":0,"77":0,"78":0,"79":0,"80":0,"81":0,"82":0,"83":0,"84":0,"85":0,"86":0,"87":0,"88":0},"f":{"0":0,"1":0,"2":0,"3":0,"4":0,"5":0,"6":0,"7":0,"8":0,"9":0,"10":0,"11":0,"12":0,"13":0,"14":0,"15":0,"16":0,"17":0,"18":0},"b":{"0":[0,0],"1":[0,0],"2":[0,0],"3":[0,0],"4":[0,0],"5":[0,0],"6":[0,0],"7":[0,0],"8":[0,0],"9":[0,0],"10":[0,0,0,0,0,0,0,0,0],"11":[0,0],"12":[0,0]}}
,"/mnt/e/Code/python-deadlines/static/js/action-bar.js": {"path":"/mnt/e/Code/python-deadlines/static/js/action-bar.js","statementMap":{"0":{"start":{"line":5,"column":0},"end":{"line":551,"column":5}},"1":{"start":{"line":8,"column":24},"end":{"line":8,"column":51}},"2":{"start":{"line":9,"column":23},"end":{"line":9,"column":61}},"3":{"start":{"line":10,"column":34},"end":{"line":10,"column":69}},"4":{"start":{"line":11,"column":25},"end":{"line":11,"column":29}},"5":{"start":{"line":12,"column":19},"end":{"line":12,"column":43}},"6":{"start":{"line":16,"column":8},"end":{"line":40,"column":9}},"7":{"start":{"line":18,"column":30},"end":{"line":18,"column":58}},"8":{"start":{"line":19,"column":37},"end":{"line":19,"column":75}},"9":{"start":{"line":20,"column":27},"end":{"line":20,"column":54}},"10":{"start":{"line":23,"column":26},"end":{"line":23,"column":28}},"11":{"start":{"line":24,"column":12},"end":{"line":34,"column":15}},"12":{"start":{"line":25,"column":16},"end":{"line":25,"column":48}},"13":{"start":{"line":27,"column":29},"end":{"line":27,"column":53}},"14":{"start":{"line":28,"column":16},"end":{"line":33,"column":17}},"15":{"start":{"line":29,"column":39},"end":{"line":29,"column":68}},"16":{"start":{"line":30,"column":20},"end":{"line":32,"column":21}},"17":{"start":{"line":31,"column":24},"end":{"line":31,"column":52}},"18":{"start":{"line":36,"column":12},"end":{"line":36,"column":25}},"19":{"start":{"line":38,"column":12},"end":{"line":38,"column":59}},"20":{"start":{"line":39,"column":12},"end":{"line":39,"column":22}},"21":{"start":{"line":45,"column":8},"end":{"line":80,"column":9}},"22":{"start":{"line":47,"column":30},"end":{"line":47,"column":32}},"23":{"start":{"line":48,"column":37},"end":{"line":48,"column":75}},"24":{"start":{"line":50,"column":12},"end":{"line":68,"column":15}},"25":{"start":{"line":51,"column":16},"end":{"line":67,"column":17}},"26":{"start":{"line":52,"column":20},"end":{"line":52,"column":43}},"27":{"start":{"line":55,"column":20},"end":{"line":66,"column":21}},"28":{"start":{"line":56,"column":42},"end":{"line":56,"column":111}},"29":{"start":{"line":57,"column":24},"end":{"line":65,"column":25}},"30":{"start":{"line":58,"column":28},"end":{"line":64,"column":30}},"31":{"start":{"line":71,"column":12},"end":{"line":71,"column":46}},"32":{"start":{"line":72,"column":12},"end":{"line":72,"column":63}},"33":{"start":{"line":75,"column":12},"end":{"line":77,"column":16}},"34":{"start":{"line":79,"column":12},"end":{"line":79,"column":58}},"35":{"start":{"line":85,"column":22},"end":{"line":85,"column":32}},"36":{"start":{"line":87,"column":8},"end":{"line":109,"column":11}},"37":{"start":{"line":88,"column":27},"end":{"line":88,"column":51}},"38":{"start":{"line":89,"column":12},"end":{"line":89,"column":32}},"39":{"start":{"line":89,"column":25},"end":{"line":89,"column":32}},"40":{"start":{"line":91,"column":25},"end":{"line":91,"column":44}},"41":{"start":{"line":94,"column":12},"end":{"line":102,"column":13}},"42":{"start":{"line":95,"column":16},"end":{"line":95,"column":50}},"43":{"start":{"line":96,"column":16},"end":{"line":96,"column":52}},"44":{"start":{"line":97,"column":19},"end":{"line":102,"column":13}},"45":{"start":{"line":98,"column":16},"end":{"line":98,"column":49}},"46":{"start":{"line":99,"column":16},"end":{"line":99,"column":53}},"47":{"start":{"line":101,"column":16},"end":{"line":101,"column":62}},"48":{"start":{"line":105,"column":25},"end":{"line":105,"column":64}},"49":{"start":{"line":106,"column":12},"end":{"line":108,"column":13}},"50":{"start":{"line":107,"column":16},"end":{"line":107,"column":63}},"51":{"start":{"line":112,"column":8},"end":{"line":121,"column":11}},"52":{"start":{"line":113,"column":27},"end":{"line":113,"column":45}},"53":{"start":{"line":114,"column":12},"end":{"line":114,"column":32}},"54":{"start":{"line":114,"column":25},"end":{"line":114,"column":32}},"55":{"start":{"line":116,"column":25},"end":{"line":116,"column":44}},"56":{"start":{"line":117,"column":12},"end":{"line":120,"column":13}},"57":{"start":{"line":118,"column":16},"end":{"line":118,"column":43}},"58":{"start":{"line":119,"column":16},"end":{"line":119,"column":69}},"59":{"start":{"line":125,"column":4},"end":{"line":185,"column":7}},"60":{"start":{"line":127,"column":8},"end":{"line":131,"column":9}},"61":{"start":{"line":128,"column":12},"end":{"line":128,"column":52}},"62":{"start":{"line":129,"column":12},"end":{"line":129,"column":34}},"63":{"start":{"line":130,"column":12},"end":{"line":130,"column":19}},"64":{"start":{"line":134,"column":26},"end":{"line":134,"column":63}},"65":{"start":{"line":135,"column":8},"end":{"line":155,"column":9}},"66":{"start":{"line":136,"column":12},"end":{"line":136,"column":31}},"67":{"start":{"line":137,"column":12},"end":{"line":137,"column":32}},"68":{"start":{"line":139,"column":27},"end":{"line":139,"column":51}},"69":{"start":{"line":140,"column":28},"end":{"line":140,"column":95}},"70":{"start":{"line":142,"column":12},"end":{"line":154,"column":13}},"71":{"start":{"line":144,"column":16},"end":{"line":146,"column":17}},"72":{"start":{"line":145,"column":20},"end":{"line":145,"column":60}},"73":{"start":{"line":149,"column":16},"end":{"line":149,"column":49}},"74":{"start":{"line":150,"column":16},"end":{"line":150,"column":85}},"75":{"start":{"line":153,"column":16},"end":{"line":153,"column":52}},"76":{"start":{"line":158,"column":28},"end":{"line":158,"column":68}},"77":{"start":{"line":159,"column":8},"end":{"line":162,"column":9}},"78":{"start":{"line":160,"column":12},"end":{"line":160,"column":31}},"79":{"start":{"line":161,"column":12},"end":{"line":161,"column":38}},"80":{"start":{"line":165,"column":31},"end":{"line":165,"column":67}},"81":{"start":{"line":166,"column":8},"end":{"line":177,"column":9}},"82":{"start":{"line":167,"column":12},"end":{"line":167,"column":31}},"83":{"start":{"line":168,"column":33},"end":{"line":168,"column":64}},"84":{"start":{"line":169,"column":28},"end":{"line":169,"column":69}},"85":{"start":{"line":170,"column":27},"end":{"line":170,"column":49}},"86":{"start":{"line":171,"column":30},"end":{"line":171,"column":99}},"87":{"start":{"line":172,"column":12},"end":{"line":172,"column":65}},"88":{"start":{"line":175,"column":12},"end":{"line":175,"column":45}},"89":{"start":{"line":176,"column":12},"end":{"line":176,"column":34}},"90":{"start":{"line":180,"column":31},"end":{"line":180,"column":74}},"91":{"start":{"line":181,"column":8},"end":{"line":184,"column":9}},"92":{"start":{"line":182,"column":12},"end":{"line":182,"column":31}},"93":{"start":{"line":183,"column":12},"end":{"line":183,"column":49}},"94":{"start":{"line":189,"column":22},"end":{"line":189,"column":32}},"95":{"start":{"line":190,"column":21},"end":{"line":190,"column":40}},"96":{"start":{"line":192,"column":8},"end":{"line":207,"column":11}},"97":{"start":{"line":193,"column":27},"end":{"line":193,"column":46}},"98":{"start":{"line":194,"column":25},"end":{"line":194,"column":48}},"99":{"start":{"line":196,"column":12},"end":{"line":206,"column":13}},"100":{"start":{"line":197,"column":16},"end":{"line":197,"column":45}},"101":{"start":{"line":198,"column":16},"end":{"line":198,"column":61}},"102":{"start":{"line":198,"column":26},"end":{"line":198,"column":61}},"103":{"start":{"line":199,"column":19},"end":{"line":206,"column":13}},"104":{"start":{"line":200,"column":16},"end":{"line":200,"column":45}},"105":{"start":{"line":201,"column":16},"end":{"line":201,"column":57}},"106":{"start":{"line":201,"column":26},"end":{"line":201,"column":57}},"107":{"start":{"line":202,"column":19},"end":{"line":206,"column":13}},"108":{"start":{"line":203,"column":16},"end":{"line":203,"column":48}},"109":{"start":{"line":204,"column":16},"end":{"line":204,"column":74}},"110":{"start":{"line":204,"column":39},"end":{"line":204,"column":74}},"111":{"start":{"line":205,"column":16},"end":{"line":205,"column":72}},"112":{"start":{"line":205,"column":41},"end":{"line":205,"column":72}},"113":{"start":{"line":212,"column":23},"end":{"line":212,"column":42}},"114":{"start":{"line":213,"column":24},"end":{"line":213,"column":55}},"115":{"start":{"line":214,"column":23},"end":{"line":214,"column":45}},"116":{"start":{"line":215,"column":26},"end":{"line":215,"column":95}},"117":{"start":{"line":217,"column":22},"end":{"line":217,"column":32}},"118":{"start":{"line":218,"column":8},"end":{"line":218,"column":47}},"119":{"start":{"line":218,"column":28},"end":{"line":218,"column":47}},"120":{"start":{"line":220,"column":8},"end":{"line":260,"column":9}},"121":{"start":{"line":221,"column":12},"end":{"line":221,"column":55}},"122":{"start":{"line":224,"column":12},"end":{"line":234,"column":13}},"123":{"start":{"line":225,"column":16},"end":{"line":225,"column":49}},"124":{"start":{"line":226,"column":16},"end":{"line":226,"column":45}},"125":{"start":{"line":227,"column":16},"end":{"line":227,"column":70}},"126":{"start":{"line":229,"column":16},"end":{"line":229,"column":62}},"127":{"start":{"line":230,"column":16},"end":{"line":230,"column":48}},"128":{"start":{"line":231,"column":16},"end":{"line":231,"column":70}},"129":{"start":{"line":233,"column":16},"end":{"line":233,"column":45}},"130":{"start":{"line":235,"column":15},"end":{"line":260,"column":9}},"131":{"start":{"line":236,"column":12},"end":{"line":236,"column":57}},"132":{"start":{"line":239,"column":12},"end":{"line":259,"column":13}},"133":{"start":{"line":240,"column":16},"end":{"line":240,"column":43}},"134":{"start":{"line":241,"column":16},"end":{"line":241,"column":50}},"135":{"start":{"line":242,"column":16},"end":{"line":242,"column":52}},"136":{"start":{"line":243,"column":16},"end":{"line":243,"column":45}},"137":{"start":{"line":244,"column":16},"end":{"line":244,"column":66}},"138":{"start":{"line":247,"column":33},"end":{"line":247,"column":78}},"139":{"start":{"line":248,"column":16},"end":{"line":251,"column":17}},"140":{"start":{"line":249,"column":20},"end":{"line":249,"column":53}},"141":{"start":{"line":250,"column":20},"end":{"line":250,"column":78}},"142":{"start":{"line":253,"column":16},"end":{"line":253,"column":53}},"143":{"start":{"line":254,"column":16},"end":{"line":256,"column":17}},"144":{"start":{"line":255,"column":20},"end":{"line":255,"column":53}},"145":{"start":{"line":257,"column":16},"end":{"line":257,"column":48}},"146":{"start":{"line":258,"column":16},"end":{"line":258,"column":66}},"147":{"start":{"line":262,"column":8},"end":{"line":262,"column":25}},"148":{"start":{"line":265,"column":8},"end":{"line":267,"column":12}},"149":{"start":{"line":272,"column":23},"end":{"line":272,"column":41}},"150":{"start":{"line":273,"column":22},"end":{"line":273,"column":32}},"151":{"start":{"line":275,"column":8},"end":{"line":275,"column":47}},"152":{"start":{"line":275,"column":28},"end":{"line":275,"column":47}},"153":{"start":{"line":276,"column":8},"end":{"line":276,"column":51}},"154":{"start":{"line":278,"column":8},"end":{"line":285,"column":9}},"155":{"start":{"line":279,"column":12},"end":{"line":279,"column":39}},"156":{"start":{"line":280,"column":12},"end":{"line":280,"column":65}},"157":{"start":{"line":282,"column":12},"end":{"line":282,"column":42}},"158":{"start":{"line":283,"column":12},"end":{"line":283,"column":65}},"159":{"start":{"line":284,"column":12},"end":{"line":284,"column":41}},"160":{"start":{"line":287,"column":8},"end":{"line":287,"column":25}},"161":{"start":{"line":290,"column":8},"end":{"line":292,"column":9}},"162":{"start":{"line":291,"column":12},"end":{"line":291,"column":42}},"163":{"start":{"line":298,"column":20},"end":{"line":298,"column":66}},"164":{"start":{"line":299,"column":8},"end":{"line":315,"column":9}},"165":{"start":{"line":300,"column":12},"end":{"line":300,"column":50}},"166":{"start":{"line":301,"column":12},"end":{"line":301,"column":52}},"167":{"start":{"line":302,"column":12},"end":{"line":308,"column":14}},"168":{"start":{"line":309,"column":12},"end":{"line":309,"column":45}},"169":{"start":{"line":312,"column":12},"end":{"line":314,"column":15}},"170":{"start":{"line":313,"column":16},"end":{"line":313,"column":47}},"171":{"start":{"line":318,"column":22},"end":{"line":318,"column":32}},"172":{"start":{"line":319,"column":21},"end":{"line":319,"column":40}},"173":{"start":{"line":320,"column":31},"end":{"line":320,"column":80}},"174":{"start":{"line":322,"column":8},"end":{"line":335,"column":10}},"175":{"start":{"line":338,"column":8},"end":{"line":338,"column":58}},"176":{"start":{"line":338,"column":25},"end":{"line":338,"column":52}},"177":{"start":{"line":342,"column":4},"end":{"line":376,"column":7}},"178":{"start":{"line":343,"column":21},"end":{"line":343,"column":66}},"179":{"start":{"line":344,"column":8},"end":{"line":375,"column":9}},"180":{"start":{"line":345,"column":12},"end":{"line":345,"column":31}},"181":{"start":{"line":346,"column":27},"end":{"line":346,"column":46}},"182":{"start":{"line":347,"column":27},"end":{"line":347,"column":46}},"183":{"start":{"line":349,"column":12},"end":{"line":374,"column":13}},"184":{"start":{"line":351,"column":16},"end":{"line":351,"column":50}},"185":{"start":{"line":354,"column":30},"end":{"line":354,"column":40}},"186":{"start":{"line":355,"column":16},"end":{"line":355,"column":55}},"187":{"start":{"line":355,"column":36},"end":{"line":355,"column":55}},"188":{"start":{"line":357,"column":16},"end":{"line":362,"column":17}},"189":{"start":{"line":358,"column":20},"end":{"line":358,"column":63}},"190":{"start":{"line":359,"column":23},"end":{"line":362,"column":17}},"191":{"start":{"line":360,"column":20},"end":{"line":360,"column":65}},"192":{"start":{"line":361,"column":20},"end":{"line":361,"column":73}},"193":{"start":{"line":361,"column":46},"end":{"line":361,"column":73}},"194":{"start":{"line":364,"column":16},"end":{"line":364,"column":33}},"195":{"start":{"line":367,"column":16},"end":{"line":367,"column":39}},"196":{"start":{"line":370,"column":30},"end":{"line":370,"column":76}},"197":{"start":{"line":371,"column":16},"end":{"line":373,"column":17}},"198":{"start":{"line":372,"column":20},"end":{"line":372,"column":50}},"199":{"start":{"line":380,"column":23},"end":{"line":380,"column":84}},"200":{"start":{"line":381,"column":25},"end":{"line":381,"column":78}},"201":{"start":{"line":382,"column":24},"end":{"line":382,"column":68}},"202":{"start":{"line":383,"column":26},"end":{"line":383,"column":70}},"203":{"start":{"line":386,"column":26},"end":{"line":386,"column":66}},"204":{"start":{"line":387,"column":26},"end":{"line":387,"column":78}},"205":{"start":{"line":390,"column":29},"end":{"line":396,"column":9}},"206":{"start":{"line":398,"column":26},"end":{"line":398,"column":28}},"207":{"start":{"line":400,"column":8},"end":{"line":419,"column":9}},"208":{"start":{"line":402,"column":16},"end":{"line":402,"column":288}},"209":{"start":{"line":403,"column":16},"end":{"line":403,"column":51}},"210":{"start":{"line":404,"column":16},"end":{"line":404,"column":22}},"211":{"start":{"line":407,"column":16},"end":{"line":407,"column":289}},"212":{"start":{"line":408,"column":16},"end":{"line":408,"column":51}},"213":{"start":{"line":409,"column":16},"end":{"line":409,"column":22}},"214":{"start":{"line":413,"column":16},"end":{"line":413,"column":46}},"215":{"start":{"line":414,"column":16},"end":{"line":414,"column":22}},"216":{"start":{"line":417,"column":16},"end":{"line":417,"column":46}},"217":{"start":{"line":418,"column":16},"end":{"line":418,"column":22}},"218":{"start":{"line":422,"column":8},"end":{"line":422,"column":63}},"219":{"start":{"line":427,"column":27},"end":{"line":439,"column":14}},"220":{"start":{"line":441,"column":21},"end":{"line":441,"column":70}},"221":{"start":{"line":442,"column":20},"end":{"line":442,"column":45}},"222":{"start":{"line":443,"column":21},"end":{"line":443,"column":48}},"223":{"start":{"line":444,"column":8},"end":{"line":444,"column":24}},"224":{"start":{"line":445,"column":8},"end":{"line":445,"column":80}},"225":{"start":{"line":446,"column":8},"end":{"line":446,"column":40}},"226":{"start":{"line":447,"column":8},"end":{"line":447,"column":21}},"227":{"start":{"line":448,"column":8},"end":{"line":448,"column":40}},"228":{"start":{"line":449,"column":8},"end":{"line":449,"column":33}},"229":{"start":{"line":454,"column":24},"end":{"line":454,"column":53}},"230":{"start":{"line":455,"column":8},"end":{"line":455,"column":35}},"231":{"start":{"line":456,"column":24},"end":{"line":456,"column":66}},"232":{"start":{"line":457,"column":8},"end":{"line":457,"column":198}},"233":{"start":{"line":458,"column":8},"end":{"line":458,"column":43}},"234":{"start":{"line":459,"column":8},"end":{"line":462,"column":17}},"235":{"start":{"line":460,"column":12},"end":{"line":460,"column":59}},"236":{"start":{"line":461,"column":12},"end":{"line":461,"column":52}},"237":{"start":{"line":461,"column":29},"end":{"line":461,"column":45}},"238":{"start":{"line":467,"column":22},"end":{"line":467,"column":68}},"239":{"start":{"line":468,"column":8},"end":{"line":468,"column":27}},"240":{"start":{"line":468,"column":20},"end":{"line":468,"column":27}},"241":{"start":{"line":470,"column":31},"end":{"line":470,"column":80}},"242":{"start":{"line":471,"column":26},"end":{"line":471,"column":95}},"243":{"start":{"line":473,"column":8},"end":{"line":494,"column":10}},"244":{"start":{"line":497,"column":24},"end":{"line":497,"column":81}},"245":{"start":{"line":498,"column":8},"end":{"line":501,"column":11}},"246":{"start":{"line":499,"column":12},"end":{"line":499,"column":31}},"247":{"start":{"line":500,"column":12},"end":{"line":500,"column":42}},"248":{"start":{"line":504,"column":8},"end":{"line":511,"column":11}},"249":{"start":{"line":505,"column":12},"end":{"line":510,"column":15}},"250":{"start":{"line":506,"column":16},"end":{"line":506,"column":35}},"251":{"start":{"line":507,"column":37},"end":{"line":507,"column":83}},"252":{"start":{"line":508,"column":16},"end":{"line":508,"column":69}},"253":{"start":{"line":509,"column":16},"end":{"line":509,"column":47}},"254":{"start":{"line":515,"column":4},"end":{"line":521,"column":7}},"255":{"start":{"line":516,"column":26},"end":{"line":516,"column":77}},"256":{"start":{"line":517,"column":8},"end":{"line":520,"column":9}},"257":{"start":{"line":518,"column":12},"end":{"line":518,"column":31}},"258":{"start":{"line":519,"column":12},"end":{"line":519,"column":30}},"259":{"start":{"line":525,"column":4},"end":{"line":530,"column":7}},"260":{"start":{"line":526,"column":8},"end":{"line":526,"column":36}},"261":{"start":{"line":527,"column":8},"end":{"line":529,"column":16}},"262":{"start":{"line":528,"column":12},"end":{"line":528,"column":48}},"263":{"start":{"line":533,"column":4},"end":{"line":537,"column":5}},"264":{"start":{"line":534,"column":8},"end":{"line":534,"column":76}},"265":{"start":{"line":536,"column":8},"end":{"line":536,"column":31}},"266":{"start":{"line":540,"column":4},"end":{"line":550,"column":6}},"267":{"start":{"line":543,"column":26},"end":{"line":543,"column":36}},"268":{"start":{"line":544,"column":12},"end":{"line":544,"column":49}},"269":{"start":{"line":547,"column":26},"end":{"line":547,"column":36}},"270":{"start":{"line":548,"column":12},"end":{"line":548,"column":69}},"271":{"start":{"line":548,"column":51},"end":{"line":548,"column":67}}},"fnMap":{"0":{"name":"(anonymous_0)","decl":{"start":{"line":5,"column":1},"end":{"line":5,"column":2}},"loc":{"start":{"line":5,"column":12},"end":{"line":551,"column":1}},"line":5},"1":{"name":"getPrefs","decl":{"start":{"line":15,"column":13},"end":{"line":15,"column":21}},"loc":{"start":{"line":15,"column":24},"end":{"line":41,"column":5}},"line":15},"2":{"name":"(anonymous_2)","decl":{"start":{"line":24,"column":30},"end":{"line":24,"column":31}},"loc":{"start":{"line":24,"column":40},"end":{"line":34,"column":13}},"line":24},"3":{"name":"savePrefs","decl":{"start":{"line":44,"column":13},"end":{"line":44,"column":22}},"loc":{"start":{"line":44,"column":30},"end":{"line":81,"column":5}},"line":44},"4":{"name":"(anonymous_4)","decl":{"start":{"line":50,"column":39},"end":{"line":50,"column":40}},"loc":{"start":{"line":50,"column":49},"end":{"line":68,"column":13}},"line":50},"5":{"name":"initializeIndicators","decl":{"start":{"line":84,"column":13},"end":{"line":84,"column":33}},"loc":{"start":{"line":84,"column":36},"end":{"line":122,"column":5}},"line":84},"6":{"name":"(anonymous_6)","decl":{"start":{"line":87,"column":63},"end":{"line":87,"column":64}},"loc":{"start":{"line":87,"column":76},"end":{"line":109,"column":9}},"line":87},"7":{"name":"(anonymous_7)","decl":{"start":{"line":112,"column":69},"end":{"line":112,"column":70}},"loc":{"start":{"line":112,"column":76},"end":{"line":121,"column":9}},"line":112},"8":{"name":"(anonymous_8)","decl":{"start":{"line":125,"column":39},"end":{"line":125,"column":40}},"loc":{"start":{"line":125,"column":51},"end":{"line":185,"column":5}},"line":125},"9":{"name":"updatePopoverState","decl":{"start":{"line":188,"column":13},"end":{"line":188,"column":31}},"loc":{"start":{"line":188,"column":49},"end":{"line":208,"column":5}},"line":188},"10":{"name":"(anonymous_10)","decl":{"start":{"line":192,"column":65},"end":{"line":192,"column":66}},"loc":{"start":{"line":192,"column":73},"end":{"line":207,"column":9}},"line":192},"11":{"name":"handleAction","decl":{"start":{"line":211,"column":13},"end":{"line":211,"column":25}},"loc":{"start":{"line":211,"column":32},"end":{"line":268,"column":5}},"line":211},"12":{"name":"handleMobileBookmark","decl":{"start":{"line":271,"column":13},"end":{"line":271,"column":33}},"loc":{"start":{"line":271,"column":39},"end":{"line":293,"column":5}},"line":271},"13":{"name":"showMobileActionSheet","decl":{"start":{"line":296,"column":13},"end":{"line":296,"column":34}},"loc":{"start":{"line":296,"column":43},"end":{"line":339,"column":5}},"line":296},"14":{"name":"(anonymous_14)","decl":{"start":{"line":312,"column":88},"end":{"line":312,"column":89}},"loc":{"start":{"line":312,"column":94},"end":{"line":314,"column":13}},"line":312},"15":{"name":"(anonymous_15)","decl":{"start":{"line":338,"column":19},"end":{"line":338,"column":20}},"loc":{"start":{"line":338,"column":25},"end":{"line":338,"column":52}},"line":338},"16":{"name":"(anonymous_16)","decl":{"start":{"line":342,"column":39},"end":{"line":342,"column":40}},"loc":{"start":{"line":342,"column":51},"end":{"line":376,"column":5}},"line":342},"17":{"name":"generateCalendarLinks","decl":{"start":{"line":379,"column":13},"end":{"line":379,"column":34}},"loc":{"start":{"line":379,"column":69},"end":{"line":423,"column":5}},"line":379},"18":{"name":"generateICSFile","decl":{"start":{"line":426,"column":13},"end":{"line":426,"column":28}},"loc":{"start":{"line":426,"column":43},"end":{"line":450,"column":5}},"line":426},"19":{"name":"showNotification","decl":{"start":{"line":453,"column":13},"end":{"line":453,"column":29}},"loc":{"start":{"line":453,"column":51},"end":{"line":463,"column":5}},"line":453},"20":{"name":"(anonymous_20)","decl":{"start":{"line":459,"column":19},"end":{"line":459,"column":20}},"loc":{"start":{"line":459,"column":25},"end":{"line":462,"column":9}},"line":459},"21":{"name":"(anonymous_21)","decl":{"start":{"line":461,"column":23},"end":{"line":461,"column":24}},"loc":{"start":{"line":461,"column":29},"end":{"line":461,"column":45}},"line":461},"22":{"name":"showMobileCalendarOptions","decl":{"start":{"line":466,"column":13},"end":{"line":466,"column":38}},"loc":{"start":{"line":466,"column":47},"end":{"line":512,"column":5}},"line":466},"23":{"name":"(anonymous_23)","decl":{"start":{"line":498,"column":42},"end":{"line":498,"column":43}},"loc":{"start":{"line":498,"column":49},"end":{"line":501,"column":9}},"line":498},"24":{"name":"(anonymous_24)","decl":{"start":{"line":504,"column":78},"end":{"line":504,"column":79}},"loc":{"start":{"line":504,"column":88},"end":{"line":511,"column":9}},"line":504},"25":{"name":"(anonymous_25)","decl":{"start":{"line":505,"column":45},"end":{"line":505,"column":46}},"loc":{"start":{"line":505,"column":52},"end":{"line":510,"column":13}},"line":505},"26":{"name":"(anonymous_26)","decl":{"start":{"line":515,"column":41},"end":{"line":515,"column":42}},"loc":{"start":{"line":515,"column":53},"end":{"line":521,"column":5}},"line":515},"27":{"name":"(anonymous_27)","decl":{"start":{"line":525,"column":38},"end":{"line":525,"column":39}},"loc":{"start":{"line":525,"column":49},"end":{"line":530,"column":5}},"line":525},"28":{"name":"(anonymous_28)","decl":{"start":{"line":527,"column":35},"end":{"line":527,"column":36}},"loc":{"start":{"line":527,"column":41},"end":{"line":529,"column":9}},"line":527},"29":{"name":"(anonymous_29)","decl":{"start":{"line":542,"column":27},"end":{"line":542,"column":28}},"loc":{"start":{"line":542,"column":44},"end":{"line":545,"column":9}},"line":542},"30":{"name":"(anonymous_30)","decl":{"start":{"line":546,"column":27},"end":{"line":546,"column":28}},"loc":{"start":{"line":546,"column":38},"end":{"line":549,"column":9}},"line":546},"31":{"name":"(anonymous_31)","decl":{"start":{"line":548,"column":45},"end":{"line":548,"column":46}},"loc":{"start":{"line":548,"column":51},"end":{"line":548,"column":67}},"line":548}},"branchMap":{"0":{"loc":{"start":{"line":18,"column":30},"end":{"line":18,"column":58}},"type":"binary-expr","locations":[{"start":{"line":18,"column":30},"end":{"line":18,"column":52}},{"start":{"line":18,"column":56},"end":{"line":18,"column":58}}],"line":18},"1":{"loc":{"start":{"line":19,"column":37},"end":{"line":19,"column":75}},"type":"binary-expr","locations":[{"start":{"line":19,"column":37},"end":{"line":19,"column":69}},{"start":{"line":19,"column":73},"end":{"line":19,"column":75}}],"line":19},"2":{"loc":{"start":{"line":20,"column":27},"end":{"line":20,"column":54}},"type":"binary-expr","locations":[{"start":{"line":20,"column":27},"end":{"line":20,"column":48}},{"start":{"line":20,"column":52},"end":{"line":20,"column":54}}],"line":20},"3":{"loc":{"start":{"line":28,"column":16},"end":{"line":33,"column":17}},"type":"if","locations":[{"start":{"line":28,"column":16},"end":{"line":33,"column":17}},{"start":{},"end":{}}],"line":28},"4":{"loc":{"start":{"line":28,"column":20},"end":{"line":28,"column":43}},"type":"binary-expr","locations":[{"start":{"line":28,"column":20},"end":{"line":28,"column":24}},{"start":{"line":28,"column":28},"end":{"line":28,"column":43}}],"line":28},"5":{"loc":{"start":{"line":30,"column":20},"end":{"line":32,"column":21}},"type":"if","locations":[{"start":{"line":30,"column":20},"end":{"line":32,"column":21}},{"start":{},"end":{}}],"line":30},"6":{"loc":{"start":{"line":48,"column":37},"end":{"line":48,"column":75}},"type":"binary-expr","locations":[{"start":{"line":48,"column":37},"end":{"line":48,"column":69}},{"start":{"line":48,"column":73},"end":{"line":48,"column":75}}],"line":48},"7":{"loc":{"start":{"line":51,"column":16},"end":{"line":67,"column":17}},"type":"if","locations":[{"start":{"line":51,"column":16},"end":{"line":67,"column":17}},{"start":{},"end":{}}],"line":51},"8":{"loc":{"start":{"line":55,"column":20},"end":{"line":66,"column":21}},"type":"if","locations":[{"start":{"line":55,"column":20},"end":{"line":66,"column":21}},{"start":{},"end":{}}],"line":55},"9":{"loc":{"start":{"line":57,"column":24},"end":{"line":65,"column":25}},"type":"if","locations":[{"start":{"line":57,"column":24},"end":{"line":65,"column":25}},{"start":{},"end":{}}],"line":57},"10":{"loc":{"start":{"line":60,"column":38},"end":{"line":60,"column":74}},"type":"binary-expr","locations":[{"start":{"line":60,"column":38},"end":{"line":60,"column":64}},{"start":{"line":60,"column":68},"end":{"line":60,"column":74}}],"line":60},"11":{"loc":{"start":{"line":89,"column":12},"end":{"line":89,"column":32}},"type":"if","locations":[{"start":{"line":89,"column":12},"end":{"line":89,"column":32}},{"start":{},"end":{}}],"line":89},"12":{"loc":{"start":{"line":91,"column":25},"end":{"line":91,"column":44}},"type":"binary-expr","locations":[{"start":{"line":91,"column":25},"end":{"line":91,"column":38}},{"start":{"line":91,"column":42},"end":{"line":91,"column":44}}],"line":91},"13":{"loc":{"start":{"line":94,"column":12},"end":{"line":102,"column":13}},"type":"if","locations":[{"start":{"line":94,"column":12},"end":{"line":102,"column":13}},{"start":{"line":97,"column":19},"end":{"line":102,"column":13}}],"line":94},"14":{"loc":{"start":{"line":94,"column":16},"end":{"line":94,"column":41}},"type":"binary-expr","locations":[{"start":{"line":94,"column":16},"end":{"line":94,"column":26}},{"start":{"line":94,"column":30},"end":{"line":94,"column":41}}],"line":94},"15":{"loc":{"start":{"line":97,"column":19},"end":{"line":102,"column":13}},"type":"if","locations":[{"start":{"line":97,"column":19},"end":{"line":102,"column":13}},{"start":{"line":100,"column":19},"end":{"line":102,"column":13}}],"line":97},"16":{"loc":{"start":{"line":106,"column":12},"end":{"line":108,"column":13}},"type":"if","locations":[{"start":{"line":106,"column":12},"end":{"line":108,"column":13}},{"start":{},"end":{}}],"line":106},"17":{"loc":{"start":{"line":106,"column":16},"end":{"line":106,"column":34}},"type":"binary-expr","locations":[{"start":{"line":106,"column":16},"end":{"line":106,"column":20}},{"start":{"line":106,"column":24},"end":{"line":106,"column":34}}],"line":106},"18":{"loc":{"start":{"line":114,"column":12},"end":{"line":114,"column":32}},"type":"if","locations":[{"start":{"line":114,"column":12},"end":{"line":114,"column":32}},{"start":{},"end":{}}],"line":114},"19":{"loc":{"start":{"line":116,"column":25},"end":{"line":116,"column":44}},"type":"binary-expr","locations":[{"start":{"line":116,"column":25},"end":{"line":116,"column":38}},{"start":{"line":116,"column":42},"end":{"line":116,"column":44}}],"line":116},"20":{"loc":{"start":{"line":117,"column":12},"end":{"line":120,"column":13}},"type":"if","locations":[{"start":{"line":117,"column":12},"end":{"line":120,"column":13}},{"start":{},"end":{}}],"line":117},"21":{"loc":{"start":{"line":127,"column":8},"end":{"line":131,"column":9}},"type":"if","locations":[{"start":{"line":127,"column":8},"end":{"line":131,"column":9}},{"start":{},"end":{}}],"line":127},"22":{"loc":{"start":{"line":127,"column":12},"end":{"line":127,"column":108}},"type":"binary-expr","locations":[{"start":{"line":127,"column":12},"end":{"line":127,"column":26}},{"start":{"line":127,"column":30},"end":{"line":127,"column":68}},{"start":{"line":127,"column":72},"end":{"line":127,"column":108}}],"line":127},"23":{"loc":{"start":{"line":135,"column":8},"end":{"line":155,"column":9}},"type":"if","locations":[{"start":{"line":135,"column":8},"end":{"line":155,"column":9}},{"start":{},"end":{}}],"line":135},"24":{"loc":{"start":{"line":142,"column":12},"end":{"line":154,"column":13}},"type":"if","locations":[{"start":{"line":142,"column":12},"end":{"line":154,"column":13}},{"start":{},"end":{}}],"line":142},"25":{"loc":{"start":{"line":144,"column":16},"end":{"line":146,"column":17}},"type":"if","locations":[{"start":{"line":144,"column":16},"end":{"line":146,"column":17}},{"start":{},"end":{}}],"line":144},"26":{"loc":{"start":{"line":144,"column":20},"end":{"line":144,"column":64}},"type":"binary-expr","locations":[{"start":{"line":144,"column":20},"end":{"line":144,"column":34}},{"start":{"line":144,"column":38},"end":{"line":144,"column":64}}],"line":144},"27":{"loc":{"start":{"line":150,"column":33},"end":{"line":150,"column":84}},"type":"cond-expr","locations":[{"start":{"line":150,"column":70},"end":{"line":150,"column":77}},{"start":{"line":150,"column":80},"end":{"line":150,"column":84}}],"line":150},"28":{"loc":{"start":{"line":159,"column":8},"end":{"line":162,"column":9}},"type":"if","locations":[{"start":{"line":159,"column":8},"end":{"line":162,"column":9}},{"start":{},"end":{}}],"line":159},"29":{"loc":{"start":{"line":159,"column":12},"end":{"line":159,"column":85}},"type":"binary-expr","locations":[{"start":{"line":159,"column":12},"end":{"line":159,"column":23}},{"start":{"line":159,"column":27},"end":{"line":159,"column":85}}],"line":159},"30":{"loc":{"start":{"line":166,"column":8},"end":{"line":177,"column":9}},"type":"if","locations":[{"start":{"line":166,"column":8},"end":{"line":177,"column":9}},{"start":{},"end":{}}],"line":166},"31":{"loc":{"start":{"line":181,"column":8},"end":{"line":184,"column":9}},"type":"if","locations":[{"start":{"line":181,"column":8},"end":{"line":184,"column":9}},{"start":{},"end":{}}],"line":181},"32":{"loc":{"start":{"line":190,"column":21},"end":{"line":190,"column":40}},"type":"binary-expr","locations":[{"start":{"line":190,"column":21},"end":{"line":190,"column":34}},{"start":{"line":190,"column":38},"end":{"line":190,"column":40}}],"line":190},"33":{"loc":{"start":{"line":196,"column":12},"end":{"line":206,"column":13}},"type":"if","locations":[{"start":{"line":196,"column":12},"end":{"line":206,"column":13}},{"start":{"line":199,"column":19},"end":{"line":206,"column":13}}],"line":196},"34":{"loc":{"start":{"line":196,"column":16},"end":{"line":196,"column":47}},"type":"binary-expr","locations":[{"start":{"line":196,"column":16},"end":{"line":196,"column":33}},{"start":{"line":196,"column":37},"end":{"line":196,"column":47}}],"line":196},"35":{"loc":{"start":{"line":198,"column":16},"end":{"line":198,"column":61}},"type":"if","locations":[{"start":{"line":198,"column":16},"end":{"line":198,"column":61}},{"start":{},"end":{}}],"line":198},"36":{"loc":{"start":{"line":199,"column":19},"end":{"line":206,"column":13}},"type":"if","locations":[{"start":{"line":199,"column":19},"end":{"line":206,"column":13}},{"start":{"line":202,"column":19},"end":{"line":206,"column":13}}],"line":199},"37":{"loc":{"start":{"line":199,"column":23},"end":{"line":199,"column":57}},"type":"binary-expr","locations":[{"start":{"line":199,"column":23},"end":{"line":199,"column":42}},{"start":{"line":199,"column":46},"end":{"line":199,"column":57}}],"line":199},"38":{"loc":{"start":{"line":201,"column":16},"end":{"line":201,"column":57}},"type":"if","locations":[{"start":{"line":201,"column":16},"end":{"line":201,"column":57}},{"start":{},"end":{}}],"line":201},"39":{"loc":{"start":{"line":202,"column":19},"end":{"line":206,"column":13}},"type":"if","locations":[{"start":{"line":202,"column":19},"end":{"line":206,"column":13}},{"start":{},"end":{}}],"line":202},"40":{"loc":{"start":{"line":204,"column":16},"end":{"line":204,"column":74}},"type":"if","locations":[{"start":{"line":204,"column":16},"end":{"line":204,"column":74}},{"start":{},"end":{}}],"line":204},"41":{"loc":{"start":{"line":205,"column":16},"end":{"line":205,"column":72}},"type":"if","locations":[{"start":{"line":205,"column":16},"end":{"line":205,"column":72}},{"start":{},"end":{}}],"line":205},"42":{"loc":{"start":{"line":218,"column":8},"end":{"line":218,"column":47}},"type":"if","locations":[{"start":{"line":218,"column":8},"end":{"line":218,"column":47}},{"start":{},"end":{}}],"line":218},"43":{"loc":{"start":{"line":220,"column":8},"end":{"line":260,"column":9}},"type":"if","locations":[{"start":{"line":220,"column":8},"end":{"line":260,"column":9}},{"start":{"line":235,"column":15},"end":{"line":260,"column":9}}],"line":220},"44":{"loc":{"start":{"line":224,"column":12},"end":{"line":234,"column":13}},"type":"if","locations":[{"start":{"line":224,"column":12},"end":{"line":234,"column":13}},{"start":{"line":228,"column":19},"end":{"line":234,"column":13}}],"line":224},"45":{"loc":{"start":{"line":235,"column":15},"end":{"line":260,"column":9}},"type":"if","locations":[{"start":{"line":235,"column":15},"end":{"line":260,"column":9}},{"start":{},"end":{}}],"line":235},"46":{"loc":{"start":{"line":239,"column":12},"end":{"line":259,"column":13}},"type":"if","locations":[{"start":{"line":239,"column":12},"end":{"line":259,"column":13}},{"start":{"line":252,"column":19},"end":{"line":259,"column":13}}],"line":239},"47":{"loc":{"start":{"line":248,"column":16},"end":{"line":251,"column":17}},"type":"if","locations":[{"start":{"line":248,"column":16},"end":{"line":251,"column":17}},{"start":{},"end":{}}],"line":248},"48":{"loc":{"start":{"line":254,"column":16},"end":{"line":256,"column":17}},"type":"if","locations":[{"start":{"line":254,"column":16},"end":{"line":256,"column":17}},{"start":{},"end":{}}],"line":254},"49":{"loc":{"start":{"line":275,"column":8},"end":{"line":275,"column":47}},"type":"if","locations":[{"start":{"line":275,"column":8},"end":{"line":275,"column":47}},{"start":{},"end":{}}],"line":275},"50":{"loc":{"start":{"line":278,"column":8},"end":{"line":285,"column":9}},"type":"if","locations":[{"start":{"line":278,"column":8},"end":{"line":285,"column":9}},{"start":{"line":281,"column":15},"end":{"line":285,"column":9}}],"line":278},"51":{"loc":{"start":{"line":290,"column":8},"end":{"line":292,"column":9}},"type":"if","locations":[{"start":{"line":290,"column":8},"end":{"line":292,"column":9}},{"start":{},"end":{}}],"line":290},"52":{"loc":{"start":{"line":290,"column":12},"end":{"line":290,"column":43}},"type":"binary-expr","locations":[{"start":{"line":290,"column":12},"end":{"line":290,"column":31}},{"start":{"line":290,"column":35},"end":{"line":290,"column":43}}],"line":290},"53":{"loc":{"start":{"line":299,"column":8},"end":{"line":315,"column":9}},"type":"if","locations":[{"start":{"line":299,"column":8},"end":{"line":315,"column":9}},{"start":{},"end":{}}],"line":299},"54":{"loc":{"start":{"line":319,"column":21},"end":{"line":319,"column":40}},"type":"binary-expr","locations":[{"start":{"line":319,"column":21},"end":{"line":319,"column":34}},{"start":{"line":319,"column":38},"end":{"line":319,"column":40}}],"line":319},"55":{"loc":{"start":{"line":323,"column":58},"end":{"line":323,"column":84}},"type":"cond-expr","locations":[{"start":{"line":323,"column":71},"end":{"line":323,"column":79}},{"start":{"line":323,"column":82},"end":{"line":323,"column":84}}],"line":323},"56":{"loc":{"start":{"line":324,"column":28},"end":{"line":324,"column":54}},"type":"cond-expr","locations":[{"start":{"line":324,"column":41},"end":{"line":324,"column":46}},{"start":{"line":324,"column":49},"end":{"line":324,"column":54}}],"line":324},"57":{"loc":{"start":{"line":327,"column":58},"end":{"line":327,"column":85}},"type":"cond-expr","locations":[{"start":{"line":327,"column":72},"end":{"line":327,"column":80}},{"start":{"line":327,"column":83},"end":{"line":327,"column":85}}],"line":327},"58":{"loc":{"start":{"line":328,"column":28},"end":{"line":328,"column":55}},"type":"cond-expr","locations":[{"start":{"line":328,"column":42},"end":{"line":328,"column":47}},{"start":{"line":328,"column":50},"end":{"line":328,"column":55}}],"line":328},"59":{"loc":{"start":{"line":344,"column":8},"end":{"line":375,"column":9}},"type":"if","locations":[{"start":{"line":344,"column":8},"end":{"line":375,"column":9}},{"start":{},"end":{}}],"line":344},"60":{"loc":{"start":{"line":349,"column":12},"end":{"line":374,"column":13}},"type":"if","locations":[{"start":{"line":349,"column":12},"end":{"line":374,"column":13}},{"start":{"line":352,"column":19},"end":{"line":374,"column":13}}],"line":349},"61":{"loc":{"start":{"line":355,"column":16},"end":{"line":355,"column":55}},"type":"if","locations":[{"start":{"line":355,"column":16},"end":{"line":355,"column":55}},{"start":{},"end":{}}],"line":355},"62":{"loc":{"start":{"line":357,"column":16},"end":{"line":362,"column":17}},"type":"if","locations":[{"start":{"line":357,"column":16},"end":{"line":362,"column":17}},{"start":{"line":359,"column":23},"end":{"line":362,"column":17}}],"line":357},"63":{"loc":{"start":{"line":359,"column":23},"end":{"line":362,"column":17}},"type":"if","locations":[{"start":{"line":359,"column":23},"end":{"line":362,"column":17}},{"start":{},"end":{}}],"line":359},"64":{"loc":{"start":{"line":361,"column":20},"end":{"line":361,"column":73}},"type":"if","locations":[{"start":{"line":361,"column":20},"end":{"line":361,"column":73}},{"start":{},"end":{}}],"line":361},"65":{"loc":{"start":{"line":371,"column":16},"end":{"line":373,"column":17}},"type":"if","locations":[{"start":{"line":371,"column":16},"end":{"line":373,"column":17}},{"start":{},"end":{}}],"line":371},"66":{"loc":{"start":{"line":380,"column":23},"end":{"line":380,"column":84}},"type":"cond-expr","locations":[{"start":{"line":380,"column":35},"end":{"line":380,"column":59}},{"start":{"line":380,"column":62},"end":{"line":380,"column":84}}],"line":380},"67":{"loc":{"start":{"line":381,"column":25},"end":{"line":381,"column":78}},"type":"cond-expr","locations":[{"start":{"line":381,"column":37},"end":{"line":381,"column":63}},{"start":{"line":381,"column":66},"end":{"line":381,"column":78}}],"line":381},"68":{"loc":{"start":{"line":382,"column":24},"end":{"line":382,"column":68}},"type":"cond-expr","locations":[{"start":{"line":382,"column":36},"end":{"line":382,"column":61}},{"start":{"line":382,"column":64},"end":{"line":382,"column":68}}],"line":382},"69":{"loc":{"start":{"line":383,"column":26},"end":{"line":383,"column":70}},"type":"cond-expr","locations":[{"start":{"line":383,"column":38},"end":{"line":383,"column":65}},{"start":{"line":383,"column":68},"end":{"line":383,"column":70}}],"line":383},"70":{"loc":{"start":{"line":386,"column":26},"end":{"line":386,"column":66}},"type":"cond-expr","locations":[{"start":{"line":386,"column":36},"end":{"line":386,"column":53}},{"start":{"line":386,"column":56},"end":{"line":386,"column":66}}],"line":386},"71":{"loc":{"start":{"line":400,"column":8},"end":{"line":419,"column":9}},"type":"switch","locations":[{"start":{"line":401,"column":12},"end":{"line":404,"column":22}},{"start":{"line":406,"column":12},"end":{"line":409,"column":22}},{"start":{"line":411,"column":12},"end":{"line":414,"column":22}},{"start":{"line":416,"column":12},"end":{"line":418,"column":22}}],"line":400},"72":{"loc":{"start":{"line":453,"column":36},"end":{"line":453,"column":49}},"type":"default-arg","locations":[{"start":{"line":453,"column":43},"end":{"line":453,"column":49}}],"line":453},"73":{"loc":{"start":{"line":456,"column":24},"end":{"line":456,"column":66}},"type":"cond-expr","locations":[{"start":{"line":456,"column":45},"end":{"line":456,"column":54}},{"start":{"line":456,"column":57},"end":{"line":456,"column":66}}],"line":456},"74":{"loc":{"start":{"line":468,"column":8},"end":{"line":468,"column":27}},"type":"if","locations":[{"start":{"line":468,"column":8},"end":{"line":468,"column":27}},{"start":{},"end":{}}],"line":468},"75":{"loc":{"start":{"line":517,"column":8},"end":{"line":520,"column":9}},"type":"if","locations":[{"start":{"line":517,"column":8},"end":{"line":520,"column":9}},{"start":{},"end":{}}],"line":517},"76":{"loc":{"start":{"line":517,"column":12},"end":{"line":517,"column":61}},"type":"binary-expr","locations":[{"start":{"line":517,"column":12},"end":{"line":517,"column":21}},{"start":{"line":517,"column":26},"end":{"line":517,"column":43}},{"start":{"line":517,"column":47},"end":{"line":517,"column":60}}],"line":517},"77":{"loc":{"start":{"line":533,"column":4},"end":{"line":537,"column":5}},"type":"if","locations":[{"start":{"line":533,"column":4},"end":{"line":537,"column":5}},{"start":{"line":535,"column":11},"end":{"line":537,"column":5}}],"line":533},"78":{"loc":{"start":{"line":544,"column":19},"end":{"line":544,"column":48}},"type":"binary-expr","locations":[{"start":{"line":544,"column":19},"end":{"line":544,"column":39}},{"start":{"line":544,"column":43},"end":{"line":544,"column":48}}],"line":544}},"s":{"0":0,"1":0,"2":0,"3":0,"4":0,"5":0,"6":0,"7":0,"8":0,"9":0,"10":0,"11":0,"12":0,"13":0,"14":0,"15":0,"16":0,"17":0,"18":0,"19":0,"20":0,"21":0,"22":0,"23":0,"24":0,"25":0,"26":0,"27":0,"28":0,"29":0,"30":0,"31":0,"32":0,"33":0,"34":0,"35":0,"36":0,"37":0,"38":0,"39":0,"40":0,"41":0,"42":0,"43":0,"44":0,"45":0,"46":0,"47":0,"48":0,"49":0,"50":0,"51":0,"52":0,"53":0,"54":0,"55":0,"56":0,"57":0,"58":0,"59":0,"60":0,"61":0,"62":0,"63":0,"64":0,"65":0,"66":0,"67":0,"68":0,"69":0,"70":0,"71":0,"72":0,"73":0,"74":0,"75":0,"76":0,"77":0,"78":0,"79":0,"80":0,"81":0,"82":0,"83":0,"84":0,"85":0,"86":0,"87":0,"88":0,"89":0,"90":0,"91":0,"92":0,"93":0,"94":0,"95":0,"96":0,"97":0,"98":0,"99":0,"100":0,"101":0,"102":0,"103":0,"104":0,"105":0,"106":0,"107":0,"108":0,"109":0,"110":0,"111":0,"112":0,"113":0,"114":0,"115":0,"116":0,"117":0,"118":0,"119":0,"120":0,"121":0,"122":0,"123":0,"124":0,"125":0,"126":0,"127":0,"128":0,"129":0,"130":0,"131":0,"132":0,"133":0,"134":0,"135":0,"136":0,"137":0,"138":0,"139":0,"140":0,"141":0,"142":0,"143":0,"144":0,"145":0,"146":0,"147":0,"148":0,"149":0,"150":0,"151":0,"152":0,"153":0,"154":0,"155":0,"156":0,"157":0,"158":0,"159":0,"160":0,"161":0,"162":0,"163":0,"164":0,"165":0,"166":0,"167":0,"168":0,"169":0,"170":0,"171":0,"172":0,"173":0,"174":0,"175":0,"176":0,"177":0,"178":0,"179":0,"180":0,"181":0,"182":0,"183":0,"184":0,"185":0,"186":0,"187":0,"188":0,"189":0,"190":0,"191":0,"192":0,"193":0,"194":0,"195":0,"196":0,"197":0,"198":0,"199":0,"200":0,"201":0,"202":0,"203":0,"204":0,"205":0,"206":0,"207":0,"208":0,"209":0,"210":0,"211":0,"212":0,"213":0,"214":0,"215":0,"216":0,"217":0,"218":0,"219":0,"220":0,"221":0,"222":0,"223":0,"224":0,"225":0,"226":0,"227":0,"228":0,"229":0,"230":0,"231":0,"232":0,"233":0,"234":0,"235":0,"236":0,"237":0,"238":0,"239":0,"240":0,"241":0,"242":0,"243":0,"244":0,"245":0,"246":0,"247":0,"248":0,"249":0,"250":0,"251":0,"252":0,"253":0,"254":0,"255":0,"256":0,"257":0,"258":0,"259":0,"260":0,"261":0,"262":0,"263":0,"264":0,"265":0,"266":0,"267":0,"268":0,"269":0,"270":0,"271":0},"f":{"0":0,"1":0,"2":0,"3":0,"4":0,"5":0,"6":0,"7":0,"8":0,"9":0,"10":0,"11":0,"12":0,"13":0,"14":0,"15":0,"16":0,"17":0,"18":0,"19":0,"20":0,"21":0,"22":0,"23":0,"24":0,"25":0,"26":0,"27":0,"28":0,"29":0,"30":0,"31":0},"b":{"0":[0,0],"1":[0,0],"2":[0,0],"3":[0,0],"4":[0,0],"5":[0,0],"6":[0,0],"7":[0,0],"8":[0,0],"9":[0,0],"10":[0,0],"11":[0,0],"12":[0,0],"13":[0,0],"14":[0,0],"15":[0,0],"16":[0,0],"17":[0,0],"18":[0,0],"19":[0,0],"20":[0,0],"21":[0,0],"22":[0,0,0],"23":[0,0],"24":[0,0],"25":[0,0],"26":[0,0],"27":[0,0],"28":[0,0],"29":[0,0],"30":[0,0],"31":[0,0],"32":[0,0],"33":[0,0],"34":[0,0],"35":[0,0],"36":[0,0],"37":[0,0],"38":[0,0],"39":[0,0],"40":[0,0],"41":[0,0],"42":[0,0],"43":[0,0],"44":[0,0],"45":[0,0],"46":[0,0],"47":[0,0],"48":[0,0],"49":[0,0],"50":[0,0],"51":[0,0],"52":[0,0],"53":[0,0],"54":[0,0],"55":[0,0],"56":[0,0],"57":[0,0],"58":[0,0],"59":[0,0],"60":[0,0],"61":[0,0],"62":[0,0],"63":[0,0],"64":[0,0],"65":[0,0],"66":[0,0],"67":[0,0],"68":[0,0],"69":[0,0],"70":[0,0],"71":[0,0,0,0],"72":[0],"73":[0,0],"74":[0,0],"75":[0,0],"76":[0,0,0],"77":[0,0],"78":[0,0]}}
,"/mnt/e/Code/python-deadlines/static/js/conference-filter.js": {"path":"/mnt/e/Code/python-deadlines/static/js/conference-filter.js","statementMap":{"0":{"start":{"line":3,"column":0},"end":{"line":362,"column":5}},"1":{"start":{"line":6,"column":26},"end":{"line":318,"column":5}},"2":{"start":{"line":25,"column":12},"end":{"line":27,"column":13}},"3":{"start":{"line":26,"column":16},"end":{"line":26,"column":23}},"4":{"start":{"line":28,"column":12},"end":{"line":28,"column":38}},"5":{"start":{"line":30,"column":12},"end":{"line":30,"column":29}},"6":{"start":{"line":31,"column":12},"end":{"line":31,"column":30}},"7":{"start":{"line":32,"column":12},"end":{"line":32,"column":39}},"8":{"start":{"line":38,"column":12},"end":{"line":38,"column":30}},"9":{"start":{"line":39,"column":12},"end":{"line":41,"column":15}},"10":{"start":{"line":40,"column":16},"end":{"line":40,"column":60}},"11":{"start":{"line":40,"column":31},"end":{"line":40,"column":60}},"12":{"start":{"line":44,"column":12},"end":{"line":46,"column":13}},"13":{"start":{"line":45,"column":16},"end":{"line":45,"column":91}},"14":{"start":{"line":49,"column":30},"end":{"line":49,"column":73}},"15":{"start":{"line":50,"column":28},"end":{"line":50,"column":48}},"16":{"start":{"line":52,"column":12},"end":{"line":68,"column":13}},"17":{"start":{"line":53,"column":16},"end":{"line":53,"column":81}},"18":{"start":{"line":53,"column":71},"end":{"line":53,"column":79}},"19":{"start":{"line":56,"column":31},"end":{"line":56,"column":71}},"20":{"start":{"line":57,"column":16},"end":{"line":67,"column":17}},"21":{"start":{"line":59,"column":20},"end":{"line":63,"column":21}},"22":{"start":{"line":60,"column":24},"end":{"line":60,"column":54}},"23":{"start":{"line":62,"column":24},"end":{"line":62,"column":69}},"24":{"start":{"line":66,"column":20},"end":{"line":66,"column":50}},"25":{"start":{"line":73,"column":12},"end":{"line":76,"column":15}},"26":{"start":{"line":78,"column":12},"end":{"line":78,"column":29}},"27":{"start":{"line":83,"column":29},"end":{"line":83,"column":53}},"28":{"start":{"line":85,"column":12},"end":{"line":93,"column":13}},"29":{"start":{"line":88,"column":16},"end":{"line":88,"column":59}},"30":{"start":{"line":91,"column":16},"end":{"line":92,"column":77}},"31":{"start":{"line":99,"column":12},"end":{"line":112,"column":13}},"32":{"start":{"line":103,"column":16},"end":{"line":103,"column":38}},"33":{"start":{"line":106,"column":16},"end":{"line":106,"column":38}},"34":{"start":{"line":109,"column":16},"end":{"line":111,"column":19}},"35":{"start":{"line":110,"column":20},"end":{"line":110,"column":50}},"36":{"start":{"line":115,"column":12},"end":{"line":117,"column":13}},"37":{"start":{"line":116,"column":16},"end":{"line":116,"column":41}},"38":{"start":{"line":120,"column":12},"end":{"line":120,"column":38}},"39":{"start":{"line":125,"column":26},"end":{"line":125,"column":71}},"40":{"start":{"line":127,"column":12},"end":{"line":134,"column":15}},"41":{"start":{"line":128,"column":30},"end":{"line":128,"column":37}},"42":{"start":{"line":129,"column":29},"end":{"line":129,"column":55}},"43":{"start":{"line":131,"column":16},"end":{"line":133,"column":17}},"44":{"start":{"line":132,"column":20},"end":{"line":132,"column":33}},"45":{"start":{"line":140,"column":12},"end":{"line":142,"column":13}},"46":{"start":{"line":141,"column":16},"end":{"line":141,"column":57}},"47":{"start":{"line":145,"column":12},"end":{"line":145,"column":83}},"48":{"start":{"line":151,"column":12},"end":{"line":153,"column":13}},"49":{"start":{"line":152,"column":16},"end":{"line":152,"column":23}},"50":{"start":{"line":156,"column":12},"end":{"line":162,"column":13}},"51":{"start":{"line":157,"column":16},"end":{"line":157,"column":60}},"52":{"start":{"line":158,"column":19},"end":{"line":162,"column":13}},"53":{"start":{"line":159,"column":16},"end":{"line":159,"column":58}},"54":{"start":{"line":161,"column":16},"end":{"line":161,"column":46}},"55":{"start":{"line":164,"column":12},"end":{"line":164,"column":29}},"56":{"start":{"line":165,"column":12},"end":{"line":165,"column":32}},"57":{"start":{"line":171,"column":33},"end":{"line":172,"column":67}},"58":{"start":{"line":174,"column":12},"end":{"line":180,"column":13}},"59":{"start":{"line":176,"column":16},"end":{"line":176,"column":46}},"60":{"start":{"line":179,"column":16},"end":{"line":179,"column":49}},"61":{"start":{"line":183,"column":12},"end":{"line":183,"column":29}},"62":{"start":{"line":184,"column":12},"end":{"line":184,"column":32}},"63":{"start":{"line":187,"column":28},"end":{"line":187,"column":48}},"64":{"start":{"line":188,"column":12},"end":{"line":204,"column":13}},"65":{"start":{"line":190,"column":16},"end":{"line":190,"column":50}},"66":{"start":{"line":192,"column":16},"end":{"line":197,"column":17}},"67":{"start":{"line":194,"column":20},"end":{"line":194,"column":46}},"68":{"start":{"line":196,"column":20},"end":{"line":196,"column":58}},"69":{"start":{"line":198,"column":16},"end":{"line":198,"column":47}},"70":{"start":{"line":201,"column":16},"end":{"line":203,"column":24}},"71":{"start":{"line":202,"column":20},"end":{"line":202,"column":55}},"72":{"start":{"line":209,"column":12},"end":{"line":209,"column":52}},"73":{"start":{"line":210,"column":12},"end":{"line":210,"column":32}},"74":{"start":{"line":215,"column":12},"end":{"line":215,"column":57}},"75":{"start":{"line":216,"column":12},"end":{"line":216,"column":49}},"76":{"start":{"line":219,"column":28},"end":{"line":219,"column":48}},"77":{"start":{"line":220,"column":12},"end":{"line":220,"column":52}},"78":{"start":{"line":221,"column":12},"end":{"line":221,"column":43}},"79":{"start":{"line":223,"column":12},"end":{"line":223,"column":29}},"80":{"start":{"line":224,"column":12},"end":{"line":224,"column":32}},"81":{"start":{"line":229,"column":38},"end":{"line":229,"column":57}},"82":{"start":{"line":230,"column":24},"end":{"line":230,"column":44}},"83":{"start":{"line":231,"column":12},"end":{"line":231,"column":80}},"84":{"start":{"line":236,"column":25},"end":{"line":236,"column":29}},"85":{"start":{"line":239,"column":12},"end":{"line":239,"column":55}},"86":{"start":{"line":240,"column":12},"end":{"line":240,"column":54}},"87":{"start":{"line":241,"column":12},"end":{"line":241,"column":59}},"88":{"start":{"line":242,"column":12},"end":{"line":242,"column":59}},"89":{"start":{"line":245,"column":12},"end":{"line":252,"column":15}},"90":{"start":{"line":247,"column":16},"end":{"line":249,"column":17}},"91":{"start":{"line":248,"column":20},"end":{"line":248,"column":27}},"92":{"start":{"line":250,"column":33},"end":{"line":250,"column":52}},"93":{"start":{"line":251,"column":16},"end":{"line":251,"column":53}},"94":{"start":{"line":256,"column":12},"end":{"line":256,"column":40}},"95":{"start":{"line":259,"column":12},"end":{"line":268,"column":19}},"96":{"start":{"line":261,"column":20},"end":{"line":261,"column":39}},"97":{"start":{"line":262,"column":20},"end":{"line":262,"column":49}},"98":{"start":{"line":263,"column":32},"end":{"line":263,"column":51}},"99":{"start":{"line":264,"column":20},"end":{"line":267,"column":21}},"100":{"start":{"line":266,"column":24},"end":{"line":266,"column":46}},"101":{"start":{"line":271,"column":12},"end":{"line":273,"column":15}},"102":{"start":{"line":272,"column":16},"end":{"line":272,"column":46}},"103":{"start":{"line":275,"column":12},"end":{"line":277,"column":15}},"104":{"start":{"line":276,"column":16},"end":{"line":276,"column":44}},"105":{"start":{"line":280,"column":12},"end":{"line":283,"column":15}},"106":{"start":{"line":281,"column":16},"end":{"line":281,"column":33}},"107":{"start":{"line":282,"column":16},"end":{"line":282,"column":43}},"108":{"start":{"line":289,"column":12},"end":{"line":291,"column":13}},"109":{"start":{"line":290,"column":16},"end":{"line":290,"column":46}},"110":{"start":{"line":294,"column":12},"end":{"line":294,"column":32}},"111":{"start":{"line":297,"column":28},"end":{"line":297,"column":48}},"112":{"start":{"line":298,"column":12},"end":{"line":316,"column":13}},"113":{"start":{"line":300,"column":16},"end":{"line":300,"column":50}},"114":{"start":{"line":303,"column":16},"end":{"line":309,"column":17}},"115":{"start":{"line":305,"column":20},"end":{"line":305,"column":46}},"116":{"start":{"line":308,"column":20},"end":{"line":308,"column":58}},"117":{"start":{"line":310,"column":16},"end":{"line":310,"column":47}},"118":{"start":{"line":313,"column":16},"end":{"line":315,"column":24}},"119":{"start":{"line":314,"column":20},"end":{"line":314,"column":55}},"120":{"start":{"line":321,"column":4},"end":{"line":340,"column":6}},"121":{"start":{"line":323,"column":12},"end":{"line":323,"column":40}},"122":{"start":{"line":326,"column":12},"end":{"line":326,"column":50}},"123":{"start":{"line":329,"column":12},"end":{"line":329,"column":47}},"124":{"start":{"line":332,"column":12},"end":{"line":332,"column":48}},"125":{"start":{"line":335,"column":12},"end":{"line":335,"column":48}},"126":{"start":{"line":338,"column":12},"end":{"line":338,"column":63}},"127":{"start":{"line":343,"column":4},"end":{"line":343,"column":65}},"128":{"start":{"line":343,"column":34},"end":{"line":343,"column":64}},"129":{"start":{"line":347,"column":4},"end":{"line":361,"column":5}},"130":{"start":{"line":349,"column":8},"end":{"line":352,"column":11}},"131":{"start":{"line":351,"column":12},"end":{"line":351,"column":56}},"132":{"start":{"line":351,"column":29},"end":{"line":351,"column":49}},"133":{"start":{"line":353,"column":11},"end":{"line":361,"column":5}},"134":{"start":{"line":354,"column":8},"end":{"line":357,"column":11}},"135":{"start":{"line":356,"column":12},"end":{"line":356,"column":56}},"136":{"start":{"line":356,"column":29},"end":{"line":356,"column":49}},"137":{"start":{"line":360,"column":8},"end":{"line":360,"column":52}},"138":{"start":{"line":360,"column":25},"end":{"line":360,"column":45}}},"fnMap":{"0":{"name":"(anonymous_0)","decl":{"start":{"line":3,"column":1},"end":{"line":3,"column":2}},"loc":{"start":{"line":3,"column":12},"end":{"line":362,"column":1}},"line":3},"1":{"name":"(anonymous_1)","decl":{"start":{"line":23,"column":14},"end":{"line":23,"column":15}},"loc":{"start":{"line":23,"column":25},"end":{"line":33,"column":9}},"line":23},"2":{"name":"(anonymous_2)","decl":{"start":{"line":36,"column":19},"end":{"line":36,"column":20}},"loc":{"start":{"line":36,"column":30},"end":{"line":69,"column":9}},"line":36},"3":{"name":"(anonymous_3)","decl":{"start":{"line":39,"column":45},"end":{"line":39,"column":46}},"loc":{"start":{"line":39,"column":57},"end":{"line":41,"column":13}},"line":39},"4":{"name":"(anonymous_4)","decl":{"start":{"line":53,"column":66},"end":{"line":53,"column":67}},"loc":{"start":{"line":53,"column":71},"end":{"line":53,"column":79}},"line":53},"5":{"name":"(anonymous_5)","decl":{"start":{"line":72,"column":19},"end":{"line":72,"column":20}},"loc":{"start":{"line":72,"column":30},"end":{"line":79,"column":9}},"line":72},"6":{"name":"(anonymous_6)","decl":{"start":{"line":82,"column":19},"end":{"line":82,"column":20}},"loc":{"start":{"line":82,"column":30},"end":{"line":94,"column":9}},"line":82},"7":{"name":"(anonymous_7)","decl":{"start":{"line":97,"column":22},"end":{"line":97,"column":23}},"loc":{"start":{"line":97,"column":33},"end":{"line":121,"column":9}},"line":97},"8":{"name":"(anonymous_8)","decl":{"start":{"line":109,"column":49},"end":{"line":109,"column":50}},"loc":{"start":{"line":109,"column":56},"end":{"line":111,"column":17}},"line":109},"9":{"name":"(anonymous_9)","decl":{"start":{"line":124,"column":27},"end":{"line":124,"column":28}},"loc":{"start":{"line":124,"column":38},"end":{"line":135,"column":9}},"line":124},"10":{"name":"(anonymous_10)","decl":{"start":{"line":127,"column":40},"end":{"line":127,"column":41}},"loc":{"start":{"line":127,"column":51},"end":{"line":134,"column":13}},"line":127},"11":{"name":"(anonymous_11)","decl":{"start":{"line":138,"column":28},"end":{"line":138,"column":29}},"loc":{"start":{"line":138,"column":39},"end":{"line":146,"column":9}},"line":138},"12":{"name":"(anonymous_12)","decl":{"start":{"line":149,"column":31},"end":{"line":149,"column":32}},"loc":{"start":{"line":149,"column":56},"end":{"line":166,"column":9}},"line":149},"13":{"name":"(anonymous_13)","decl":{"start":{"line":169,"column":21},"end":{"line":169,"column":22}},"loc":{"start":{"line":169,"column":35},"end":{"line":205,"column":9}},"line":169},"14":{"name":"(anonymous_14)","decl":{"start":{"line":201,"column":27},"end":{"line":201,"column":28}},"loc":{"start":{"line":201,"column":33},"end":{"line":203,"column":17}},"line":201},"15":{"name":"(anonymous_15)","decl":{"start":{"line":208,"column":16},"end":{"line":208,"column":17}},"loc":{"start":{"line":208,"column":32},"end":{"line":211,"column":9}},"line":208},"16":{"name":"(anonymous_16)","decl":{"start":{"line":214,"column":22},"end":{"line":214,"column":23}},"loc":{"start":{"line":214,"column":33},"end":{"line":225,"column":9}},"line":214},"17":{"name":"(anonymous_17)","decl":{"start":{"line":228,"column":23},"end":{"line":228,"column":24}},"loc":{"start":{"line":228,"column":38},"end":{"line":232,"column":9}},"line":228},"18":{"name":"(anonymous_18)","decl":{"start":{"line":235,"column":20},"end":{"line":235,"column":21}},"loc":{"start":{"line":235,"column":31},"end":{"line":284,"column":9}},"line":235},"19":{"name":"(anonymous_19)","decl":{"start":{"line":245,"column":73},"end":{"line":245,"column":74}},"loc":{"start":{"line":245,"column":84},"end":{"line":252,"column":13}},"line":245},"20":{"name":"(anonymous_20)","decl":{"start":{"line":260,"column":59},"end":{"line":260,"column":60}},"loc":{"start":{"line":260,"column":71},"end":{"line":268,"column":17}},"line":260},"21":{"name":"(anonymous_21)","decl":{"start":{"line":271,"column":71},"end":{"line":271,"column":72}},"loc":{"start":{"line":271,"column":82},"end":{"line":273,"column":13}},"line":271},"22":{"name":"(anonymous_22)","decl":{"start":{"line":275,"column":71},"end":{"line":275,"column":72}},"loc":{"start":{"line":275,"column":82},"end":{"line":277,"column":13}},"line":275},"23":{"name":"(anonymous_23)","decl":{"start":{"line":280,"column":48},"end":{"line":280,"column":49}},"loc":{"start":{"line":280,"column":59},"end":{"line":283,"column":13}},"line":280},"24":{"name":"(anonymous_24)","decl":{"start":{"line":287,"column":29},"end":{"line":287,"column":30}},"loc":{"start":{"line":287,"column":40},"end":{"line":317,"column":9}},"line":287},"25":{"name":"(anonymous_25)","decl":{"start":{"line":313,"column":27},"end":{"line":313,"column":28}},"loc":{"start":{"line":313,"column":33},"end":{"line":315,"column":17}},"line":313},"26":{"name":"(anonymous_26)","decl":{"start":{"line":322,"column":14},"end":{"line":322,"column":15}},"loc":{"start":{"line":322,"column":25},"end":{"line":324,"column":9}},"line":322},"27":{"name":"(anonymous_27)","decl":{"start":{"line":325,"column":21},"end":{"line":325,"column":22}},"loc":{"start":{"line":325,"column":35},"end":{"line":327,"column":9}},"line":325},"28":{"name":"(anonymous_28)","decl":{"start":{"line":328,"column":16},"end":{"line":328,"column":17}},"loc":{"start":{"line":328,"column":32},"end":{"line":330,"column":9}},"line":328},"29":{"name":"(anonymous_29)","decl":{"start":{"line":331,"column":22},"end":{"line":331,"column":23}},"loc":{"start":{"line":331,"column":33},"end":{"line":333,"column":9}},"line":331},"30":{"name":"(anonymous_30)","decl":{"start":{"line":334,"column":27},"end":{"line":334,"column":28}},"loc":{"start":{"line":334,"column":38},"end":{"line":336,"column":9}},"line":334},"31":{"name":"(anonymous_31)","decl":{"start":{"line":337,"column":31},"end":{"line":337,"column":32}},"loc":{"start":{"line":337,"column":48},"end":{"line":339,"column":9}},"line":337},"32":{"name":"(anonymous_32)","decl":{"start":{"line":343,"column":25},"end":{"line":343,"column":26}},"loc":{"start":{"line":343,"column":34},"end":{"line":343,"column":64}},"line":343},"33":{"name":"(anonymous_33)","decl":{"start":{"line":349,"column":31},"end":{"line":349,"column":32}},"loc":{"start":{"line":349,"column":42},"end":{"line":352,"column":9}},"line":349},"34":{"name":"(anonymous_34)","decl":{"start":{"line":351,"column":23},"end":{"line":351,"column":24}},"loc":{"start":{"line":351,"column":29},"end":{"line":351,"column":49}},"line":351},"35":{"name":"(anonymous_35)","decl":{"start":{"line":354,"column":54},"end":{"line":354,"column":55}},"loc":{"start":{"line":354,"column":60},"end":{"line":357,"column":9}},"line":354},"36":{"name":"(anonymous_36)","decl":{"start":{"line":356,"column":23},"end":{"line":356,"column":24}},"loc":{"start":{"line":356,"column":29},"end":{"line":356,"column":49}},"line":356},"37":{"name":"(anonymous_37)","decl":{"start":{"line":360,"column":19},"end":{"line":360,"column":20}},"loc":{"start":{"line":360,"column":25},"end":{"line":360,"column":45}},"line":360}},"branchMap":{"0":{"loc":{"start":{"line":25,"column":12},"end":{"line":27,"column":13}},"type":"if","locations":[{"start":{"line":25,"column":12},"end":{"line":27,"column":13}},{"start":{},"end":{}}],"line":25},"1":{"loc":{"start":{"line":40,"column":16},"end":{"line":40,"column":60}},"type":"if","locations":[{"start":{"line":40,"column":16},"end":{"line":40,"column":60}},{"start":{},"end":{}}],"line":40},"2":{"loc":{"start":{"line":44,"column":12},"end":{"line":46,"column":13}},"type":"if","locations":[{"start":{"line":44,"column":12},"end":{"line":46,"column":13}},{"start":{},"end":{}}],"line":44},"3":{"loc":{"start":{"line":52,"column":12},"end":{"line":68,"column":13}},"type":"if","locations":[{"start":{"line":52,"column":12},"end":{"line":68,"column":13}},{"start":{"line":54,"column":19},"end":{"line":68,"column":13}}],"line":52},"4":{"loc":{"start":{"line":57,"column":16},"end":{"line":67,"column":17}},"type":"if","locations":[{"start":{"line":57,"column":16},"end":{"line":67,"column":17}},{"start":{"line":64,"column":23},"end":{"line":67,"column":17}}],"line":57},"5":{"loc":{"start":{"line":57,"column":20},"end":{"line":57,"column":57}},"type":"binary-expr","locations":[{"start":{"line":57,"column":20},"end":{"line":57,"column":26}},{"start":{"line":57,"column":30},"end":{"line":57,"column":57}}],"line":57},"6":{"loc":{"start":{"line":59,"column":20},"end":{"line":63,"column":21}},"type":"if","locations":[{"start":{"line":59,"column":20},"end":{"line":63,"column":21}},{"start":{"line":61,"column":27},"end":{"line":63,"column":21}}],"line":59},"7":{"loc":{"start":{"line":59,"column":24},"end":{"line":59,"column":81}},"type":"binary-expr","locations":[{"start":{"line":59,"column":24},"end":{"line":59,"column":35}},{"start":{"line":59,"column":39},"end":{"line":59,"column":81}}],"line":59},"8":{"loc":{"start":{"line":62,"column":51},"end":{"line":62,"column":68}},"type":"binary-expr","locations":[{"start":{"line":62,"column":51},"end":{"line":62,"column":62}},{"start":{"line":62,"column":66},"end":{"line":62,"column":68}}],"line":62},"9":{"loc":{"start":{"line":85,"column":12},"end":{"line":93,"column":13}},"type":"if","locations":[{"start":{"line":85,"column":12},"
[...]
olumn":8},"end":{"line":136,"column":9}},"type":"if","locations":[{"start":{"line":132,"column":8},"end":{"line":136,"column":9}},{"start":{"line":134,"column":15},"end":{"line":136,"column":9}}],"line":132},"10":{"loc":{"start":{"line":151,"column":8},"end":{"line":157,"column":9}},"type":"if","locations":[{"start":{"line":151,"column":8},"end":{"line":157,"column":9}},{"start":{"line":153,"column":15},"end":{"line":157,"column":9}}],"line":151},"11":{"loc":{"start":{"line":153,"column":15},"end":{"line":157,"column":9}},"type":"if","locations":[{"start":{"line":153,"column":15},"end":{"line":157,"column":9}},{"start":{"line":155,"column":15},"end":{"line":157,"column":9}}],"line":153},"12":{"loc":{"start":{"line":174,"column":8},"end":{"line":174,"column":55}},"type":"if","locations":[{"start":{"line":174,"column":8},"end":{"line":174,"column":55}},{"start":{},"end":{}}],"line":174},"13":{"loc":{"start":{"line":174,"column":12},"end":{"line":174,"column":46}},"type":"binary-expr","locations":[{"start":{"line":174,"column":12},"end":{"line":174,"column":20}},{"start":{"line":174,"column":24},"end":{"line":174,"column":33}},{"start":{"line":174,"column":37},"end":{"line":174,"column":46}}],"line":174},"14":{"loc":{"start":{"line":182,"column":8},"end":{"line":188,"column":9}},"type":"if","locations":[{"start":{"line":182,"column":8},"end":{"line":188,"column":9}},{"start":{"line":184,"column":15},"end":{"line":188,"column":9}}],"line":182},"15":{"loc":{"start":{"line":184,"column":15},"end":{"line":188,"column":9}},"type":"if","locations":[{"start":{"line":184,"column":15},"end":{"line":188,"column":9}},{"start":{"line":186,"column":15},"end":{"line":188,"column":9}}],"line":184},"16":{"loc":{"start":{"line":195,"column":8},"end":{"line":197,"column":9}},"type":"if","locations":[{"start":{"line":195,"column":8},"end":{"line":197,"column":9}},{"start":{},"end":{}}],"line":195},"17":{"loc":{"start":{"line":259,"column":8},"end":{"line":261,"column":9}},"type":"if","locations":[{"start":{"line":259,"column":8},"end":{"line":261,"column":9}},{"start":{},"end":{}}],"line":259},"18":{"loc":{"start":{"line":275,"column":8},"end":{"line":279,"column":9}},"type":"if","locations":[{"start":{"line":275,"column":8},"end":{"line":279,"column":9}},{"start":{},"end":{}}],"line":275},"19":{"loc":{"start":{"line":283,"column":4},"end":{"line":287,"column":5}},"type":"if","locations":[{"start":{"line":283,"column":4},"end":{"line":287,"column":5}},{"start":{"line":285,"column":11},"end":{"line":287,"column":5}}],"line":283}},"s":{"0":0,"1":0,"2":0,"3":0,"4":0,"5":0,"6":0,"7":0,"8":0,"9":0,"10":0,"11":0,"12":0,"13":0,"14":0,"15":0,"16":0,"17":0,"18":0,"19":0,"20":0,"21":0,"22":0,"23":0,"24":0,"25":0,"26":0,"27":0,"28":0,"29":0,"30":0,"31":0,"32":0,"33":0,"34":0,"35":0,"36":0,"37":0,"38":0,"39":0,"40":0,"41":0,"42":0,"43":0,"44":0,"45":0,"46":0,"47":0,"48":0,"49":0,"50":0,"51":0,"52":0,"53":0,"54":0,"55":0,"56":0,"57":0,"58":0,"59":0,"60":0,"61":0,"62":0,"63":0,"64":0,"65":0,"66":0,"67":0,"68":0,"69":0,"70":0,"71":0,"72":0,"73":0,"74":0,"75":0,"76":0,"77":0,"78":0,"79":0,"80":0},"f":{"0":0,"1":0,"2":0,"3":0,"4":0,"5":0,"6":0,"7":0,"8":0,"9":0},"b":{"0":[0,0],"1":[0,0],"2":[0,0],"3":[0,0],"4":[0,0],"5":[0,0],"6":[0,0],"7":[0,0],"8":[0,0],"9":[0,0],"10":[0,0],"11":[0,0],"12":[0,0],"13":[0,0,0],"14":[0,0],"15":[0,0],"16":[0,0],"17":[0,0],"18":[0,0],"19":[0,0]}}
,"/mnt/e/Code/python-deadlines/static/js/timezone-utils.js": {"path":"/mnt/e/Code/python-deadlines/static/js/timezone-utils.js","statementMap":{"0":{"start":{"line":6,"column":0},"end":{"line":291,"column":11}},"1":{"start":{"line":10,"column":25},"end":{"line":10,"column":33}},"2":{"start":{"line":13,"column":29},"end":{"line":32,"column":5}},"3":{"start":{"line":40,"column":8},"end":{"line":42,"column":9}},"4":{"start":{"line":41,"column":12},"end":{"line":41,"column":32}},"5":{"start":{"line":45,"column":8},"end":{"line":47,"column":9}},"6":{"start":{"line":46,"column":12},"end":{"line":46,"column":46}},"7":{"start":{"line":50,"column":8},"end":{"line":50,"column":24}},"8":{"start":{"line":60,"column":23},"end":{"line":67,"column":9}},"9":{"start":{"line":70,"column":8},"end":{"line":73,"column":9}},"10":{"start":{"line":71,"column":12},"end":{"line":71,"column":46}},"11":{"start":{"line":72,"column":12},"end":{"line":72,"column":26}},"12":{"start":{"line":76,"column":29},"end":{"line":76,"column":56}},"13":{"start":{"line":77,"column":8},"end":{"line":77,"column":49}},"14":{"start":{"line":79,"column":8},"end":{"line":134,"column":9}},"15":{"start":{"line":80,"column":12},"end":{"line":130,"column":13}},"16":{"start":{"line":81,"column":33},"end":{"line":81,"column":47}},"17":{"start":{"line":84,"column":25},"end":{"line":84,"column":74}},"18":{"start":{"line":87,"column":16},"end":{"line":94,"column":17}},"19":{"start":{"line":88,"column":20},"end":{"line":88,"column":51}},"20":{"start":{"line":90,"column":20},"end":{"line":93,"column":21}},"21":{"start":{"line":91,"column":24},"end":{"line":91,"column":97}},"22":{"start":{"line":92,"column":24},"end":{"line":92,"column":114}},"23":{"start":{"line":97,"column":16},"end":{"line":99,"column":17}},"24":{"start":{"line":98,"column":20},"end":{"line":98,"column":75}},"25":{"start":{"line":102,"column":16},"end":{"line":108,"column":17}},"26":{"start":{"line":103,"column":35},"end":{"line":103,"column":52}},"27":{"start":{"line":104,"column":20},"end":{"line":107,"column":21}},"28":{"start":{"line":105,"column":24},"end":{"line":105,"column":57}},"29":{"start":{"line":106,"column":24},"end":{"line":106,"column":72}},"30":{"start":{"line":110,"column":16},"end":{"line":117,"column":17}},"31":{"start":{"line":111,"column":20},"end":{"line":111,"column":37}},"32":{"start":{"line":112,"column":20},"end":{"line":112,"column":50}},"33":{"start":{"line":113,"column":20},"end":{"line":113,"column":42}},"34":{"start":{"line":115,"column":20},"end":{"line":115,"column":72}},"35":{"start":{"line":116,"column":20},"end":{"line":116,"column":97}},"36":{"start":{"line":121,"column":31},"end":{"line":121,"column":48}},"37":{"start":{"line":123,"column":16},"end":{"line":129,"column":17}},"38":{"start":{"line":124,"column":20},"end":{"line":124,"column":43}},"39":{"start":{"line":125,"column":20},"end":{"line":125,"column":42}},"40":{"start":{"line":126,"column":20},"end":{"line":126,"column":86}},"41":{"start":{"line":128,"column":20},"end":{"line":128,"column":64}},"42":{"start":{"line":132,"column":12},"end":{"line":132,"column":68}},"43":{"start":{"line":133,"column":12},"end":{"line":133,"column":56}},"44":{"start":{"line":136,"column":8},"end":{"line":136,"column":22}},"45":{"start":{"line":146,"column":8},"end":{"line":148,"column":9}},"46":{"start":{"line":147,"column":12},"end":{"line":147,"column":54}},"47":{"start":{"line":150,"column":8},"end":{"line":172,"column":9}},"48":{"start":{"line":151,"column":12},"end":{"line":169,"column":13}},"49":{"start":{"line":152,"column":33},"end":{"line":152,"column":47}},"50":{"start":{"line":154,"column":16},"end":{"line":165,"column":17}},"51":{"start":{"line":156,"column":24},"end":{"line":156,"column":81}},"52":{"start":{"line":158,"column":24},"end":{"line":158,"column":84}},"53":{"start":{"line":160,"column":24},"end":{"line":160,"column":97}},"54":{"start":{"line":162,"column":24},"end":{"line":162,"column":58}},"55":{"start":{"line":164,"column":24},"end":{"line":164,"column":84}},"56":{"start":{"line":166,"column":19},"end":{"line":169,"column":13}},"57":{"start":{"line":168,"column":16},"end":{"line":168,"column":56}},"58":{"start":{"line":171,"column":12},"end":{"line":171,"column":59}},"59":{"start":{"line":174,"column":8},"end":{"line":174,"column":50}},"60":{"start":{"line":183,"column":27},"end":{"line":183,"column":54}},"61":{"start":{"line":185,"column":8},"end":{"line":198,"column":9}},"62":{"start":{"line":186,"column":12},"end":{"line":197,"column":13}},"63":{"start":{"line":187,"column":33},"end":{"line":187,"column":47}},"64":{"start":{"line":188,"column":27},"end":{"line":188,"column":61}},"65":{"start":{"line":190,"column":16},"end":{"line":194,"column":17}},"66":{"start":{"line":191,"column":38},"end":{"line":191,"column":56}},"67":{"start":{"line":192,"column":33},"end":{"line":192,"column":52}},"68":{"start":{"line":193,"column":20},"end":{"line":193,"column":52}},"69":{"start":{"line":196,"column":16},"end":{"line":196,"column":64}},"70":{"start":{"line":200,"column":8},"end":{"line":200,"column":40}},"71":{"start":{"line":209,"column":8},"end":{"line":211,"column":9}},"72":{"start":{"line":210,"column":12},"end":{"line":210,"column":64}},"73":{"start":{"line":213,"column":20},"end":{"line":213,"column":30}},"74":{"start":{"line":214,"column":25},"end":{"line":214,"column":40}},"75":{"start":{"line":215,"column":21},"end":{"line":215,"column":35}},"76":{"start":{"line":217,"column":8},"end":{"line":219,"column":9}},"77":{"start":{"line":218,"column":12},"end":{"line":218,"column":65}},"78":{"start":{"line":221,"column":21},"end":{"line":221,"column":61}},"79":{"start":{"line":222,"column":22},"end":{"line":222,"column":83}},"80":{"start":{"line":223,"column":24},"end":{"line":223,"column":75}},"81":{"start":{"line":224,"column":24},"end":{"line":224,"column":63}},"82":{"start":{"line":226,"column":8},"end":{"line":234,"column":10}},"83":{"start":{"line":243,"column":8},"end":{"line":243,"column":36}},"84":{"start":{"line":243,"column":23},"end":{"line":243,"column":36}},"85":{"start":{"line":245,"column":27},"end":{"line":245,"column":54}},"86":{"start":{"line":247,"column":8},"end":{"line":255,"column":9}},"87":{"start":{"line":248,"column":12},"end":{"line":254,"column":13}},"88":{"start":{"line":249,"column":33},"end":{"line":249,"column":47}},"89":{"start":{"line":250,"column":27},"end":{"line":250,"column":61}},"90":{"start":{"line":251,"column":16},"end":{"line":251,"column":35}},"91":{"start":{"line":253,"column":16},"end":{"line":253,"column":29}},"92":{"start":{"line":258,"column":8},"end":{"line":258,"column":89}},"93":{"start":{"line":266,"column":8},"end":{"line":268,"column":9}},"94":{"start":{"line":267,"column":12},"end":{"line":267,"column":49}},"95":{"start":{"line":271,"column":8},"end":{"line":275,"column":9}},"96":{"start":{"line":272,"column":12},"end":{"line":272,"column":68}},"97":{"start":{"line":274,"column":12},"end":{"line":274,"column":25}},"98":{"start":{"line":279,"column":4},"end":{"line":289,"column":6}}},"fnMap":{"0":{"name":"(anonymous_0)","decl":{"start":{"line":6,"column":1},"end":{"line":6,"column":2}},"loc":{"start":{"line":6,"column":18},"end":{"line":291,"column":1}},"line":6},"1":{"name":"normalizeTimezone","decl":{"start":{"line":39,"column":13},"end":{"line":39,"column":30}},"loc":{"start":{"line":39,"column":41},"end":{"line":51,"column":5}},"line":39},"2":{"name":"parseConferenceDate","decl":{"start":{"line":59,"column":13},"end":{"line":59,"column":32}},"loc":{"start":{"line":59,"column":52},"end":{"line":137,"column":5}},"line":59},"3":{"name":"formatConferenceDate","decl":{"start":{"line":145,"column":13},"end":{"line":145,"column":33}},"loc":{"start":{"line":145,"column":61},"end":{"line":175,"column":5}},"line":145},"4":{"name":"getTimezoneDisplay","decl":{"start":{"line":182,"column":13},"end":{"line":182,"column":31}},"loc":{"start":{"line":182,"column":42},"end":{"line":201,"column":5}},"line":182},"5":{"name":"getTimeRemaining","decl":{"start":{"line":208,"column":13},"end":{"line":208,"column":29}},"loc":{"start":{"line":208,"column":40},"end":{"line":235,"column":5}},"line":208},"6":{"name":"isValidTimezone","decl":{"start":{"line":242,"column":13},"end":{"line":242,"column":28}},"loc":{"start":{"line":242,"column":39},"end":{"line":259,"column":5}},"line":242},"7":{"name":"getUserTimezone","decl":{"start":{"line":265,"column":13},"end":{"line":265,"column":28}},"loc":{"start":{"line":265,"column":31},"end":{"line":276,"column":5}},"line":265}},"branchMap":{"0":{"loc":{"start":{"line":40,"column":8},"end":{"line":42,"column":9}},"type":"if","locations":[{"start":{"line":40,"column":8},"end":{"line":42,"column":9}},{"start":{},"end":{}}],"line":40},"1":{"loc":{"start":{"line":45,"column":8},"end":{"line":47,"column":9}},"type":"if","locations":[{"start":{"line":45,"column":8},"end":{"line":47,"column":9}},{"start":{},"end":{}}],"line":45},"2":{"loc":{"start":{"line":70,"column":8},"end":{"line":73,"column":9}},"type":"if","locations":[{"start":{"line":70,"column":8},"end":{"line":73,"column":9}},{"start":{},"end":{}}],"line":70},"3":{"loc":{"start":{"line":70,"column":12},"end":{"line":70,"column":90}},"type":"binary-expr","locations":[{"start":{"line":70,"column":12},"end":{"line":70,"column":20}},{"start":{"line":70,"column":24},"end":{"line":70,"column":41}},{"start":{"line":70,"column":45},"end":{"line":70,"column":68}},{"start":{"line":70,"column":72},"end":{"line":70,"column":90}}],"line":70},"4":{"loc":{"start":{"line":71,"column":29},"end":{"line":71,"column":45}},"type":"binary-expr","locations":[{"start":{"line":71,"column":29},"end":{"line":71,"column":36}},{"start":{"line":71,"column":40},"end":{"line":71,"column":45}}],"line":71},"5":{"loc":{"start":{"line":80,"column":12},"end":{"line":130,"column":13}},"type":"if","locations":[{"start":{"line":80,"column":12},"end":{"line":130,"column":13}},{"start":{"line":119,"column":19},"end":{"line":130,"column":13}}],"line":80},"6":{"loc":{"start":{"line":87,"column":16},"end":{"line":94,"column":17}},"type":"if","locations":[{"start":{"line":87,"column":16},"end":{"line":94,"column":17}},{"start":{},"end":{}}],"line":87},"7":{"loc":{"start":{"line":90,"column":20},"end":{"line":93,"column":21}},"type":"if","locations":[{"start":{"line":90,"column":20},"end":{"line":93,"column":21}},{"start":{},"end":{}}],"line":90},"8":{"loc":{"start":{"line":97,"column":16},"end":{"line":99,"column":17}},"type":"if","locations":[{"start":{"line":97,"column":16},"end":{"line":99,"column":17}},{"start":{},"end":{}}],"line":97},"9":{"loc":{"start":{"line":102,"column":16},"end":{"line":108,"column":17}},"type":"if","locations":[{"start":{"line":102,"column":16},"end":{"line":108,"column":17}},{"start":{},"end":{}}],"line":102},"10":{"loc":{"start":{"line":104,"column":20},"end":{"line":107,"column":21}},"type":"if","locations":[{"start":{"line":104,"column":20},"end":{"line":107,"column":21}},{"start":{},"end":{}}],"line":104},"11":{"loc":{"start":{"line":110,"column":16},"end":{"line":117,"column":17}},"type":"if","locations":[{"start":{"line":110,"column":16},"end":{"line":117,"column":17}},{"start":{"line":114,"column":23},"end":{"line":117,"column":17}}],"line":110},"12":{"loc":{"start":{"line":123,"column":16},"end":{"line":129,"column":17}},"type":"if","locations":[{"start":{"line":123,"column":16},"end":{"line":129,"column":17}},{"start":{"line":127,"column":23},"end":{"line":129,"column":17}}],"line":123},"13":{"loc":{"start":{"line":145,"column":44},"end":{"line":145,"column":59}},"type":"default-arg","locations":[{"start":{"line":145,"column":53},"end":{"line":145,"column":59}}],"line":145},"14":{"loc":{"start":{"line":146,"column":8},"end":{"line":148,"column":9}},"type":"if","locations":[{"start":{"line":146,"column":8},"end":{"line":148,"column":9}},{"start":{},"end":{}}],"line":146},"15":{"loc":{"start":{"line":147,"column":19},"end":{"line":147,"column":53}},"type":"binary-expr","locations":[{"start":{"line":147,"column":19},"end":{"line":147,"column":35}},{"start":{"line":147,"column":39},"end":{"line":147,"column":53}}],"line":147},"16":{"loc":{"start":{"line":151,"column":12},"end":{"line":169,"column":13}},"type":"if","locations":[{"start":{"line":151,"column":12},"end":{"line":169,"column":13}},{"start":{"line":166,"column":19},"end":{"line":169,"column":13}}],"line":151},"17":{"loc":{"start":{"line":151,"column":16},"end":{"line":151,"column":61}},"type":"binary-expr","locations":[{"start":{"line":151,"column":16},"end":{"line":151,"column":29}},{"start":{"line":151,"column":33},"end":{"line":151,"column":61}}],"line":151},"18":{"loc":{"start":{"line":154,"column":16},"end":{"line":165,"column":17}},"type":"switch","locations":[{"start":{"line":155,"column":20},"end":{"line":156,"column":81}},{"start":{"line":157,"column":20},"end":{"line":158,"column":84}},{"start":{"line":159,"column":20},"end":{"line":160,"column":97}},{"start":{"line":161,"column":20},"end":{"line":162,"column":58}},{"start":{"line":163,"column":20},"end":{"line":164,"column":84}}],"line":154},"19":{"loc":{"start":{"line":166,"column":19},"end":{"line":169,"column":13}},"type":"if","locations":[{"start":{"line":166,"column":19},"end":{"line":169,"column":13}},{"start":{},"end":{}}],"line":166},"20":{"loc":{"start":{"line":174,"column":15},"end":{"line":174,"column":49}},"type":"binary-expr","locations":[{"start":{"line":174,"column":15},"end":{"line":174,"column":31}},{"start":{"line":174,"column":35},"end":{"line":174,"column":49}}],"line":174},"21":{"loc":{"start":{"line":185,"column":8},"end":{"line":198,"column":9}},"type":"if","locations":[{"start":{"line":185,"column":8},"end":{"line":198,"column":9}},{"start":{},"end":{}}],"line":185},"22":{"loc":{"start":{"line":190,"column":16},"end":{"line":194,"column":17}},"type":"if","locations":[{"start":{"line":190,"column":16},"end":{"line":194,"column":17}},{"start":{},"end":{}}],"line":190},"23":{"loc":{"start":{"line":200,"column":15},"end":{"line":200,"column":39}},"type":"binary-expr","locations":[{"start":{"line":200,"column":15},"end":{"line":200,"column":23}},{"start":{"line":200,"column":27},"end":{"line":200,"column":39}}],"line":200},"24":{"loc":{"start":{"line":209,"column":8},"end":{"line":211,"column":9}},"type":"if","locations":[{"start":{"line":209,"column":8},"end":{"line":211,"column":9}},{"start":{},"end":{}}],"line":209},"25":{"loc":{"start":{"line":217,"column":8},"end":{"line":219,"column":9}},"type":"if","locations":[{"start":{"line":217,"column":8},"end":{"line":219,"column":9}},{"start":{},"end":{}}],"line":217},"26":{"loc":{"start":{"line":243,"column":8},"end":{"line":243,"column":36}},"type":"if","locations":[{"start":{"line":243,"column":8},"end":{"line":243,"column":36}},{"start":{},"end":{}}],"line":243},"27":{"loc":{"start":{"line":247,"column":8},"end":{"line":255,"column":9}},"type":"if","locations":[{"start":{"line":247,"column":8},"end":{"line":255,"column":9}},{"start":{},"end":{}}],"line":247},"28":{"loc":{"start":{"line":258,"column":15},"end":{"line":258,"column":88}},"type":"binary-expr","locations":[{"start":{"line":258,"column":15},"end":{"line":258,"column":57}},{"start":{"line":258,"column":61},"end":{"line":258,"column":88}}],"line":258},"29":{"loc":{"start":{"line":266,"column":8},"end":{"line":268,"column":9}},"type":"if","locations":[{"start":{"line":266,"column":8},"end":{"line":268,"column":9}},{"start":{},"end":{}}],"line":266}},"s":{"0":0,"1":0,"2":0,"3":0,"4":0,"5":0,"6":0,"7":0,"8":0,"9":0,"10":0,"11":0,"12":0,"13":0,"14":0,"15":0,"16":0,"17":0,"18":0,"19":0,"20":0,"21":0,"22":0,"23":0,"24":0,"25":0,"26":0,"27":0,"28":0,"29":0,"30":0,"31":0,"32":0,"33":0,"34":0,"35":0,"36":0,"37":0,"38":0,"39":0,"40":0,"41":0,"42":0,"43":0,"44":0,"45":0,"46":0,"47":0,"48":0,"49":0,"50":0,"51":0,"52":0,"53":0,"54":0,"55":0,"56":0,"57":0,"58":0,"59":0,"60":0,"61":0,"62":0,"63":0,"64":0,"65":0,"66":0,"67":0,"68":0,"69":0,"70":0,"71":0,"72":0,"73":0,"74":0,"75":0,"76":0,"77":0,"78":0,"79":0,"80":0,"81":0,"82":0,"83":0,"84":0,"85":0,"86":0,"87":0,"88":0,"89":0,"90":0,"91":0,"92":0,"93":0,"94":0,"95":0,"96":0,"97":0,"98":0},"f":{"0":0,"1":0,"2":0,"3":0,"4":0,"5":0,"6":0,"7":0},"b":{"0":[0,0],"1":[0,0],"2":[0,0],"3":[0,0,0,0],"4":[0,0],"5":[0,0],"6":[0,0],"7":[0,0],"8":[0,0],"9":[0,0],"10":[0,0],"11":[0,0],"12":[0,0],"13":[0],"14":[0,0],"15":[0,0],"16":[0,0],"17":[0,0],"18":[0,0,0,0,0],"19":[0,0],"20":[0,0],"21":[0,0],"22":[0,0],"23":[0,0],"24":[0,0],"25":[0,0],"26":[0,0],"27":[0,0],"28":[0,0],"29":[0,0]}}
}
