TN:
SF:static/js/about.js
FN:17,(anonymous_0)
FN:24,(anonymous_1)
FN:39,toggleFullScreen
FN:43,(anonymous_3)
FN:44,(anonymous_4)
FN:49,(anonymous_5)
FN:50,(anonymous_6)
FN:56,enterPresentationMode
FN:64,(anonymous_8)
FN:73,(anonymous_9)
FN:79,exitPresentationMode
FN:86,(anonymous_11)
FN:99,showSlide
FN:110,(anonymous_13)
FN:124,nextSlide
FN:130,prevSlide
FN:137,handleKeyPress
FN:170,animateOnScroll
FN:173,(anonymous_18)
FNF:19
FNH:0
FNDA:0,(anonymous_0)
FNDA:0,(anonymous_1)
FNDA:0,toggleFullScreen
FNDA:0,(anonymous_3)
FNDA:0,(anonymous_4)
FNDA:0,(anonymous_5)
FNDA:0,(anonymous_6)
FNDA:0,enterPresentationMode
FNDA:0,(anonymous_8)
FNDA:0,(anonymous_9)
FNDA:0,exitPresentationMode
FNDA:0,(anonymous_11)
FNDA:0,showSlide
FNDA:0,(anonymous_13)
FNDA:0,nextSlide
FNDA:0,prevSlide
FNDA:0,handleKeyPress
FNDA:0,animateOnScroll
FNDA:0,(anonymous_18)
DA:2,0
DA:3,0
DA:4,0
DA:7,0
DA:8,0
DA:9,0
DA:10,0
DA:11,0
DA:12,0
DA:13,0
DA:14,0
DA:17,0
DA:19,0
DA:20,0
DA:21,0
DA:24,0
DA:27,0
DA:28,0
DA:32,0
DA:33,0
DA:34,0
DA:35,0
DA:40,0
DA:41,0
DA:43,0
DA:44,0
DA:46,0
DA:47,0
DA:49,0
DA:50,0
DA:57,0
DA:58,0
DA:59,0
DA:60,0
DA:61,0
DA:64,0
DA:65,0
DA:66,0
DA:70,0
DA:73,0
DA:74,0
DA:80,0
DA:81,0
DA:82,0
DA:83,0
DA:86,0
DA:87,0
DA:88,0
DA:92,0
DA:95,0
DA:100,0
DA:101,0
DA:103,0
DA:105,0
DA:107,0
DA:110,0
DA:111,0
DA:112,0
DA:114,0
DA:119,0
DA:125,0
DA:126,0
DA:131,0
DA:132,0
DA:138,0
DA:139,0
DA:144,0
DA:145,0
DA:146,0
DA:148,0
DA:150,0
DA:153,0
DA:154,0
DA:156,0
DA:157,0
DA:159,0
DA:160,0
DA:162,0
DA:163,0
DA:164,0
DA:171,0
DA:173,0
DA:174,0
DA:175,0
DA:178,0
DA:179,0
LF:86
LH:0
BRDA:20,0,0,0
BRDA:20,0,1,0
BRDA:40,1,0,0
BRDA:40,1,1,0
BRDA:46,2,0,0
BRDA:46,2,1,0
BRDA:100,3,0,0
BRDA:100,3,1,0
BRDA:101,4,0,0
BRDA:101,4,1,0
BRDA:105,5,0,0
BRDA:105,5,1,0
BRDA:111,6,0,0
BRDA:111,6,1,0
BRDA:125,7,0,0
BRDA:125,7,1,0
BRDA:131,8,0,0
BRDA:131,8,1,0
BRDA:138,9,0,0
BRDA:138,9,1,0
BRDA:139,10,0,0
BRDA:139,10,1,0
BRDA:139,10,2,0
BRDA:139,10,3,0
BRDA:139,10,4,0
BRDA:139,10,5,0
BRDA:139,10,6,0
BRDA:139,10,7,0
BRDA:139,10,8,0
BRDA:144,11,0,0
BRDA:144,11,1,0
BRDA:178,12,0,0
BRDA:178,12,1,0
BRF:33
BRH:0
end_of_record
TN:
SF:static/js/action-bar.js
FN:5,(anonymous_0)
FN:15,getPrefs
FN:24,(anonymous_2)
FN:44,savePrefs
FN:50,(anonymous_4)
FN:84,initializeIndicators
FN:87,(anonymous_6)
FN:112,(anonymous_7)
FN:125,(anonymous_8)
FN:188,updatePopoverState
FN:192,(anonymous_10)
FN:211,handleAction
FN:271,handleMobileBookmark
FN:296,showMobileActionSheet
FN:312,(anonymous_14)
FN:338,(anonymous_15)
FN:342,(anonymous_16)
FN:379,generateCalendarLinks
FN:426,generateICSFile
FN:453,showNotification
FN:459,(anonymous_20)
FN:461,(anonymous_21)
FN:466,showMobileCalendarOptions
FN:498,(anonymous_23)
FN:504,(anonymous_24)
FN:505,(anonymous_25)
FN:515,(anonymous_26)
FN:525,(anonymous_27)
FN:527,(anonymous_28)
FN:542,(anonymous_29)
FN:546,(anonymous_30)
FN:548,(anonymous_31)
FNF:32
FNH:0
FNDA:0,(anonymous_0)
FNDA:0,getPrefs
FNDA:0,(anonymous_2)
FNDA:0,savePrefs
FNDA:0,(anonymous_4)
FNDA:0,initializeIndicators
FNDA:0,(anonymous_6)
FNDA:0,(anonymous_7)
FNDA:0,(anonymous_8)
FNDA:0,updatePopoverState
FNDA:0,(anonymous_10)
FNDA:0,handleAction
FNDA:0,handleMobileBookmark
FNDA:0,showMobileActionSheet
FNDA:0,(anonymous_14)
FNDA:0,(anonymous_15)
FNDA:0,(anonymous_16)
FNDA:0,generateCalendarLinks
FNDA:0,generateICSFile
FNDA:0,showNotification
FNDA:0,(anonymous_20)
FNDA:0,(anonymous_21)
FNDA:0,showMobileCalendarOptions
FNDA:0,(anonymous_23)
FNDA:0,(anonymous_24)
FNDA:0,(anonymous_25)
FNDA:0,(anonymous_26)
FNDA:0,(anonymous_27)
FNDA:0,(anonymous_28)
FNDA:0,(anonymous_29)
FNDA:0,(anonymous_30)
FNDA:0,(anonymous_31)
DA:5,0
DA:8,0
DA:9,0
DA:10,0
DA:11,0
DA:12,0
DA:16,0
DA:18,0
DA:19,0
DA:20,0
DA:23,0
DA:24,0
DA:25,0
DA:27,0
DA:28,0
DA:29,0
DA:30,0
DA:31,0
DA:36,0
DA:38,0
DA:39,0
DA:45,0
DA:47,0
DA:48,0
DA:50,0
DA:51,0
DA:52,0
DA:55,0
DA:56,0
DA:57,0
DA:58,0
DA:71,0
DA:72,0
DA:75,0
DA:79,0
DA:85,0
DA:87,0
DA:88,0
DA:89,0
DA:91,0
DA:94,0
DA:95,0
DA:96,0
DA:97,0
DA:98,0
DA:99,0
DA:101,0
DA:105,0
DA:106,0
DA:107,0
DA:112,0
DA:113,0
DA:114,0
DA:116,0
DA:117,0
DA:118,0
DA:119,0
DA:125,0
DA:127,0
DA:128,0
DA:129,0
DA:130,0
DA:134,0
DA:135,0
DA:136,0
DA:137,0
DA:139,0
DA:140,0
DA:142,0
DA:144,0
DA:145,0
DA:149,0
DA:150,0
DA:153,0
DA:158,0
DA:159,0
DA:160,0
DA:161,0
DA:165,0
DA:166,0
DA:167,0
DA:168,0
DA:169,0
DA:170,0
DA:171,0
DA:172,0
DA:175,0
DA:176,0
DA:180,0
DA:181,0
DA:182,0
DA:183,0
DA:189,0
DA:190,0
DA:192,0
DA:193,0
DA:194,0
DA:196,0
DA:197,0
DA:198,0
DA:199,0
DA:200,0
DA:201,0
DA:202,0
DA:203,0
DA:204,0
DA:205,0
DA:212,0
DA:213,0
DA:214,0
DA:215,0
DA:217,0
DA:218,0
DA:220,0
DA:221,0
DA:224,0
DA:225,0
DA:226,0
DA:227,0
DA:229,0
DA:230,0
DA:231,0
DA:233,0
DA:235,0
DA:236,0
DA:239,0
DA:240,0
DA:241,0
DA:242,0
DA:243,0
DA:244,0
DA:247,0
DA:248,0
DA:249,0
DA:250,0
DA:253,0
DA:254,0
DA:255,0
DA:257,0
DA:258,0
DA:262,0
DA:265,0
DA:272,0
DA:273,0
DA:275,0
DA:276,0
DA:278,0
DA:279,0
DA:280,0
DA:282,0
DA:283,0
DA:284,0
DA:287,0
DA:290,0
DA:291,0
DA:298,0
DA:299,0
DA:300,0
DA:301,0
DA:302,0
DA:309,0
DA:312,0
DA:313,0
DA:318,0
DA:319,0
DA:320,0
DA:322,0
DA:338,0
DA:342,0
DA:343,0
DA:344,0
DA:345,0
DA:346,0
DA:347,0
DA:349,0
DA:351,0
DA:354,0
DA:355,0
DA:357,0
DA:358,0
DA:359,0
DA:360,0
DA:361,0
DA:364,0
DA:367,0
DA:370,0
DA:371,0
DA:372,0
DA:380,0
DA:381,0
DA:382,0
DA:383,0
DA:386,0
DA:387,0
DA:390,0
DA:398,0
DA:400,0
DA:402,0
DA:403,0
DA:404,0
DA:407,0
DA:408,0
DA:409,0
DA:413,0
DA:414,0
DA:417,0
DA:418,0
DA:422,0
DA:427,0
DA:441,0
DA:442,0
DA:443,0
DA:444,0
DA:445,0
DA:446,0
DA:447,0
DA:448,0
DA:449,0
DA:454,0
DA:455,0
DA:456,0
DA:457,0
DA:458,0
DA:459,0
DA:460,0
DA:461,0
DA:467,0
DA:468,0
DA:470,0
DA:471,0
DA:473,0
DA:497,0
DA:498,0
DA:499,0
DA:500,0
DA:504,0
DA:505,0
DA:506,0
DA:507,0
DA:508,0
DA:509,0
DA:515,0
DA:516,0
DA:517,0
DA:518,0
DA:519,0
DA:525,0
DA:526,0
DA:527,0
DA:528,0
DA:533,0
DA:534,0
DA:536,0
DA:540,0
DA:543,0
DA:544,0
DA:547,0
DA:548,0
LF:258
LH:0
BRDA:18,0,0,0
BRDA:18,0,1,0
BRDA:19,1,0,0
BRDA:19,1,1,0
BRDA:20,2,0,0
BRDA:20,2,1,0
BRDA:28,3,0,0
BRDA:28,3,1,0
BRDA:28,4,0,0
BRDA:28,4,1,0
BRDA:30,5,0,0
BRDA:30,5,1,0
BRDA:48,6,0,0
BRDA:48,6,1,0
BRDA:51,7,0,0
BRDA:51,7,1,0
BRDA:55,8,0,0
BRDA:55,8,1,0
BRDA:57,9,0,0
BRDA:57,9,1,0
BRDA:60,10,0,0
BRDA:60,10,1,0
BRDA:89,11,0,0
BRDA:89,11,1,0
BRDA:91,12,0,0
BRDA:91,12,1,0
BRDA:94,13,0,0
BRDA:94,13,1,0
BRDA:94,14,0,0
BRDA:94,14,1,0
BRDA:97,15,0,0
BRDA:97,15,1,0
BRDA:106,16,0,0
BRDA:106,16,1,0
BRDA:106,17,0,0
BRDA:106,17,1,0
BRDA:114,18,0,0
BRDA:114,18,1,0
BRDA:116,19,0,0
BRDA:116,19,1,0
BRDA:117,20,0,0
BRDA:117,20,1,0
BRDA:127,21,0,0
BRDA:127,21,1,0
BRDA:127,22,0,0
BRDA:127,22,1,0
BRDA:127,22,2,0
BRDA:135,23,0,0
BRDA:135,23,1,0
BRDA:142,24,0,0
BRDA:142,24,1,0
BRDA:144,25,0,0
BRDA:144,25,1,0
BRDA:144,26,0,0
BRDA:144,26,1,0
BRDA:150,27,0,0
BRDA:150,27,1,0
BRDA:159,28,0,0
BRDA:159,28,1,0
BRDA:159,29,0,0
BRDA:159,29,1,0
BRDA:166,30,0,0
BRDA:166,30,1,0
BRDA:181,31,0,0
BRDA:181,31,1,0
BRDA:190,32,0,0
BRDA:190,32,1,0
BRDA:196,33,0,0
BRDA:196,33,1,0
BRDA:196,34,0,0
BRDA:196,34,1,0
BRDA:198,35,0,0
BRDA:198,35,1,0
BRDA:199,36,0,0
BRDA:199,36,1,0
BRDA:199,37,0,0
BRDA:199,37,1,0
BRDA:201,38,0,0
BRDA:201,38,1,0
BRDA:202,39,0,0
BRDA:202,39,1,0
BRDA:204,40,0,0
BRDA:204,40,1,0
BRDA:205,41,0,0
BRDA:205,41,1,0
BRDA:218,42,0,0
BRDA:218,42,1,0
BRDA:220,43,0,0
BRDA:220,43,1,0
BRDA:224,44,0,0
BRDA:224,44,1,0
BRDA:235,45,0,0
BRDA:235,45,1,0
BRDA:239,46,0,0
BRDA:239,46,1,0
BRDA:248,47,0,0
BRDA:248,47,1,0
BRDA:254,48,0,0
BRDA:254,48,1,0
BRDA:275,49,0,0
BRDA:275,49,1,0
BRDA:278,50,0,0
BRDA:278,50,1,0
BRDA:290,51,0,0
BRDA:290,51,1,0
BRDA:290,52,0,0
BRDA:290,52,1,0
BRDA:299,53,0,0
BRDA:299,53,1,0
BRDA:319,54,0,0
BRDA:319,54,1,0
BRDA:323,55,0,0
BRDA:323,55,1,0
BRDA:324,56,0,0
BRDA:324,56,1,0
BRDA:327,57,0,0
BRDA:327,57,1,0
BRDA:328,58,0,0
BRDA:328,58,1,0
BRDA:344,59,0,0
BRDA:344,59,1,0
BRDA:349,60,0,0
BRDA:349,60,1,0
BRDA:355,61,0,0
BRDA:355,61,1,0
BRDA:357,62,0,0
BRDA:357,62,1,0
BRDA:359,63,0,0
BRDA:359,63,1,0
BRDA:361,64,0,0
BRDA:361,64,1,0
BRDA:371,65,0,0
BRDA:371,65,1,0
BRDA:380,66,0,0
BRDA:380,66,1,0
BRDA:381,67,0,0
BRDA:381,67,1,0
BRDA:382,68,0,0
BRDA:382,68,1,0
BRDA:383,69,0,0
BRDA:383,69,1,0
BRDA:386,70,0,0
BRDA:386,70,1,0
BRDA:400,71,0,0
BRDA:400,71,1,0
BRDA:400,71,2,0
BRDA:400,71,3,0
BRDA:453,72,0,0
BRDA:456,73,0,0
BRDA:456,73,1,0
BRDA:468,74,0,0
BRDA:468,74,1,0
BRDA:517,75,0,0
BRDA:517,75,1,0
BRDA:517,76,0,0
BRDA:517,76,1,0
BRDA:517,76,2,0
BRDA:533,77,0,0
BRDA:533,77,1,0
BRDA:544,78,0,0
BRDA:544,78,1,0
BRF:161
BRH:0
end_of_record
TN:
SF:static/js/conference-filter.js
FN:3,(anonymous_0)
FN:23,(anonymous_1)
FN:36,(anonymous_2)
FN:39,(anonymous_3)
FN:53,(anonymous_4)
FN:72,(anonymous_5)
FN:82,(anonymous_6)
FN:97,(anonymous_7)
FN:109,(anonymous_8)
FN:124,(anonymous_9)
FN:127,(anonymous_10)
FN:138,(anonymous_11)
FN:149,(anonymous_12)
FN:169,(anonymous_13)
FN:201,(anonymous_14)
FN:208,(anonymous_15)
FN:214,(anonymous_16)
FN:228,(anonymous_17)
FN:235,(anonymous_18)
FN:245,(anonymous_19)
FN:260,(anonymous_20)
FN:271,(anonymous_21)
FN:275,(anonymous_22)
FN:280,(anonymous_23)
FN:287,(anonymous_24)
FN:313,(anonymous_25)
FN:322,(anonymous_26)
FN:325,(anonymous_27)
FN:328,(anonymous_28)
FN:331,(anonymous_29)
FN:334,(anonymous_30)
FN:337,(anonymous_31)
FN:343,(anonymous_32)
FN:349,(anonymous_33)
FN:351,(anonymous_34)
FN:354,(anonymous_35)
FN:356,(anonymous_36)
FN:360,(anonymous_37)
FNF:38
FNH:31
FNDA:32,(anonymous_0)
FNDA:33,(anonymous_1)
FNDA:59,(anonymous_2)
FNDA:285,(anonymous_3)
FNDA:2,(anonymous_4)
FNDA:22,(anonymous_5)
FNDA:22,(anonymous_6)
FNDA:84,(anonymous_7)
FNDA:24,(anonymous_8)
FNDA:5,(anonymous_9)
FNDA:0,(anonymous_10)
FNDA:84,(anonymous_11)
FNDA:3,(anonymous_12)
FNDA:16,(anonymous_13)
FNDA:1,(anonymous_14)
FNDA:3,(anonymous_15)
FNDA:3,(anonymous_16)
FNDA:3,(anonymous_17)
FNDA:32,(anonymous_18)
FNDA:0,(anonymous_19)
FNDA:2,(anonymous_20)
FNDA:13,(anonymous_21)
FNDA:13,(anonymous_22)
FNDA:27,(anonymous_23)
FNDA:59,(anonymous_24)
FNDA:9,(anonymous_25)
FNDA:33,(anonymous_26)
FNDA:14,(anonymous_27)
FNDA:3,(anonymous_28)
FNDA:3,(anonymous_29)
FNDA:20,(anonymous_30)
FNDA:3,(anonymous_31)
FNDA:1,(anonymous_32)
FNDA:0,(anonymous_33)
FNDA:0,(anonymous_34)
FNDA:0,(anonymous_35)
FNDA:0,(anonymous_36)
FNDA:0,(anonymous_37)
DA:3,32
DA:6,32
DA:25,33
DA:26,1
DA:28,32
DA:30,32
DA:31,32
DA:32,32
DA:38,59
DA:39,59
DA:40,285
DA:44,59
DA:45,2
DA:49,59
DA:50,59
DA:52,59
DA:53,2
DA:56,58
DA:57,58
DA:59,2
DA:60,1
DA:62,1
DA:66,56
DA:73,22
DA:78,22
DA:83,22
DA:85,22
DA:88,5
DA:91,17
DA:99,84
DA:103,63
DA:106,21
DA:109,21
DA:110,24
DA:115,84
DA:116,5
DA:120,84
DA:125,5
DA:127,5
DA:128,0
DA:129,0
DA:131,0
DA:132,0
DA:140,84
DA:141,2
DA:145,84
DA:151,3
DA:152,0
DA:156,3
DA:157,1
DA:158,2
DA:159,1
DA:161,1
DA:164,3
DA:165,3
DA:171,16
DA:174,16
DA:176,1
DA:179,15
DA:183,16
DA:184,16
DA:187,16
DA:188,16
DA:190,15
DA:192,15
DA:194,1
DA:196,14
DA:198,15
DA:201,15
DA:202,1
DA:209,3
DA:210,3
DA:215,3
DA:216,3
DA:219,3
DA:220,3
DA:221,3
DA:223,3
DA:224,3
DA:229,3
DA:230,3
DA:231,3
DA:236,32
DA:239,32
DA:240,32
DA:241,32
DA:242,32
DA:245,32
DA:247,0
DA:248,0
DA:250,0
DA:251,0
DA:256,32
DA:259,32
DA:261,2
DA:262,2
DA:263,2
DA:264,2
DA:266,1
DA:271,32
DA:272,13
DA:275,32
DA:276,13
DA:280,32
DA:281,27
DA:282,27
DA:289,59
DA:290,0
DA:294,59
DA:297,59
DA:298,59
DA:300,58
DA:303,58
DA:305,56
DA:308,2
DA:310,58
DA:313,58
DA:314,9
DA:321,32
DA:323,33
DA:326,14
DA:329,3
DA:332,3
DA:335,20
DA:338,3
DA:343,32
DA:347,32
DA:349,32
DA:351,0
DA:353,0
DA:354,0
DA:356,0
DA:360,0
LF:133
LH:118
BRDA:25,0,0,1
BRDA:25,0,1,32
BRDA:40,1,0,285
BRDA:40,1,1,0
BRDA:44,2,0,2
BRDA:44,2,1,57
BRDA:52,3,0,1
BRDA:52,3,1,58
BRDA:57,4,0,2
BRDA:57,4,1,56
BRDA:57,5,0,58
BRDA:57,5,1,3
BRDA:59,6,0,1
BRDA:59,6,1,1
BRDA:59,7,0,2
BRDA:59,7,1,2
BRDA:62,8,0,1
BRDA:62,8,1,0
BRDA:85,9,0,5
BRDA:85,9,1,17
BRDA:85,10,0,22
BRDA:85,10,1,20
BRDA:99,11,0,63
BRDA:99,11,1,21
BRDA:99,12,0,84
BRDA:99,12,1,84
BRDA:99,12,2,24
BRDA:99,12,3,24
BRDA:115,13,0,5
BRDA:115,13,1,79
BRDA:131,14,0,0
BRDA:131,14,1,0
BRDA:140,15,0,2
BRDA:140,15,1,82
BRDA:140,16,0,84
BRDA:140,16,1,2
BRDA:151,17,0,0
BRDA:151,17,1,3
BRDA:156,18,0,1
BRDA:156,18,1,2
BRDA:158,19,0,1
BRDA:158,19,1,1
BRDA:171,20,0,16
BRDA:171,20,1,1
BRDA:174,21,0,1
BRDA:174,21,1,15
BRDA:188,22,0,15
BRDA:188,22,1,1
BRDA:188,23,0,16
BRDA:188,23,1,15
BRDA:192,24,0,1
BRDA:192,24,1,14
BRDA:231,25,0,3
BRDA:231,25,1,3
BRDA:247,26,0,0
BRDA:247,26,1,0
BRDA:250,27,0,0
BRDA:250,27,1,0
BRDA:264,28,0,1
BRDA:264,28,1,1
BRDA:289,29,0,0
BRDA:289,29,1,59
BRDA:298,30,0,58
BRDA:298,30,1,1
BRDA:298,31,0,59
BRDA:298,31,1,58
BRDA:303,32,0,56
BRDA:303,32,1,2
BRDA:347,33,0,32
BRDA:347,33,1,0
BRDA:353,34,0,0
BRDA:353,34,1,0
BRF:72
BRH:59
end_of_record
TN:
SF:static/js/conference-manager.js
FN:7,(anonymous_0)
FN:47,(anonymous_1)
FN:49,(anonymous_2)
FN:88,(anonymous_3)
FN:91,(anonymous_4)
FN:108,(anonymous_5)
FN:126,(anonymous_6)
FN:145,(anonymous_7)
FN:152,(anonymous_8)
FN:159,(anonymous_9)
FN:166,(anonymous_10)
FN:180,(anonymous_11)
FN:192,(anonymous_12)
FN:200,(anonymous_13)
FN:211,(anonymous_14)
FN:223,(anonymous_15)
FN:230,(anonymous_16)
FN:237,(anonymous_17)
FN:239,(anonymous_18)
FN:240,(anonymous_19)
FN:241,(anonymous_20)
FN:252,(anonymous_21)
FN:254,(anonymous_22)
FN:259,(anonymous_23)
FN:270,(anonymous_24)
FN:273,(anonymous_25)
FN:274,(anonymous_26)
FN:290,(anonymous_27)
FN:295,(anonymous_28)
FN:302,(anonymous_29)
FN:316,(anonymous_30)
FN:334,(anonymous_31)
FN:345,(anonymous_32)
FN:354,(anonymous_33)
FN:358,(anonymous_34)
FN:367,(anonymous_35)
FN:377,(anonymous_36)
FN:387,(anonymous_37)
FNF:38
FNH:0
FNDA:0,(anonymous_0)
FNDA:0,(anonymous_1)
FNDA:0,(anonymous_2)
FNDA:0,(anonymous_3)
FNDA:0,(anonymous_4)
FNDA:0,(anonymous_5)
FNDA:0,(anonymous_6)
FNDA:0,(anonymous_7)
FNDA:0,(anonymous_8)
FNDA:0,(anonymous_9)
FNDA:0,(anonymous_10)
FNDA:0,(anonymous_11)
FNDA:0,(anonymous_12)
FNDA:0,(anonymous_13)
FNDA:0,(anonymous_14)
FNDA:0,(anonymous_15)
FNDA:0,(anonymous_16)
FNDA:0,(anonymous_17)
FNDA:0,(anonymous_18)
FNDA:0,(anonymous_19)
FNDA:0,(anonymous_20)
FNDA:0,(anonymous_21)
FNDA:0,(anonymous_22)
FNDA:0,(anonymous_23)
FNDA:0,(anonymous_24)
FNDA:0,(anonymous_25)
FNDA:0,(anonymous_26)
FNDA:0,(anonymous_27)
FNDA:0,(anonymous_28)
FNDA:0,(anonymous_29)
FNDA:0,(anonymous_30)
FNDA:0,(anonymous_31)
FNDA:0,(anonymous_32)
FNDA:0,(anonymous_33)
FNDA:0,(anonymous_34)
FNDA:0,(anonymous_35)
FNDA:0,(anonymous_36)
FNDA:0,(anonymous_37)
DA:9,0
DA:10,0
DA:11,0
DA:14,0
DA:15,0
DA:19,0
DA:23,0
DA:24,0
DA:27,0
DA:30,0
DA:31,0
DA:34,0
DA:37,0
DA:49,0
DA:50,0
DA:53,0
DA:72,0
DA:73,0
DA:74,0
DA:77,0
DA:78,0
DA:80,0
DA:90,0
DA:91,0
DA:92,0
DA:93,0
DA:94,0
DA:95,0
DA:98,0
DA:99,0
DA:101,0
DA:106,0
DA:107,0
DA:108,0
DA:109,0
DA:110,0
DA:111,0
DA:112,0
DA:115,0
DA:116,0
DA:118,0
DA:127,0
DA:129,0
DA:131,0
DA:132,0
DA:134,0
DA:135,0
DA:137,0
DA:146,0
DA:153,0
DA:160,0
DA:167,0
DA:168,0
DA:169,0
DA:170,0
DA:171,0
DA:172,0
DA:174,0
DA:181,0
DA:182,0
DA:183,0
DA:184,0
DA:186,0
DA:193,0
DA:194,0
DA:195,0
DA:198,0
DA:199,0
DA:200,0
DA:201,0
DA:202,0
DA:205,0
DA:212,0
DA:213,0
DA:214,0
DA:215,0
DA:217,0
DA:224,0
DA:231,0
DA:238,0
DA:239,0
DA:240,0
DA:243,0
DA:244,0
DA:245,0
DA:253,0
DA:254,0
DA:255,0
DA:256,0
DA:257,0
DA:259,0
DA:264,0
DA:271,0
DA:272,0
DA:273,0
DA:275,0
DA:276,0
DA:277,0
DA:284,0
DA:285,0
DA:289,0
DA:290,0
DA:291,0
DA:294,0
DA:295,0
DA:297,0
DA:301,0
DA:302,0
DA:305,0
DA:317,0
DA:319,0
DA:320,0
DA:322,0
DA:324,0
DA:326,0
DA:327,0
DA:335,0
DA:336,0
DA:338,0
DA:346,0
DA:355,0
DA:356,0
DA:358,0
DA:359,0
DA:360,0
DA:368,0
DA:370,0
DA:378,0
DA:379,0
DA:380,0
DA:381,0
DA:382,0
DA:387,0
DA:389,0
DA:390,0
DA:391,0
DA:395,0
LF:137
LH:0
BRDA:14,0,0,0
BRDA:14,0,1,0
BRDA:30,1,0,0
BRDA:30,1,1,0
BRDA:30,2,0,0
BRDA:30,2,1,0
BRDA:72,3,0,0
BRDA:72,3,1,0
BRDA:72,4,0,0
BRDA:72,4,1,0
BRDA:77,5,0,0
BRDA:77,5,1,0
BRDA:90,6,0,0
BRDA:90,6,1,0
BRDA:98,7,0,0
BRDA:98,7,1,0
BRDA:106,8,0,0
BRDA:106,8,1,0
BRDA:115,9,0,0
BRDA:115,9,1,0
BRDA:127,10,0,0
BRDA:127,10,1,0
BRDA:160,11,0,0
BRDA:160,11,1,0
BRDA:168,12,0,0
BRDA:168,12,1,0
BRDA:181,13,0,0
BRDA:181,13,1,0
BRDA:201,14,0,0
BRDA:201,14,1,0
BRDA:201,15,0,0
BRDA:201,15,1,0
BRDA:212,16,0,0
BRDA:212,16,1,0
BRDA:243,17,0,0
BRDA:243,17,1,0
BRDA:243,17,2,0
BRDA:244,18,0,0
BRDA:244,18,1,0
BRDA:244,18,2,0
BRDA:256,19,0,0
BRDA:256,19,1,0
BRDA:273,20,0,0
BRDA:273,20,1,0
BRDA:284,21,0,0
BRDA:284,21,1,0
BRDA:291,22,0,0
BRDA:291,22,1,0
BRDA:308,23,0,0
BRDA:308,23,1,0
BRDA:320,24,0,0
BRDA:320,24,1,0
BRDA:324,25,0,0
BRDA:324,25,1,0
BRDA:354,26,0,0
BRDA:359,27,0,0
BRDA:359,27,1,0
BRDA:360,28,0,0
BRDA:360,28,1,0
BRDA:389,29,0,0
BRDA:389,29,1,0
BRF:61
BRH:0
end_of_record
TN:
SF:static/js/countdown-simple.js
FN:3,(anonymous_0)
FN:15,updateAllCountdowns
FN:17,(anonymous_2)
FN:85,init
FN:99,(anonymous_4)
FN:107,(anonymous_5)
FN:122,(anonymous_6)
FN:128,(anonymous_7)
FN:136,(anonymous_8)
FNF:9
FNH:9
FNDA:26,(anonymous_0)
FNDA:48,updateAllCountdowns
FNDA:61,(anonymous_2)
FNDA:45,init
FNDA:16,(anonymous_4)
FNDA:59,(anonymous_5)
FNDA:1,(anonymous_6)
FNDA:1,(anonymous_7)
FNDA:1,(anonymous_8)
DA:3,26
DA:7,26
DA:8,26
DA:9,1
DA:10,1
DA:13,25
DA:17,48
DA:18,61
DA:19,61
DA:21,61
DA:22,2
DA:26,59
DA:28,59
DA:31,58
DA:32,3
DA:36,8
DA:37,2
DA:38,2
DA:39,2
DA:43,7
DA:44,2
DA:45,2
DA:46,2
DA:49,52
DA:50,52
DA:51,52
DA:55,5
DA:56,5
DA:58,5
DA:60,2
DA:63,2
DA:66,3
DA:67,3
DA:68,3
DA:69,3
DA:71,3
DA:73,1
DA:76,2
DA:79,3
DA:87,45
DA:88,1
DA:92,45
DA:95,45
DA:99,25
DA:100,16
DA:101,16
DA:102,16
DA:107,25
DA:108,59
DA:109,39
DA:110,4
DA:111,4
DA:115,20
DA:120,25
DA:129,1
DA:137,1
DA:138,1
DA:139,1
DA:145,25
DA:146,1
DA:148,24
LF:61
LH:61
BRDA:7,0,0,25
BRDA:7,0,1,1
BRDA:8,1,0,1
BRDA:8,1,1,25
BRDA:19,2,0,61
BRDA:19,2,1,44
BRDA:21,3,0,2
BRDA:21,3,1,59
BRDA:21,4,0,61
BRDA:21,4,1,61
BRDA:21,4,2,60
BRDA:31,5,0,3
BRDA:31,5,1,5
BRDA:36,6,0,2
BRDA:36,6,1,5
BRDA:38,7,0,2
BRDA:38,7,1,0
BRDA:43,8,0,2
BRDA:43,8,1,5
BRDA:58,9,0,2
BRDA:58,9,1,3
BRDA:60,10,0,1
BRDA:60,10,1,1
BRDA:71,11,0,1
BRDA:71,11,1,2
BRDA:87,12,0,1
BRDA:87,12,1,44
BRDA:100,13,0,16
BRDA:100,13,1,0
BRDA:108,14,0,39
BRDA:108,14,1,20
BRDA:109,15,0,4
BRDA:109,15,1,35
BRDA:137,16,0,1
BRDA:137,16,1,0
BRDA:145,17,0,1
BRDA:145,17,1,24
BRF:37
BRH:34
end_of_record
TN:
SF:static/js/dashboard-filters.js
FN:10,(anonymous_0)
FN:19,(anonymous_1)
FN:25,(anonymous_2)
FN:33,(anonymous_3)
FN:41,(anonymous_4)
FN:55,(anonymous_5)
FN:59,(anonymous_6)
FN:68,(anonymous_7)
FN:77,(anonymous_8)
FN:101,(anonymous_9)
FN:103,(anonymous_10)
FN:105,(anonymous_11)
FN:108,(anonymous_12)
FN:111,(anonymous_13)
FN:125,(anonymous_14)
FN:130,(anonymous_15)
FN:135,(anonymous_16)
FN:154,(anonymous_17)
FN:157,(anonymous_18)
FN:163,(anonymous_19)
FN:184,(anonymous_20)
FN:203,(anonymous_21)
FN:206,(anonymous_22)
FN:209,(anonymous_23)
FN:212,(anonymous_24)
FN:229,(anonymous_25)
FN:239,(anonymous_26)
FN:243,(anonymous_27)
FN:247,(anonymous_28)
FN:264,(anonymous_29)
FN:272,(anonymous_30)
FN:280,(anonymous_31)
FN:300,(anonymous_32)
FN:313,(anonymous_33)
FNF:34
FNH:0
FNDA:0,(anonymous_0)
FNDA:0,(anonymous_1)
FNDA:0,(anonymous_2)
FNDA:0,(anonymous_3)
FNDA:0,(anonymous_4)
FNDA:0,(anonymous_5)
FNDA:0,(anonymous_6)
FNDA:0,(anonymous_7)
FNDA:0,(anonymous_8)
FNDA:0,(anonymous_9)
FNDA:0,(anonymous_10)
FNDA:0,(anonymous_11)
FNDA:0,(anonymous_12)
FNDA:0,(anonymous_13)
FNDA:0,(anonymous_14)
FNDA:0,(anonymous_15)
FNDA:0,(anonymous_16)
FNDA:0,(anonymous_17)
FNDA:0,(anonymous_18)
FNDA:0,(anonymous_19)
FNDA:0,(anonymous_20)
FNDA:0,(anonymous_21)
FNDA:0,(anonymous_22)
FNDA:0,(anonymous_23)
FNDA:0,(anonymous_24)
FNDA:0,(anonymous_25)
FNDA:0,(anonymous_26)
FNDA:0,(anonymous_27)
FNDA:0,(anonymous_28)
FNDA:0,(anonymous_29)
FNDA:0,(anonymous_30)
FNDA:0,(anonymous_31)
FNDA:0,(anonymous_32)
FNDA:0,(anonymous_33)
DA:6,0
DA:11,0
DA:12,0
DA:13,0
DA:20,0
DA:23,0
DA:24,0
DA:25,0
DA:26,0
DA:31,0
DA:32,0
DA:33,0
DA:34,0
DA:39,0
DA:40,0
DA:41,0
DA:42,0
DA:47,0
DA:48,0
DA:56,0
DA:59,0
DA:60,0
DA:63,0
DA:64,0
DA:68,0
DA:69,0
DA:72,0
DA:73,0
DA:77,0
DA:78,0
DA:81,0
DA:82,0
DA:86,0
DA:87,0
DA:91,0
DA:95,0
DA:103,0
DA:104,0
DA:106,0
DA:109,0
DA:112,0
DA:117,0
DA:121,0
DA:122,0
DA:123,0
DA:125,0
DA:126,0
DA:130,0
DA:131,0
DA:135,0
DA:136,0
DA:140,0
DA:141,0
DA:147,0
DA:156,0
DA:158,0
DA:159,0
DA:163,0
DA:165,0
DA:168,0
DA:171,0
DA:174,0
DA:178,0
DA:185,0
DA:187,0
DA:189,0
DA:190,0
DA:191,0
DA:192,0
DA:194,0
DA:196,0
DA:204,0
DA:207,0
DA:210,0
DA:213,0
DA:218,0
DA:219,0
DA:220,0
DA:222,0
DA:223,0
DA:230,0
DA:231,0
DA:233,0
DA:236,0
DA:239,0
DA:240,0
DA:243,0
DA:244,0
DA:247,0
DA:248,0
DA:251,0
DA:252,0
DA:256,0
DA:258,0
DA:265,0
DA:266,0
DA:268,0
DA:270,0
DA:272,0
DA:273,0
DA:280,0
DA:281,0
DA:283,0
DA:284,0
DA:285,0
DA:288,0
DA:292,0
DA:302,0
DA:303,0
DA:304,0
DA:308,0
DA:313,0
DA:314,0
DA:315,0
LF:114
LH:0
BRDA:24,0,0,0
BRDA:24,0,1,0
BRDA:32,1,0,0
BRDA:32,1,1,0
BRDA:40,2,0,0
BRDA:40,2,1,0
BRDA:47,3,0,0
BRDA:47,3,1,0
BRDA:63,4,0,0
BRDA:63,4,1,0
BRDA:72,5,0,0
BRDA:72,5,1,0
BRDA:81,6,0,0
BRDA:81,6,1,0
BRDA:86,7,0,0
BRDA:86,7,1,0
BRDA:91,8,0,0
BRDA:91,8,1,0
BRDA:121,9,0,0
BRDA:121,9,1,0
BRDA:123,10,0,0
BRDA:123,10,1,0
BRDA:140,11,0,0
BRDA:140,11,1,0
BRDA:187,12,0,0
BRDA:187,12,1,0
BRDA:190,13,0,0
BRDA:190,13,1,0
BRDA:218,14,0,0
BRDA:218,14,1,0
BRDA:230,15,0,0
BRDA:230,15,1,0
BRDA:233,16,0,0
BRDA:233,16,1,0
BRDA:251,17,0,0
BRDA:251,17,1,0
BRDA:265,18,0,0
BRDA:265,18,1,0
BRDA:268,19,0,0
BRDA:268,19,1,0
BRDA:281,20,0,0
BRDA:281,20,1,0
BRDA:303,21,0,0
BRDA:303,21,1,0
BRDA:314,22,0,0
BRDA:314,22,1,0
BRF:46
BRH:0
end_of_record
TN:
SF:static/js/dashboard.js
FN:14,(anonymous_0)
FN:38,(anonymous_1)
FN:44,(anonymous_2)
FN:71,(anonymous_3)
FN:76,(anonymous_4)
FN:80,(anonymous_5)
FN:84,(anonymous_6)
FN:92,(anonymous_7)
FN:99,(anonymous_8)
FN:101,(anonymous_9)
FN:102,(anonymous_10)
FN:108,(anonymous_11)
FN:125,(anonymous_12)
FN:138,(anonymous_13)
FN:153,(anonymous_14)
FN:161,(anonymous_15)
FN:168,(anonymous_16)
FN:183,(anonymous_17)
FN:256,(anonymous_18)
FN:257,(anonymous_19)
FN:258,(anonymous_20)
FN:329,(anonymous_21)
FN:341,(anonymous_22)
FN:356,(anonymous_23)
FN:357,(anonymous_24)
FN:358,(anonymous_25)
FN:364,(anonymous_26)
FN:386,(anonymous_27)
FN:393,(anonymous_28)
FN:398,(anonymous_29)
FN:400,(anonymous_30)
FN:417,(anonymous_31)
FN:420,(anonymous_32)
FN:423,(anonymous_33)
FN:429,(anonymous_34)
FN:434,(anonymous_35)
FN:435,(anonymous_36)
FN:441,(anonymous_37)
FN:448,(anonymous_38)
FNF:39
FNH:0
FNDA:0,(anonymous_0)
FNDA:0,(anonymous_1)
FNDA:0,(anonymous_2)
FNDA:0,(anonymous_3)
FNDA:0,(anonymous_4)
FNDA:0,(anonymous_5)
FNDA:0,(anonymous_6)
FNDA:0,(anonymous_7)
FNDA:0,(anonymous_8)
FNDA:0,(anonymous_9)
FNDA:0,(anonymous_10)
FNDA:0,(anonymous_11)
FNDA:0,(anonymous_12)
FNDA:0,(anonymous_13)
FNDA:0,(anonymous_14)
FNDA:0,(anonymous_15)
FNDA:0,(anonymous_16)
FNDA:0,(anonymous_17)
FNDA:0,(anonymous_18)
FNDA:0,(anonymous_19)
FNDA:0,(anonymous_20)
FNDA:0,(anonymous_21)
FNDA:0,(anonymous_22)
FNDA:0,(anonymous_23)
FNDA:0,(anonymous_24)
FNDA:0,(anonymous_25)
FNDA:0,(anonymous_26)
FNDA:0,(anonymous_27)
FNDA:0,(anonymous_28)
FNDA:0,(anonymous_29)
FNDA:0,(anonymous_30)
FNDA:0,(anonymous_31)
FNDA:0,(anonymous_32)
FNDA:0,(anonymous_33)
FNDA:0,(anonymous_34)
FNDA:0,(anonymous_35)
FNDA:0,(anonymous_36)
FNDA:0,(anonymous_37)
FNDA:0,(anonymous_38)
DA:6,0
DA:16,0
DA:18,0
DA:21,0
DA:23,0
DA:24,0
DA:25,0
DA:26,0
DA:29,0
DA:30,0
DA:31,0
DA:39,0
DA:42,0
DA:43,0
DA:44,0
DA:45,0
DA:49,0
DA:50,0
DA:51,0
DA:54,0
DA:56,0
DA:59,0
DA:62,0
DA:65,0
DA:73,0
DA:76,0
DA:77,0
DA:80,0
DA:81,0
DA:84,0
DA:85,0
DA:88,0
DA:91,0
DA:92,0
DA:93,0
DA:98,0
DA:99,0
DA:100,0
DA:101,0
DA:102,0
DA:107,0
DA:108,0
DA:109,0
DA:110,0
DA:112,0
DA:113,0
DA:115,0
DA:116,0
DA:118,0
DA:123,0
DA:124,0
DA:125,0
DA:126,0
DA:127,0
DA:132,0
DA:139,0
DA:140,0
DA:142,0
DA:144,0
DA:153,0
DA:154,0
DA:157,0
DA:161,0
DA:162,0
DA:163,0
DA:164,0
DA:168,0
DA:169,0
DA:170,0
DA:174,0
DA:177,0
DA:184,0
DA:187,0
DA:190,0
DA:192,0
DA:194,0
DA:195,0
DA:197,0
DA:199,0
DA:202,0
DA:205,0
DA:208,0
DA:209,0
DA:211,0
DA:212,0
DA:213,0
DA:214,0
DA:215,0
DA:216,0
DA:217,0
DA:218,0
DA:219,0
DA:220,0
DA:221,0
DA:222,0
DA:223,0
DA:224,0
DA:225,0
DA:226,0
DA:227,0
DA:228,0
DA:230,0
DA:231,0
DA:234,0
DA:235,0
DA:237,0
DA:242,0
DA:243,0
DA:244,0
DA:246,0
DA:247,0
DA:249,0
DA:250,0
DA:254,0
DA:255,0
DA:256,0
DA:257,0
DA:258,0
DA:259,0
DA:260,0
DA:264,0
DA:330,0
DA:331,0
DA:332,0
DA:333,0
DA:334,0
DA:342,0
DA:343,0
DA:344,0
DA:345,0
DA:347,0
DA:348,0
DA:349,0
DA:357,0
DA:358,0
DA:365,0
DA:368,0
DA:369,0
DA:372,0
DA:375,0
DA:378,0
DA:379,0
DA:388,0
DA:389,0
DA:393,0
DA:394,0
DA:398,0
DA:399,0
DA:401,0
DA:407,0
DA:408,0
DA:410,0
DA:419,0
DA:420,0
DA:423,0
DA:424,0
DA:425,0
DA:429,0
DA:430,0
DA:434,0
DA:435,0
DA:448,0
DA:452,0
DA:454,0
LF:164
LH:0
BRDA:16,0,0,0
BRDA:16,0,1,0
BRDA:16,1,0,0
BRDA:16,1,1,0
BRDA:30,2,0,0
BRDA:30,2,1,0
BRDA:42,3,0,0
BRDA:42,3,1,0
BRDA:91,4,0,0
BRDA:91,4,1,0
BRDA:98,5,0,0
BRDA:98,5,1,0
BRDA:100,6,0,0
BRDA:100,6,1,0
BRDA:107,7,0,0
BRDA:107,7,1,0
BRDA:109,8,0,0
BRDA:109,8,1,0
BRDA:109,9,0,0
BRDA:109,9,1,0
BRDA:112,10,0,0
BRDA:112,10,1,0
BRDA:112,11,0,0
BRDA:112,11,1,0
BRDA:115,12,0,0
BRDA:115,12,1,0
BRDA:115,13,0,0
BRDA:115,13,1,0
BRDA:123,14,0,0
BRDA:123,14,1,0
BRDA:142,15,0,0
BRDA:142,15,1,0
BRDA:162,16,0,0
BRDA:162,16,1,0
BRDA:163,17,0,0
BRDA:163,17,1,0
BRDA:174,18,0,0
BRDA:174,18,1,0
BRDA:187,19,0,0
BRDA:187,19,1,0
BRDA:190,20,0,0
BRDA:190,20,1,0
BRDA:192,21,0,0
BRDA:192,21,1,0
BRDA:192,22,0,0
BRDA:192,22,1,0
BRDA:195,23,0,0
BRDA:195,23,1,0
BRDA:202,24,0,0
BRDA:202,24,1,0
BRDA:205,25,0,0
BRDA:205,25,1,0
BRDA:211,26,0,0
BRDA:211,26,1,0
BRDA:214,27,0,0
BRDA:214,27,1,0
BRDA:217,28,0,0
BRDA:217,28,1,0
BRDA:220,29,0,0
BRDA:220,29,1,0
BRDA:222,30,0,0
BRDA:222,30,1,0
BRDA:223,31,0,0
BRDA:223,31,1,0
BRDA:226,32,0,0
BRDA:226,32,1,0
BRDA:234,33,0,0
BRDA:234,33,1,0
BRDA:235,34,0,0
BRDA:235,34,1,0
BRDA:237,35,0,0
BRDA:237,35,1,0
BRDA:237,36,0,0
BRDA:237,36,1,0
BRDA:243,37,0,0
BRDA:243,37,1,0
BRDA:246,38,0,0
BRDA:246,38,1,0
BRDA:249,39,0,0
BRDA:249,39,1,0
BRDA:255,40,0,0
BRDA:255,40,1,0
BRDA:259,41,0,0
BRDA:259,41,1,0
BRDA:313,42,0,0
BRDA:313,42,1,0
BRDA:316,43,0,0
BRDA:316,43,1,0
BRDA:330,44,0,0
BRDA:330,44,1,0
BRDA:330,44,2,0
BRDA:330,44,3,0
BRDA:342,45,0,0
BRDA:342,45,1,0
BRDA:378,46,0,0
BRDA:378,46,1,0
BRDA:388,47,0,0
BRDA:388,47,1,0
BRDA:388,48,0,0
BRDA:388,48,1,0
BRDA:452,49,0,0
BRDA:452,49,1,0
BRF:102
BRH:0
end_of_record
TN:
SF:static/js/favorites.js
FN:12,(anonymous_0)
FN:36,(anonymous_1)
FN:45,(anonymous_2)
FN:46,(anonymous_3)
FN:79,(anonymous_4)
FN:110,(anonymous_5)
FN:123,(anonymous_6)
FN:139,(anonymous_7)
FN:151,(anonymous_8)
FN:161,(anonymous_9)
FN:164,(anonymous_10)
FN:178,(anonymous_11)
FN:188,(anonymous_12)
FN:202,(anonymous_13)
FN:207,(anonymous_14)
FN:219,(anonymous_15)
FN:221,(anonymous_16)
FN:226,(anonymous_17)
FN:237,(anonymous_18)
FN:264,(anonymous_19)
FN:267,(anonymous_20)
FN:310,(anonymous_21)
FN:338,(anonymous_22)
FN:354,(anonymous_23)
FN:366,(anonymous_24)
FN:367,(anonymous_25)
FN:373,(anonymous_26)
FN:374,(anonymous_27)
FN:383,(anonymous_28)
FN:408,initFavoritesWhenReady
FN:420,(anonymous_30)
FN:426,(anonymous_31)
FNF:32
FNH:16
FNDA:26,(anonymous_0)
FNDA:19,(anonymous_1)
FNDA:23,(anonymous_2)
FNDA:16,(anonymous_3)
FNDA:2,(anonymous_4)
FNDA:3,(anonymous_5)
FNDA:3,(anonymous_6)
FNDA:2,(anonymous_7)
FNDA:98,(anonymous_8)
FNDA:2,(anonymous_9)
FNDA:2,(anonymous_10)
FNDA:3,(anonymous_11)
FNDA:54,(anonymous_12)
FNDA:42,(anonymous_13)
FNDA:81,(anonymous_14)
FNDA:22,(anonymous_15)
FNDA:0,(anonymous_16)
FNDA:0,(anonymous_17)
FNDA:0,(anonymous_18)
FNDA:0,(anonymous_19)
FNDA:0,(anonymous_20)
FNDA:0,(anonymous_21)
FNDA:0,(anonymous_22)
FNDA:0,(anonymous_23)
FNDA:0,(anonymous_24)
FNDA:0,(anonymous_25)
FNDA:0,(anonymous_26)
FNDA:0,(anonymous_27)
FNDA:0,(anonymous_28)
FNDA:0,initFavoritesWhenReady
FNDA:0,(anonymous_30)
FNDA:0,(anonymous_31)
DA:6,25
DA:14,26
DA:15,1
DA:16,1
DA:20,25
DA:21,2
DA:22,2
DA:25,23
DA:26,23
DA:28,23
DA:29,23
DA:30,23
DA:33,23
DA:36,23
DA:37,19
DA:38,19
DA:46,23
DA:47,16
DA:48,16
DA:50,16
DA:51,16
DA:53,16
DA:54,7
DA:55,7
DA:58,9
DA:60,5
DA:61,5
DA:62,5
DA:63,5
DA:66,4
DA:67,4
DA:68,4
DA:69,4
DA:72,9
DA:80,2
DA:82,2
DA:83,1
DA:84,1
DA:87,1
DA:111,3
DA:113,3
DA:116,3
DA:124,3
DA:125,3
DA:126,3
DA:128,3
DA:130,3
DA:131,3
DA:135,3
DA:138,3
DA:139,2
DA:140,2
DA:141,2
DA:152,98
DA:153,97
DA:155,1
DA:162,2
DA:163,1
DA:164,1
DA:165,2
DA:166,2
DA:167,2
DA:170,1
DA:172,1
DA:179,3
DA:180,2
DA:182,1
DA:189,54
DA:190,54
DA:193,54
DA:196,54
DA:203,42
DA:206,42
DA:207,42
DA:208,81
DA:209,81
DA:210,81
DA:211,81
DA:221,22
DA:222,0
DA:226,22
DA:227,0
DA:228,0
DA:229,0
DA:238,0
DA:246,0
DA:247,0
DA:248,0
DA:250,0
DA:251,0
DA:252,0
DA:253,0
DA:254,0
DA:255,0
DA:256,0
DA:258,0
DA:265,0
DA:267,0
DA:268,0
DA:269,0
DA:272,0
DA:273,0
DA:277,0
DA:278,0
DA:281,0
DA:282,0
DA:285,0
DA:286,0
DA:289,0
DA:290,0
DA:293,0
DA:294,0
DA:297,0
DA:299,0
DA:300,0
DA:304,0
DA:312,0
DA:313,0
DA:316,0
DA:318,0
DA:330,0
DA:333,0
DA:334,0
DA:335,0
DA:338,0
DA:339,0
DA:342,0
DA:343,0
DA:347,0
DA:356,0
DA:366,0
DA:367,0
DA:368,0
DA:373,0
DA:374,0
DA:375,0
DA:384,0
DA:385,0
DA:386,0
DA:389,0
DA:391,0
DA:393,0
DA:395,0
DA:396,0
DA:399,0
DA:405,25
DA:409,0
DA:410,0
DA:411,0
DA:412,0
DA:413,0
DA:414,0
DA:420,25
DA:421,0
DA:422,0
DA:426,25
DA:427,0
DA:428,0
DA:432,25
DA:433,25
DA:434,25
LF:161
LH:86
BRDA:14,0,0,1
BRDA:14,0,1,25
BRDA:20,1,0,2
BRDA:20,1,1,23
BRDA:53,2,0,7
BRDA:53,2,1,9
BRDA:58,3,0,5
BRDA:58,3,1,4
BRDA:82,4,0,1
BRDA:82,4,1,1
BRDA:89,5,0,1
BRDA:89,5,1,1
BRDA:111,6,0,3
BRDA:111,6,1,0
BRDA:111,7,0,3
BRDA:111,7,1,3
BRDA:124,8,0,3
BRDA:124,8,1,0
BRDA:128,9,0,3
BRDA:128,9,1,0
BRDA:130,10,0,3
BRDA:130,10,1,0
BRDA:138,11,0,2
BRDA:138,11,1,1
BRDA:152,12,0,97
BRDA:152,12,1,1
BRDA:162,13,0,1
BRDA:162,13,1,1
BRDA:166,14,0,2
BRDA:166,14,1,0
BRDA:179,15,0,2
BRDA:179,15,1,1
BRDA:193,16,0,52
BRDA:193,16,1,2
BRDA:196,17,0,52
BRDA:196,17,1,2
BRDA:206,18,0,42
BRDA:206,18,1,0
BRDA:228,19,0,0
BRDA:228,19,1,0
BRDA:243,20,0,0
BRDA:243,20,1,0
BRDA:272,21,0,0
BRDA:272,21,1,0
BRDA:272,22,0,0
BRDA:272,22,1,0
BRDA:293,23,0,0
BRDA:293,23,1,0
BRDA:310,24,0,0
BRDA:312,25,0,0
BRDA:312,25,1,0
BRDA:316,26,0,0
BRDA:316,26,1,0
BRDA:316,27,0,0
BRDA:316,27,1,0
BRDA:333,28,0,0
BRDA:333,28,1,0
BRDA:384,29,0,0
BRDA:384,29,1,0
BRDA:395,30,0,0
BRDA:395,30,1,0
BRDA:409,31,0,0
BRDA:409,31,1,0
BRDA:409,32,0,0
BRDA:409,32,1,0
BRDA:409,32,2,0
BRDA:412,33,0,0
BRDA:412,33,1,0
BRDA:432,34,0,25
BRDA:432,34,1,0
BRDA:432,35,0,25
BRDA:432,35,1,25
BRF:72
BRH:35
end_of_record
TN:
SF:static/js/lazy-load.js
FN:6,(anonymous_0)
FN:25,initializeLazyLoad
FN:45,handleIntersection
FN:46,(anonymous_3)
FN:57,setupLazyLoading
FN:64,(anonymous_5)
FN:94,createPlaceholder
FN:116,loadConferenceCard
FN:133,(anonymous_8)
FN:154,initializeCardFeatures
FN:170,(anonymous_10)
FN:179,(anonymous_11)
FN:192,(anonymous_12)
FN:224,showAllConferences
FN:226,(anonymous_14)
FN:234,loadNextBatch
FN:238,(anonymous_16)
FN:249,cleanup
FN:260,debounce
FN:262,executedFunction
FN:263,(anonymous_20)
FN:275,prefersReducedMotion
FN:280,addPlaceholderStyles
FN:357,(anonymous_23)
FN:362,(anonymous_24)
FN:372,(anonymous_25)
FNF:26
FNH:0
FNDA:0,(anonymous_0)
FNDA:0,initializeLazyLoad
FNDA:0,handleIntersection
FNDA:0,(anonymous_3)
FNDA:0,setupLazyLoading
FNDA:0,(anonymous_5)
FNDA:0,createPlaceholder
FNDA:0,loadConferenceCard
FNDA:0,(anonymous_8)
FNDA:0,initializeCardFeatures
FNDA:0,(anonymous_10)
FNDA:0,(anonymous_11)
FNDA:0,(anonymous_12)
FNDA:0,showAllConferences
FNDA:0,(anonymous_14)
FNDA:0,loadNextBatch
FNDA:0,(anonymous_16)
FNDA:0,cleanup
FNDA:0,debounce
FNDA:0,executedFunction
FNDA:0,(anonymous_20)
FNDA:0,prefersReducedMotion
FNDA:0,addPlaceholderStyles
FNDA:0,(anonymous_23)
FNDA:0,(anonymous_24)
FNDA:0,(anonymous_25)
DA:6,0
DA:10,0
DA:18,0
DA:19,0
DA:20,0
DA:26,0
DA:28,0
DA:29,0
DA:32,0
DA:38,0
DA:39,0
DA:46,0
DA:47,0
DA:48,0
DA:49,0
DA:59,0
DA:61,0
DA:64,0
DA:65,0
DA:67,0
DA:68,0
DA:71,0
DA:74,0
DA:77,0
DA:78,0
DA:81,0
DA:84,0
DA:85,0
DA:95,0
DA:96,0
DA:97,0
DA:98,0
DA:107,0
DA:108,0
DA:109,0
DA:117,0
DA:120,0
DA:122,0
DA:124,0
DA:125,0
DA:126,0
DA:127,0
DA:130,0
DA:133,0
DA:134,0
DA:135,0
DA:139,0
DA:141,0
DA:144,0
DA:147,0
DA:157,0
DA:158,0
DA:161,0
DA:162,0
DA:164,0
DA:166,0
DA:167,0
DA:169,0
DA:170,0
DA:171,0
DA:172,0
DA:174,0
DA:178,0
DA:179,0
DA:180,0
DA:181,0
DA:183,0
DA:191,0
DA:192,0
DA:193,0
DA:202,0
DA:203,0
DA:204,0
DA:205,0
DA:207,0
DA:216,0
DA:217,0
DA:225,0
DA:226,0
DA:227,0
DA:235,0
DA:236,0
DA:238,0
DA:239,0
DA:240,0
DA:241,0
DA:250,0
DA:251,0
DA:252,0
DA:254,0
DA:262,0
DA:263,0
DA:264,0
DA:265,0
DA:267,0
DA:268,0
DA:276,0
DA:281,0
DA:282,0
DA:283,0
DA:284,0
DA:345,0
DA:346,0
DA:352,0
DA:357,0
DA:361,0
DA:362,0
DA:363,0
DA:364,0
DA:367,0
DA:368,0
DA:372,0
DA:373,0
DA:374,0
DA:375,0
LF:115
LH:0
BRDA:26,0,0,0
BRDA:26,0,1,0
BRDA:26,1,0,0
BRDA:26,1,1,0
BRDA:47,2,0,0
BRDA:47,2,1,0
BRDA:61,3,0,0
BRDA:61,3,1,0
BRDA:65,4,0,0
BRDA:65,4,1,0
BRDA:84,5,0,0
BRDA:84,5,1,0
BRDA:95,6,0,0
BRDA:95,6,1,0
BRDA:117,7,0,0
BRDA:117,7,1,0
BRDA:122,8,0,0
BRDA:122,8,1,0
BRDA:158,9,0,0
BRDA:158,9,1,0
BRDA:164,10,0,0
BRDA:164,10,1,0
BRDA:164,11,0,0
BRDA:164,11,1,0
BRDA:164,11,2,0
BRDA:167,12,0,0
BRDA:167,12,1,0
BRDA:167,13,0,0
BRDA:167,13,1,0
BRDA:167,13,2,0
BRDA:167,13,3,0
BRDA:169,14,0,0
BRDA:169,14,1,0
BRDA:171,15,0,0
BRDA:171,15,1,0
BRDA:178,16,0,0
BRDA:178,16,1,0
BRDA:180,17,0,0
BRDA:180,17,1,0
BRDA:202,18,0,0
BRDA:202,18,1,0
BRDA:202,19,0,0
BRDA:202,19,1,0
BRDA:202,19,2,0
BRDA:216,20,0,0
BRDA:216,20,1,0
BRDA:216,21,0,0
BRDA:216,21,1,0
BRDA:240,22,0,0
BRDA:240,22,1,0
BRDA:250,23,0,0
BRDA:250,23,1,0
BRDA:281,24,0,0
BRDA:281,24,1,0
BRDA:345,25,0,0
BRDA:345,25,1,0
BRDA:361,26,0,0
BRDA:361,26,1,0
BRDA:374,27,0,0
BRDA:374,27,1,0
BRF:60
BRH:0
end_of_record
TN:
SF:static/js/notifications.js
FN:14,(anonymous_0)
FN:27,(anonymous_1)
FN:51,(anonymous_2)
FN:84,(anonymous_3)
FN:94,(anonymous_4)
FN:99,(anonymous_5)
FN:106,(anonymous_6)
FN:126,(anonymous_7)
FN:134,(anonymous_8)
FN:136,(anonymous_9)
FN:148,(anonymous_10)
FN:150,(anonymous_11)
FN:155,(anonymous_12)
FN:157,(anonymous_13)
FN:175,(anonymous_14)
FN:185,(anonymous_15)
FN:196,(anonymous_16)
FN:223,(anonymous_17)
FN:233,(anonymous_18)
FN:250,(anonymous_19)
FN:256,(anonymous_20)
FN:261,(anonymous_21)
FN:278,(anonymous_22)
FN:290,(anonymous_23)
FN:310,(anonymous_24)
FN:321,(anonymous_25)
FN:332,(anonymous_26)
FN:361,(anonymous_27)
FN:369,(anonymous_28)
FN:374,(anonymous_29)
FN:381,(anonymous_30)
FN:402,(anonymous_31)
FN:404,(anonymous_32)
FN:409,(anonymous_33)
FN:416,(anonymous_34)
FN:424,(anonymous_35)
FN:437,(anonymous_36)
FN:442,(anonymous_37)
FN:452,(anonymous_38)
FN:466,(anonymous_39)
FNF:40
FNH:34
FNDA:1,(anonymous_0)
FNDA:5,(anonymous_1)
FNDA:4,(anonymous_2)
FNDA:2,(anonymous_3)
FNDA:1,(anonymous_4)
FNDA:0,(anonymous_5)
FNDA:21,(anonymous_6)
FNDA:1,(anonymous_7)
FNDA:22,(anonymous_8)
FNDA:3,(anonymous_9)
FNDA:1,(anonymous_10)
FNDA:1,(anonymous_11)
FNDA:1,(anonymous_12)
FNDA:2,(anonymous_13)
FNDA:13,(anonymous_14)
FNDA:20,(anonymous_15)
FNDA:0,(anonymous_16)
FNDA:0,(anonymous_17)
FNDA:0,(anonymous_18)
FNDA:22,(anonymous_19)
FNDA:9,(anonymous_20)
FNDA:33,(anonymous_21)
FNDA:9,(anonymous_22)
FNDA:9,(anonymous_23)
FNDA:2,(anonymous_24)
FNDA:0,(anonymous_25)
FNDA:14,(anonymous_26)
FNDA:1,(anonymous_27)
FNDA:1,(anonymous_28)
FNDA:2,(anonymous_29)
FNDA:3,(anonymous_30)
FNDA:3,(anonymous_31)
FNDA:1,(anonymous_32)
FNDA:4,(anonymous_33)
FNDA:12,(anonymous_34)
FNDA:2,(anonymous_35)
FNDA:1,(anonymous_36)
FNDA:0,(anonymous_37)
FNDA:1,(anonymous_38)
FNDA:1,(anonymous_39)
DA:6,52
DA:15,1
DA:16,1
DA:17,1
DA:18,1
DA:21,1
DA:28,5
DA:29,4
DA:32,4
DA:34,1
DA:35,3
DA:36,2
DA:37,2
DA:39,1
DA:40,1
DA:43,1
DA:44,1
DA:52,4
DA:53,3
DA:55,3
DA:56,2
DA:62,2
DA:65,2
DA:66,1
DA:67,1
DA:73,1
DA:76,3
DA:78,1
DA:85,2
DA:86,2
DA:94,2
DA:95,1
DA:96,1
DA:99,2
DA:107,21
DA:116,21
DA:117,21
DA:120,21
DA:127,1
DA:128,1
DA:136,22
DA:137,3
DA:138,3
DA:141,22
DA:142,22
DA:150,1
DA:151,1
DA:155,1
DA:157,1
DA:158,2
DA:161,1
DA:162,1
DA:164,1
DA:165,1
DA:168,1
DA:176,13
DA:177,13
DA:178,13
DA:181,13
DA:184,13
DA:185,13
DA:186,20
DA:187,20
DA:188,20
DA:190,20
DA:191,18
DA:196,13
DA:197,0
DA:198,0
DA:200,0
DA:201,0
DA:203,0
DA:204,0
DA:205,0
DA:208,0
DA:209,0
DA:210,0
DA:213,0
DA:214,0
DA:215,0
DA:223,0
DA:224,0
DA:226,0
DA:227,0
DA:228,0
DA:230,0
DA:233,0
DA:236,0
DA:240,0
DA:244,13
DA:251,22
DA:252,22
DA:253,22
DA:254,22
DA:256,22
DA:257,9
DA:258,9
DA:261,9
DA:262,33
DA:263,7
DA:266,7
DA:267,6
DA:270,6
DA:271,6
DA:277,9
DA:278,9
DA:279,9
DA:280,1
DA:283,9
DA:291,9
DA:292,9
DA:297,9
DA:298,9
DA:310,9
DA:311,2
DA:312,1
DA:314,1
DA:316,2
DA:320,9
DA:321,6
DA:326,9
DA:334,14
DA:335,14
DA:338,14
DA:342,14
DA:344,14
DA:357,14
DA:358,14
DA:361,14
DA:362,1
DA:370,1
DA:371,1
DA:372,1
DA:374,1
DA:375,2
DA:378,2
DA:379,1
DA:381,1
DA:382,3
DA:383,3
DA:385,3
DA:386,3
DA:395,1
DA:396,1
DA:404,3
DA:405,1
DA:409,3
DA:410,4
DA:411,2
DA:416,3
DA:417,12
DA:425,2
DA:428,2
DA:429,2
DA:437,2
DA:438,1
DA:439,1
DA:442,2
DA:446,2
DA:454,1
DA:461,1
DA:466,52
DA:467,1
DA:471,52
DA:472,52
LF:165
LH:143
BRDA:28,0,0,4
BRDA:28,0,1,1
BRDA:32,1,0,1
BRDA:32,1,1,3
BRDA:35,2,0,2
BRDA:35,2,1,1
BRDA:52,3,0,3
BRDA:52,3,1,1
BRDA:55,4,0,2
BRDA:55,4,1,1
BRDA:66,5,0,1
BRDA:66,5,1,0
BRDA:85,6,0,2
BRDA:85,6,1,0
BRDA:176,7,0,13
BRDA:176,7,1,13
BRDA:178,8,0,13
BRDA:178,8,1,13
BRDA:181,9,0,0
BRDA:181,9,1,13
BRDA:186,10,0,20
BRDA:186,10,1,0
BRDA:187,11,0,20
BRDA:187,11,1,0
BRDA:188,12,0,20
BRDA:188,12,1,0
BRDA:190,13,0,18
BRDA:190,13,1,2
BRDA:190,14,0,20
BRDA:190,14,1,20
BRDA:190,14,2,20
BRDA:190,14,3,19
BRDA:197,15,0,0
BRDA:197,15,1,0
BRDA:198,16,0,0
BRDA:198,16,1,0
BRDA:201,17,0,0
BRDA:201,17,1,0
BRDA:208,18,0,0
BRDA:208,18,1,0
BRDA:210,19,0,0
BRDA:210,19,1,0
BRDA:213,20,0,0
BRDA:213,20,1,0
BRDA:214,21,0,0
BRDA:214,21,1,0
BRDA:216,22,0,0
BRDA:216,22,1,0
BRDA:227,23,0,0
BRDA:227,23,1,0
BRDA:254,24,0,22
BRDA:254,24,1,20
BRDA:257,25,0,9
BRDA:257,25,1,9
BRDA:262,26,0,7
BRDA:262,26,1,26
BRDA:266,27,0,6
BRDA:266,27,1,1
BRDA:279,28,0,1
BRDA:279,28,1,8
BRDA:292,29,0,1
BRDA:292,29,1,8
BRDA:294,30,0,6
BRDA:294,30,1,2
BRDA:297,31,0,9
BRDA:297,31,1,0
BRDA:306,32,0,9
BRDA:306,32,1,3
BRDA:311,33,0,1
BRDA:311,33,1,1
BRDA:320,34,0,6
BRDA:320,34,1,3
BRDA:326,35,0,6
BRDA:326,35,1,3
BRDA:332,36,0,2
BRDA:334,37,0,14
BRDA:334,37,1,0
BRDA:338,38,0,7
BRDA:338,38,1,7
BRDA:339,39,0,0
BRDA:339,39,1,7
BRDA:340,40,0,0
BRDA:340,40,1,7
BRDA:342,41,0,7
BRDA:342,41,1,7
BRDA:375,42,0,2
BRDA:375,42,1,2
BRDA:378,43,0,1
BRDA:378,43,1,1
BRDA:385,44,0,3
BRDA:385,44,1,0
BRDA:410,45,0,2
BRDA:410,45,1,2
BRDA:428,46,0,2
BRDA:428,46,1,0
BRDA:471,47,0,52
BRDA:471,47,1,0
BRF:97
BRH:66
end_of_record
TN:
SF:static/js/search.js
FN:3,(anonymous_0)
FN:22,createCalendarButtons
FN:81,formatDate
FN:118,createTimer
FN:144,(anonymous_4)
FN:168,(anonymous_5)
FN:189,(anonymous_6)
FN:189,(anonymous_7)
FN:190,(anonymous_8)
FN:243,(anonymous_9)
FN:277,(anonymous_10)
FN:278,(anonymous_11)
FN:296,(anonymous_12)
FN:312,(anonymous_13)
FN:313,(anonymous_14)
FN:321,(anonymous_15)
FNF:16
FNH:12
FNDA:21,(anonymous_0)
FNDA:17,createCalendarButtons
FNDA:19,formatDate
FNDA:17,createTimer
FNDA:0,(anonymous_4)
FNDA:18,(anonymous_5)
FNDA:20,(anonymous_6)
FNDA:20,(anonymous_7)
FNDA:7,(anonymous_8)
FNDA:7,(anonymous_9)
FNDA:7,(anonymous_10)
FNDA:1,(anonymous_11)
FNDA:4,(anonymous_12)
FNDA:0,(anonymous_13)
FNDA:0,(anonymous_14)
FNDA:0,(anonymous_15)
DA:3,21
DA:7,21
DA:10,21
DA:23,17
DA:24,17
DA:26,17
DA:29,17
DA:31,15
DA:32,14
DA:33,14
DA:37,14
DA:38,1
DA:40,14
DA:42,1
DA:46,15
DA:47,14
DA:55,13
DA:58,1
DA:59,1
DA:60,1
DA:61,1
DA:65,1
DA:66,1
DA:67,1
DA:68,1
DA:69,1
DA:72,17
DA:82,19
DA:83,2
DA:86,17
DA:87,17
DA:88,15
DA:89,15
DA:93,15
DA:94,2
DA:97,15
DA:100,2
DA:101,2
DA:102,2
DA:106,0
DA:109,0
DA:119,17
DA:120,2
DA:123,15
DA:124,15
DA:125,14
DA:126,14
DA:130,14
DA:131,1
DA:134,14
DA:136,13
DA:138,12
DA:139,12
DA:140,12
DA:143,12
DA:144,12
DA:145,0
DA:148,0
DA:151,12
DA:153,1
DA:157,1
DA:160,2
DA:168,21
DA:169,18
DA:171,18
DA:174,17
DA:176,17
DA:177,16
DA:179,16
DA:180,18
DA:183,18
DA:184,1
DA:185,1
DA:189,20
DA:190,17
DA:193,17
DA:244,7
DA:245,7
DA:264,16
DA:267,16
DA:268,18
DA:269,18
DA:270,18
DA:271,17
DA:272,17
DA:277,16
DA:278,7
DA:279,1
DA:280,1
DA:281,1
DA:287,1
DA:296,21
DA:297,4
DA:298,4
DA:300,4
DA:301,5
DA:302,5
DA:303,3
DA:306,1
DA:312,21
DA:313,0
DA:314,0
DA:321,21
DA:322,0
LF:104
LH:97
BRDA:29,0,0,15
BRDA:29,0,1,2
BRDA:29,1,0,17
BRDA:29,1,1,16
BRDA:29,1,2,15
BRDA:29,1,3,15
BRDA:31,2,0,14
BRDA:31,2,1,1
BRDA:33,3,0,5
BRDA:33,3,1,9
BRDA:37,4,0,1
BRDA:37,4,1,13
BRDA:46,5,0,14
BRDA:46,5,1,1
BRDA:46,6,0,15
BRDA:46,6,1,15
BRDA:46,6,2,15
BRDA:48,7,0,14
BRDA:48,7,1,14
BRDA:52,8,0,14
BRDA:52,8,1,9
BRDA:53,9,0,14
BRDA:53,9,1,10
BRDA:82,10,0,2
BRDA:82,10,1,17
BRDA:82,11,0,19
BRDA:82,11,1,18
BRDA:82,11,2,17
BRDA:82,11,3,17
BRDA:83,12,0,2
BRDA:83,12,1,1
BRDA:87,13,0,15
BRDA:87,13,1,2
BRDA:89,14,0,5
BRDA:89,14,1,10
BRDA:93,15,0,2
BRDA:93,15,1,13
BRDA:101,16,0,2
BRDA:101,16,1,0
BRDA:119,17,0,2
BRDA:119,17,1,15
BRDA:119,18,0,17
BRDA:119,18,1,16
BRDA:119,18,2,15
BRDA:119,18,3,15
BRDA:120,19,0,2
BRDA:120,19,1,1
BRDA:124,20,0,14
BRDA:124,20,1,1
BRDA:126,21,0,5
BRDA:126,21,1,9
BRDA:130,22,0,1
BRDA:130,22,1,13
BRDA:136,23,0,12
BRDA:136,23,1,1
BRDA:143,24,0,12
BRDA:143,24,1,0
BRDA:143,25,0,12
BRDA:143,25,1,12
BRDA:171,26,0,1
BRDA:171,26,1,17
BRDA:176,27,0,16
BRDA:176,27,1,1
BRDA:183,28,0,1
BRDA:183,28,1,17
BRDA:189,29,0,17
BRDA:189,29,1,13
BRDA:198,30,0,17
BRDA:198,30,1,14
BRDA:198,31,0,17
BRDA:198,31,1,0
BRDA:201,32,0,17
BRDA:201,32,1,14
BRDA:201,33,0,17
BRDA:201,33,1,0
BRDA:203,34,0,4
BRDA:203,34,1,13
BRDA:214,35,0,17
BRDA:214,35,1,1
BRDA:223,36,0,2
BRDA:223,36,1,15
BRDA:223,37,0,0
BRDA:223,37,1,2
BRDA:226,38,0,6
BRDA:226,38,1,11
BRDA:226,39,0,1
BRDA:226,39,1,5
BRDA:236,40,0,17
BRDA:236,40,1,1
BRDA:244,41,0,7
BRDA:244,41,1,7
BRDA:270,42,0,17
BRDA:270,42,1,1
BRDA:270,43,0,18
BRDA:270,43,1,17
BRDA:280,44,0,1
BRDA:280,44,1,0
BRDA:280,45,0,1
BRDA:280,45,1,1
BRDA:302,46,0,3
BRDA:302,46,1,2
BRF:101
BRH:95
end_of_record
TN:
SF:static/js/series-manager.js
FN:13,(anonymous_0)
FN:17,(anonymous_1)
FN:31,(anonymous_2)
FN:42,(anonymous_3)
FN:43,(anonymous_4)
FN:73,(anonymous_5)
FN:74,(anonymous_6)
FN:95,(anonymous_7)
FN:103,(anonymous_8)
FN:116,(anonymous_9)
FN:146,(anonymous_10)
FN:177,(anonymous_11)
FN:197,(anonymous_12)
FN:216,(anonymous_13)
FN:223,(anonymous_14)
FN:230,(anonymous_15)
FN:235,(anonymous_16)
FN:269,(anonymous_17)
FN:296,(anonymous_18)
FN:299,(anonymous_19)
FN:322,(anonymous_20)
FN:323,(anonymous_21)
FN:342,(anonymous_22)
FN:345,(anonymous_23)
FN:364,(anonymous_24)
FN:379,(anonymous_25)
FN:391,(anonymous_26)
FN:426,(anonymous_27)
FN:431,(anonymous_28)
FN:438,(anonymous_29)
FN:449,(anonymous_30)
FN:458,(anonymous_31)
FN:466,(anonymous_32)
FN:481,(anonymous_33)
FN:485,(anonymous_34)
FN:502,(anonymous_35)
FN:527,(anonymous_36)
FNF:37
FNH:0
FNDA:0,(anonymous_0)
FNDA:0,(anonymous_1)
FNDA:0,(anonymous_2)
FNDA:0,(anonymous_3)
FNDA:0,(anonymous_4)
FNDA:0,(anonymous_5)
FNDA:0,(anonymous_6)
FNDA:0,(anonymous_7)
FNDA:0,(anonymous_8)
FNDA:0,(anonymous_9)
FNDA:0,(anonymous_10)
FNDA:0,(anonymous_11)
FNDA:0,(anonymous_12)
FNDA:0,(anonymous_13)
FNDA:0,(anonymous_14)
FNDA:0,(anonymous_15)
FNDA:0,(anonymous_16)
FNDA:0,(anonymous_17)
FNDA:0,(anonymous_18)
FNDA:0,(anonymous_19)
FNDA:0,(anonymous_20)
FNDA:0,(anonymous_21)
FNDA:0,(anonymous_22)
FNDA:0,(anonymous_23)
FNDA:0,(anonymous_24)
FNDA:0,(anonymous_25)
FNDA:0,(anonymous_26)
FNDA:0,(anonymous_27)
FNDA:0,(anonymous_28)
FNDA:0,(anonymous_29)
FNDA:0,(anonymous_30)
FNDA:0,(anonymous_31)
FNDA:0,(anonymous_32)
FNDA:0,(anonymous_33)
FNDA:0,(anonymous_34)
FNDA:0,(anonymous_35)
FNDA:0,(anonymous_36)
DA:6,0
DA:15,0
DA:16,0
DA:17,0
DA:18,0
DA:21,0
DA:22,0
DA:23,0
DA:24,0
DA:25,0
DA:28,0
DA:31,0
DA:32,0
DA:33,0
DA:34,0
DA:43,0
DA:44,0
DA:45,0
DA:47,0
DA:48,0
DA:49,0
DA:51,0
DA:53,0
DA:54,0
DA:56,0
DA:57,0
DA:58,0
DA:59,0
DA:60,0
DA:62,0
DA:63,0
DA:64,0
DA:65,0
DA:74,0
DA:75,0
DA:76,0
DA:78,0
DA:80,0
DA:81,0
DA:82,0
DA:85,0
DA:86,0
DA:87,0
DA:96,0
DA:97,0
DA:105,0
DA:108,0
DA:110,0
DA:117,0
DA:119,0
DA:127,0
DA:130,0
DA:131,0
DA:132,0
DA:135,0
DA:138,0
DA:139,0
DA:147,0
DA:148,0
DA:150,0
DA:159,0
DA:162,0
DA:163,0
DA:166,0
DA:169,0
DA:170,0
DA:178,0
DA:179,0
DA:181,0
DA:182,0
DA:185,0
DA:186,0
DA:187,0
DA:189,0
DA:190,0
DA:198,0
DA:199,0
DA:201,0
DA:202,0
DA:204,0
DA:205,0
DA:208,0
DA:209,0
DA:217,0
DA:224,0
DA:231,0
DA:232,0
DA:233,0
DA:235,0
DA:236,0
DA:237,0
DA:238,0
DA:240,0
DA:243,0
DA:244,0
DA:245,0
DA:247,0
DA:249,0
DA:250,0
DA:251,0
DA:252,0
DA:256,0
DA:258,0
DA:259,0
DA:269,0
DA:270,0
DA:271,0
DA:272,0
DA:273,0
DA:283,0
DA:287,0
DA:288,0
DA:289,0
DA:297,0
DA:299,0
DA:300,0
DA:301,0
DA:303,0
DA:304,0
DA:308,0
DA:309,0
DA:310,0
DA:323,0
DA:324,0
DA:325,0
DA:326,0
DA:328,0
DA:330,0
DA:331,0
DA:332,0
DA:333,0
DA:343,0
DA:345,0
DA:346,0
DA:347,0
DA:348,0
DA:350,0
DA:352,0
DA:353,0
DA:354,0
DA:355,0
DA:357,0
DA:358,0
DA:359,0
DA:364,0
DA:365,0
DA:366,0
DA:367,0
DA:369,0
DA:370,0
DA:371,0
DA:380,0
DA:381,0
DA:383,0
DA:384,0
DA:386,0
DA:387,0
DA:388,0
DA:391,0
DA:392,0
DA:422,0
DA:426,0
DA:427,0
DA:428,0
DA:431,0
DA:432,0
DA:433,0
DA:434,0
DA:435,0
DA:438,0
DA:439,0
DA:440,0
DA:441,0
DA:442,0
DA:450,0
DA:451,0
DA:452,0
DA:459,0
DA:460,0
DA:462,0
DA:463,0
DA:466,0
DA:467,0
DA:468,0
DA:469,0
DA:470,0
DA:475,0
DA:476,0
DA:477,0
DA:481,0
DA:484,0
DA:485,0
DA:486,0
DA:495,0
DA:507,0
DA:513,0
DA:514,0
DA:522,0
DA:527,0
DA:528,0
LF:200
LH:0
BRDA:15,0,0,0
BRDA:15,0,1,0
BRDA:32,1,0,0
BRDA:32,1,1,0
BRDA:51,2,0,0
BRDA:51,2,1,0
BRDA:56,3,0,0
BRDA:56,3,1,0
BRDA:78,4,0,0
BRDA:78,4,1,0
BRDA:117,5,0,0
BRDA:117,5,1,0
BRDA:138,6,0,0
BRDA:138,6,1,0
BRDA:138,7,0,0
BRDA:138,7,1,0
BRDA:147,8,0,0
BRDA:147,8,1,0
BRDA:169,9,0,0
BRDA:169,9,1,0
BRDA:169,10,0,0
BRDA:169,10,1,0
BRDA:178,11,0,0
BRDA:178,11,1,0
BRDA:189,12,0,0
BRDA:189,12,1,0
BRDA:189,13,0,0
BRDA:189,13,1,0
BRDA:189,13,2,0
BRDA:198,14,0,0
BRDA:198,14,1,0
BRDA:208,15,0,0
BRDA:208,15,1,0
BRDA:208,16,0,0
BRDA:208,16,1,0
BRDA:217,17,0,0
BRDA:217,17,1,0
BRDA:232,18,0,0
BRDA:232,18,1,0
BRDA:237,19,0,0
BRDA:237,19,1,0
BRDA:238,20,0,0
BRDA:238,20,1,0
BRDA:240,21,0,0
BRDA:240,21,1,0
BRDA:240,22,0,0
BRDA:240,22,1,0
BRDA:244,23,0,0
BRDA:244,23,1,0
BRDA:247,24,0,0
BRDA:247,24,1,0
BRDA:247,25,0,0
BRDA:247,25,1,0
BRDA:250,26,0,0
BRDA:250,26,1,0
BRDA:256,27,0,0
BRDA:256,27,1,0
BRDA:258,28,0,0
BRDA:258,28,1,0
BRDA:258,29,0,0
BRDA:258,29,1,0
BRDA:270,30,0,0
BRDA:270,30,1,0
BRDA:270,31,0,0
BRDA:270,31,1,0
BRDA:271,32,0,0
BRDA:271,32,1,0
BRDA:271,33,0,0
BRDA:271,33,1,0
BRDA:272,34,0,0
BRDA:272,34,1,0
BRDA:272,35,0,0
BRDA:272,35,1,0
BRDA:287,36,0,0
BRDA:287,36,1,0
BRDA:301,37,0,0
BRDA:301,37,1,0
BRDA:303,38,0,0
BRDA:303,38,1,0
BRDA:308,39,0,0
BRDA:308,39,1,0
BRDA:309,40,0,0
BRDA:309,40,1,0
BRDA:309,41,0,0
BRDA:309,41,1,0
BRDA:325,42,0,0
BRDA:325,42,1,0
BRDA:326,43,0,0
BRDA:326,43,1,0
BRDA:330,44,0,0
BRDA:330,44,1,0
BRDA:330,45,0,0
BRDA:330,45,1,0
BRDA:332,46,0,0
BRDA:332,46,1,0
BRDA:348,47,0,0
BRDA:348,47,1,0
BRDA:352,48,0,0
BRDA:352,48,1,0
BRDA:369,49,0,0
BRDA:369,49,1,0
BRDA:381,50,0,0
BRDA:381,50,1,0
BRDA:386,51,0,0
BRDA:386,51,1,0
BRDA:397,52,0,0
BRDA:397,52,1,0
BRDA:408,53,0,0
BRDA:408,53,1,0
BRDA:409,54,0,0
BRDA:409,54,1,0
BRDA:415,55,0,0
BRDA:415,55,1,0
BRDA:452,56,0,0
BRDA:452,56,1,0
BRDA:460,57,0,0
BRDA:460,57,1,0
BRDA:467,58,0,0
BRDA:467,58,1,0
BRDA:469,59,0,0
BRDA:469,59,1,0
BRDA:475,60,0,0
BRDA:475,60,1,0
BRDA:513,61,0,0
BRDA:513,61,1,0
BRF:125
BRH:0
end_of_record
TN:
SF:static/js/theme-toggle.js
FN:6,(anonymous_0)
FN:22,initTheme
FN:39,(anonymous_2)
FN:50,applyTheme
FN:75,createThemeToggle
FN:149,cycleTheme
FN:169,updateToggleIcon
FN:194,addToggleStyles
FN:267,(anonymous_8)
FN:274,(anonymous_9)
FNF:10
FNH:0
FNDA:0,(anonymous_0)
FNDA:0,initTheme
FNDA:0,(anonymous_2)
FNDA:0,applyTheme
FNDA:0,createThemeToggle
FNDA:0,cycleTheme
FNDA:0,updateToggleIcon
FNDA:0,addToggleStyles
FNDA:0,(anonymous_8)
FNDA:0,(anonymous_9)
DA:6,0
DA:10,0
DA:11,0
DA:12,0
DA:13,0
DA:16,0
DA:17,0
DA:24,0
DA:27,0
DA:28,0
DA:29,0
DA:33,0
DA:36,0
DA:39,0
DA:40,0
DA:41,0
DA:42,0
DA:53,0
DA:54,0
DA:56,0
DA:60,0
DA:63,0
DA:66,0
DA:69,0
DA:77,0
DA:78,0
DA:82,0
DA:85,0
DA:87,0
DA:88,0
DA:89,0
DA:91,0
DA:92,0
DA:96,0
DA:97,0
DA:98,0
DA:99,0
DA:131,0
DA:132,0
DA:133,0
DA:135,0
DA:139,0
DA:140,0
DA:143,0
DA:151,0
DA:152,0
DA:153,0
DA:154,0
DA:156,0
DA:160,0
DA:163,0
DA:170,0
DA:171,0
DA:172,0
DA:174,0
DA:177,0
DA:178,0
DA:179,0
DA:182,0
DA:183,0
DA:184,0
DA:185,0
DA:187,0
DA:195,0
DA:196,0
DA:199,0
DA:200,0
DA:201,0
DA:259,0
DA:260,0
DA:267,0
DA:268,0
DA:274,0
DA:275,0
DA:276,0
DA:277,0
DA:278,0
DA:283,0
DA:284,0
DA:286,0
LF:80
LH:0
BRDA:28,0,0,0
BRDA:28,0,1,0
BRDA:28,1,0,0
BRDA:28,1,1,0
BRDA:41,2,0,0
BRDA:41,2,1,0
BRDA:53,3,0,0
BRDA:53,3,1,0
BRDA:54,4,0,0
BRDA:54,4,1,0
BRDA:77,5,0,0
BRDA:77,5,1,0
BRDA:82,6,0,0
BRDA:82,6,1,0
BRDA:85,7,0,0
BRDA:85,7,1,0
BRDA:87,8,0,0
BRDA:87,8,1,0
BRDA:132,9,0,0
BRDA:132,9,1,0
BRDA:151,10,0,0
BRDA:151,10,1,0
BRDA:153,11,0,0
BRDA:153,11,1,0
BRDA:174,12,0,0
BRDA:174,12,1,0
BRDA:174,13,0,0
BRDA:174,13,1,0
BRDA:174,13,2,0
BRDA:182,14,0,0
BRDA:182,14,1,0
BRDA:184,15,0,0
BRDA:184,15,1,0
BRDA:195,16,0,0
BRDA:195,16,1,0
BRDA:259,17,0,0
BRDA:259,17,1,0
BRDA:275,18,0,0
BRDA:275,18,1,0
BRDA:283,19,0,0
BRDA:283,19,1,0
BRF:41
BRH:0
end_of_record
TN:
SF:static/js/timezone-utils.js
FN:6,(anonymous_0)
FN:39,normalizeTimezone
FN:59,parseConferenceDate
FN:145,formatConferenceDate
FN:182,getTimezoneDisplay
FN:208,getTimeRemaining
FN:242,isValidTimezone
FN:265,getUserTimezone
FNF:8
FNH:0
FNDA:0,(anonymous_0)
FNDA:0,normalizeTimezone
FNDA:0,parseConferenceDate
FNDA:0,formatConferenceDate
FNDA:0,getTimezoneDisplay
FNDA:0,getTimeRemaining
FNDA:0,isValidTimezone
FNDA:0,getUserTimezone
DA:6,0
DA:10,0
DA:13,0
DA:40,0
DA:41,0
DA:45,0
DA:46,0
DA:50,0
DA:60,0
DA:70,0
DA:71,0
DA:72,0
DA:76,0
DA:77,0
DA:79,0
DA:80,0
DA:81,0
DA:84,0
DA:87,0
DA:88,0
DA:90,0
DA:91,0
DA:92,0
DA:97,0
DA:98,0
DA:102,0
DA:103,0
DA:104,0
DA:105,0
DA:106,0
DA:110,0
DA:111,0
DA:112,0
DA:113,0
DA:115,0
DA:116,0
DA:121,0
DA:123,0
DA:124,0
DA:125,0
DA:126,0
DA:128,0
DA:132,0
DA:133,0
DA:136,0
DA:146,0
DA:147,0
DA:150,0
DA:151,0
DA:152,0
DA:154,0
DA:156,0
DA:158,0
DA:160,0
DA:162,0
DA:164,0
DA:166,0
DA:168,0
DA:171,0
DA:174,0
DA:183,0
DA:185,0
DA:186,0
DA:187,0
DA:188,0
DA:190,0
DA:191,0
DA:192,0
DA:193,0
DA:196,0
DA:200,0
DA:209,0
DA:210,0
DA:213,0
DA:214,0
DA:215,0
DA:217,0
DA:218,0
DA:221,0
DA:222,0
DA:223,0
DA:224,0
DA:226,0
DA:243,0
DA:245,0
DA:247,0
DA:248,0
DA:249,0
DA:250,0
DA:251,0
DA:253,0
DA:258,0
DA:266,0
DA:267,0
DA:271,0
DA:272,0
DA:274,0
DA:279,0
LF:98
LH:0
BRDA:40,0,0,0
BRDA:40,0,1,0
BRDA:45,1,0,0
BRDA:45,1,1,0
BRDA:70,2,0,0
BRDA:70,2,1,0
BRDA:70,3,0,0
BRDA:70,3,1,0
BRDA:70,3,2,0
BRDA:70,3,3,0
BRDA:71,4,0,0
BRDA:71,4,1,0
BRDA:80,5,0,0
BRDA:80,5,1,0
BRDA:87,6,0,0
BRDA:87,6,1,0
BRDA:90,7,0,0
BRDA:90,7,1,0
BRDA:97,8,0,0
BRDA:97,8,1,0
BRDA:102,9,0,0
BRDA:102,9,1,0
BRDA:104,10,0,0
BRDA:104,10,1,0
BRDA:110,11,0,0
BRDA:110,11,1,0
BRDA:123,12,0,0
BRDA:123,12,1,0
BRDA:145,13,0,0
BRDA:146,14,0,0
BRDA:146,14,1,0
BRDA:147,15,0,0
BRDA:147,15,1,0
BRDA:151,16,0,0
BRDA:151,16,1,0
BRDA:151,17,0,0
BRDA:151,17,1,0
BRDA:154,18,0,0
BRDA:154,18,1,0
BRDA:154,18,2,0
BRDA:154,18,3,0
BRDA:154,18,4,0
BRDA:166,19,0,0
BRDA:166,19,1,0
BRDA:174,20,0,0
BRDA:174,20,1,0
BRDA:185,21,0,0
BRDA:185,21,1,0
BRDA:190,22,0,0
BRDA:190,22,1,0
BRDA:200,23,0,0
BRDA:200,23,1,0
BRDA:209,24,0,0
BRDA:209,24,1,0
BRDA:217,25,0,0
BRDA:217,25,1,0
BRDA:243,26,0,0
BRDA:243,26,1,0
BRDA:247,27,0,0
BRDA:247,27,1,0
BRDA:258,28,0,0
BRDA:258,28,1,0
BRDA:266,29,0,0
BRDA:266,29,1,0
BRF:64
BRH:0
end_of_record
